 ---------------------------------------------------------------
 Surface Forces (referred to Sref,Cref,Bref about Xref,Yref,Zref)
 Standard axis orientation,  X fwd, Z down         

     Sref =  0.1910       Cref =    0.1110   Bref =    1.8000
     Xref =     -0.1059   Yref =    0.0000   Zref =    0.0000

 n      Area      CL      CD      Cm      CY      Cn      Cl     CDi     CDv
 1     0.095  0.3537  0.0096 -0.4911  0.0002 -0.0003 -0.0770  0.0056  0.0040   Wing
 2     0.095  0.3537  0.0096 -0.4911 -0.0002  0.0003  0.0770  0.0056  0.0040   Wing (YDUP)
 3     0.094 -0.0000  0.0034  0.0090 -0.0000  0.0000 -0.0000  0.0000  0.0034   Quilha
 4     0.009  0.0386  0.0022  0.4866 -0.0000  0.0001 -0.0017  0.0015  0.0007   Canard
 5     0.009  0.0386  0.0022  0.4866  0.0000 -0.0001  0.0017  0.0015  0.0007   Canard (YDUP)
 6     0.018  0.0000 -0.0000 -0.0000  0.0000  0.0000  0.0000 -0.0000  0.0000   Leme

 Surface Forces (referred to Ssurf, Cave about root LE on hinge axis)

   n     Ssurf      Cave       cl       cd      cdv    cm_LE
   1     0.095     0.106   0.7083   0.0192   0.0081   0.0000  Wing
   2     0.095     0.106   0.7083   0.0192   0.0081   0.0000  Wing (YDUP)
   3     0.094     0.187   0.0000   0.0070   0.0070   0.0000  Quilha
   4     0.009     0.051   0.8165   0.0460   0.0153   0.0000  Canard
   5     0.009     0.051   0.8165   0.0460   0.0153   0.0000  Canard (YDUP)
   6     0.018     0.060  -0.0000  -0.0000   0.0000   0.0000  Leme
 ---------------------------------------------------------------
