 ---------------------------------------------------------------
 Surface Forces (referred to Sref,Cref,Bref about Xref,Yref,Zref)
 Standard axis orientation,  X fwd, Z down         

     Sref =  0.1910       Cref =    0.1110   Bref =    1.8000
     Xref =     -0.1776   Yref =    0.0000   Zref =    0.0000

 n      Area      CL      CD      Cm      CY      Cn      Cl     CDi     CDv
 1     0.095  0.1480  0.0046 -0.3224  0.0006  0.0024 -0.0325  0.0011  0.0035   Wing
 2     0.095  0.1480  0.0046 -0.3224 -0.0006 -0.0024  0.0325  0.0011  0.0035   Wing (YDUP)
 3     0.094  0.0000  0.0034  0.0098  0.0000 -0.0000  0.0000  0.0000  0.0034   Quilha
 4     0.009  0.0264  0.0014  0.3175  0.0000  0.0001 -0.0012  0.0007  0.0007   Canard
 5     0.009  0.0264  0.0014  0.3175 -0.0000 -0.0001  0.0012  0.0007  0.0007   Canard (YDUP)
 6     0.018 -0.0000 -0.0000 -0.0000  0.0000  0.0000  0.0000 -0.0000  0.0000   Leme

 Surface Forces (referred to Ssurf, Cave about root LE on hinge axis)

   n     Ssurf      Cave       cl       cd      cdv    cm_LE
   1     0.095     0.106   0.2964   0.0091   0.0070   0.0000  Wing
   2     0.095     0.106   0.2964   0.0091   0.0070   0.0000  Wing (YDUP)
   3     0.094     0.187  -0.0000   0.0070   0.0070   0.0000  Quilha
   4     0.009     0.051   0.5576   0.0293   0.0148   0.0000  Canard
   5     0.009     0.051   0.5576   0.0293   0.0148   0.0000  Canard (YDUP)
   6     0.018     0.060  -0.0000  -0.0000   0.0000   0.0000  Leme
 ---------------------------------------------------------------
