 ---------------------------------------------------------------
 Surface Forces (referred to Sref,Cref,Bref about Xref,Yref,Zref)
 Standard axis orientation,  X fwd, Z down         

     Sref =  0.1910       Cref =    0.1110   Bref =    1.8000
     Xref =     -0.1258   Yref =    0.0000   Zref =    0.0000

 n      Area      CL      CD      Cm      CY      Cn      Cl     CDi     CDv
 1     0.095  0.2968  0.0077 -0.4714  0.0005  0.0010 -0.0648  0.0040  0.0037   Wing
 2     0.095  0.2968  0.0077 -0.4714 -0.0005 -0.0010  0.0648  0.0040  0.0037   Wing (YDUP)
 3     0.094  0.0000  0.0034  0.0092  0.0000 -0.0000 -0.0000  0.0000  0.0034   Quilha
 4     0.009  0.0375  0.0021  0.4668 -0.0000  0.0001 -0.0017  0.0014  0.0007   Canard
 5     0.009  0.0375  0.0021  0.4668  0.0000 -0.0001  0.0017  0.0014  0.0007   Canard (YDUP)
 6     0.018 -0.0000  0.0000  0.0000  0.0000  0.0000  0.0000  0.0000  0.0000   Leme

 Surface Forces (referred to Ssurf, Cave about root LE on hinge axis)

   n     Ssurf      Cave       cl       cd      cdv    cm_LE
   1     0.095     0.106   0.5944   0.0154   0.0074   0.0000  Wing
   2     0.095     0.106   0.5944   0.0154   0.0074   0.0000  Wing (YDUP)
   3     0.094     0.187  -0.0000   0.0070   0.0070   0.0000  Quilha
   4     0.009     0.051   0.7924   0.0442   0.0152   0.0000  Canard
   5     0.009     0.051   0.7924   0.0442   0.0152   0.0000  Canard (YDUP)
   6     0.018     0.060  -0.0000   0.0000   0.0000   0.0000  Leme
 ---------------------------------------------------------------
