 ---------------------------------------------------------------
 Surface Forces (referred to Sref,Cref,Bref about Xref,Yref,Zref)
 Standard axis orientation,  X fwd, Z down         

     Sref =  0.1910       Cref =    0.1110   Bref =    1.8000
     Xref =     -0.0794   Yref =    0.0000   Zref =    0.0000

 n      Area      CL      CD      Cm      CY      Cn      Cl     CDi     CDv
 1     0.095  0.4293  0.0126 -0.4850 -0.0004 -0.0027 -0.0931  0.0080  0.0046   Wing
 2     0.095  0.4293  0.0126 -0.4850  0.0004  0.0027  0.0931  0.0080  0.0046   Wing (YDUP)
 3     0.094  0.0000  0.0034  0.0088 -0.0000  0.0000 -0.0000  0.0000  0.0034   Quilha
 4     0.009  0.0376  0.0021  0.4806 -0.0000  0.0000 -0.0017  0.0014  0.0007   Canard
 5     0.009  0.0376  0.0021  0.4806  0.0000 -0.0000  0.0017  0.0014  0.0007   Canard (YDUP)
 6     0.018  0.0000 -0.0000 -0.0000  0.0000  0.0000  0.0000 -0.0000  0.0000   Leme

 Surface Forces (referred to Ssurf, Cave about root LE on hinge axis)

   n     Ssurf      Cave       cl       cd      cdv    cm_LE
   1     0.095     0.106   0.8596   0.0252   0.0093   0.0000  Wing
   2     0.095     0.106   0.8596   0.0252   0.0093   0.0000  Wing (YDUP)
   3     0.094     0.187   0.0000   0.0070   0.0070   0.0000  Quilha
   4     0.009     0.051   0.7953   0.0442   0.0152   0.0000  Canard
   5     0.009     0.051   0.7953   0.0442   0.0152   0.0000  Canard (YDUP)
   6     0.018     0.060  -0.0000  -0.0000   0.0000   0.0000  Leme
 ---------------------------------------------------------------
