 ---------------------------------------------------------------
 Surface Forces (referred to Sref,Cref,Bref about Xref,Yref,Zref)
 Standard axis orientation,  X fwd, Z down         

     Sref =  0.1910       Cref =    0.1110   Bref =    1.8000
     Xref =     -0.1630   Yref =    0.0000   Zref =    0.0000

 n      Area      CL      CD      Cm      CY      Cn      Cl     CDi     CDv
 1     0.095  0.1899  0.0051 -0.3786  0.0007  0.0023 -0.0416  0.0017  0.0034   Wing
 2     0.095  0.1899  0.0051 -0.3786 -0.0007 -0.0023  0.0416  0.0017  0.0034   Wing (YDUP)
 3     0.094 -0.0000  0.0034  0.0096  0.0000 -0.0000  0.0000  0.0000  0.0034   Quilha
 4     0.009  0.0307  0.0016  0.3738  0.0000  0.0001 -0.0014  0.0009  0.0007   Canard
 5     0.009  0.0307  0.0016  0.3738 -0.0000 -0.0001  0.0014  0.0009  0.0007   Canard (YDUP)
 6     0.018 -0.0000 -0.0000 -0.0000  0.0000  0.0000  0.0000 -0.0000  0.0000   Leme

 Surface Forces (referred to Ssurf, Cave about root LE on hinge axis)

   n     Ssurf      Cave       cl       cd      cdv    cm_LE
   1     0.095     0.106   0.3804   0.0103   0.0069   0.0000  Wing
   2     0.095     0.106   0.3804   0.0103   0.0069   0.0000  Wing (YDUP)
   3     0.094     0.187  -0.0000   0.0070   0.0070   0.0000  Quilha
   4     0.009     0.051   0.6498   0.0345   0.0149   0.0000  Canard
   5     0.009     0.051   0.6498   0.0345   0.0149   0.0000  Canard (YDUP)
   6     0.018     0.060  -0.0000  -0.0000   0.0000   0.0000  Leme
 ---------------------------------------------------------------
