 ---------------------------------------------------------------
 Surface Forces (referred to Sref,Cref,Bref about Xref,Yref,Zref)
 Standard axis orientation,  X fwd, Z down         

     Sref =  0.1910       Cref =    0.1110   Bref =    1.8000
     Xref =     -0.1533   Yref =    0.0000   Zref =    0.0000

 n      Area      CL      CD      Cm      CY      Cn      Cl     CDi     CDv
 1     0.095  0.2180  0.0057 -0.4100  0.0006  0.0021 -0.0477  0.0022  0.0035   Wing
 2     0.095  0.2180  0.0057 -0.4100 -0.0006 -0.0021  0.0477  0.0022  0.0035   Wing (YDUP)
 3     0.094  0.0000  0.0034  0.0095  0.0000 -0.0000  0.0000  0.0000  0.0034   Quilha
 4     0.009  0.0331  0.0018  0.4052  0.0000  0.0001 -0.0015  0.0011  0.0007   Canard
 5     0.009  0.0331  0.0018  0.4052 -0.0000 -0.0001  0.0015  0.0011  0.0007   Canard (YDUP)
 6     0.018 -0.0000 -0.0000 -0.0000  0.0000  0.0000  0.0000 -0.0000  0.0000   Leme

 Surface Forces (referred to Ssurf, Cave about root LE on hinge axis)

   n     Ssurf      Cave       cl       cd      cdv    cm_LE
   1     0.095     0.106   0.4365   0.0114   0.0070   0.0000  Wing
   2     0.095     0.106   0.4365   0.0114   0.0070   0.0000  Wing (YDUP)
   3     0.094     0.187  -0.0000   0.0070   0.0070   0.0000  Quilha
   4     0.009     0.051   0.6999   0.0377   0.0150   0.0000  Canard
   5     0.009     0.051   0.6999   0.0377   0.0150   0.0000  Canard (YDUP)
   6     0.018     0.060  -0.0000  -0.0000   0.0000   0.0000  Leme
 ---------------------------------------------------------------
