 ---------------------------------------------------------------
 Vortex Lattice Output -- Total Forces

 Configuration: Nemo Human Powered Hydrofoil. Wing (1.80 x 17)              
     # Surfaces =   6
     # Strips   = 102
     # Vortices =1476

  Sref = 0.19100       Cref = 0.11100       Bref =  1.8000    
  Xref =-0.16302       Yref =  0.0000       Zref =  0.0000    

 Standard axis orientation,  X fwd, Z down         

 Run case: V=4.8                                   

  Alpha =  -1.76439     pb/2V =  -0.00000     p'b/2V =  -0.00000
  Beta  =   0.00000     qc/2V =   0.00000
  Mach  =     0.000     rb/2V =  -0.00000     r'b/2V =  -0.00000

  CXtot =  -0.03056     Cltot =  -0.00000     Cl'tot =  -0.00000
  CYtot =   0.00000     Cmtot =   0.00000
  CZtot =  -0.44059     Cntot =   0.00000     Cn'tot =   0.00000

  CLtot =   0.44132
  CDtot =   0.01698
  CDvis =   0.01173     CDind =   0.00525
  CLff  =   0.44113     CDff  =   0.00525    | Trefftz
  CYff  =   0.00000         e =    0.6957    | Plane  

   elevator        =   6.80751
   rudder          =   0.00000

   winc            =   2.50000
   keelmiss        =   0.00000
 ---------------------------------------------------------------

 Stability-axis derivatives...

                             alpha                beta
                  ----------------    ----------------
 z' force CL |    CLa =   5.794205    CLb =   0.000000
 y  force CY |    CYa =  -0.000000    CYb =  -1.638397
 x' mom.  Cl'|    Cla =   0.000000    Clb =  -0.246021
 y  mom.  Cm |    Cma =  -4.865983    Cmb =  -0.000000
 z' mom.  Cn'|    Cna =   0.000000    Cnb =  -0.055392

                     roll rate  p'      pitch rate  q'        yaw rate  r'
                  ----------------    ----------------    ----------------
 z' force CL |    CLp =   0.000000    CLq =  16.560378    CLr =  -0.000000
 y  force CY |    CYp =  -0.429622    CYq =  -0.000000    CYr =   0.529453
 x' mom.  Cl'|    Clp =  -0.708710    Clq =   0.000000    Clr =   0.198048
 y  mom.  Cm |    Cmp =  -0.000000    Cmq =-168.790576    Cmr =   0.000000
 z' mom.  Cn'|    Cnp =  -0.091744    Cnq =  -0.000000    Cnr =  -0.648986

                  elevator     d1     rudder       d2 
                  ----------------    ----------------
 z' force CL |   CLd1 =   0.005899   CLd2 =  -0.000000
 y  force CY |   CYd1 =   0.000000   CYd2 =  -0.001891
 x' mom.  Cl'|   Cld1 =   0.000000   Cld2 =  -0.000258
 y  mom.  Cm |   Cmd1 =   0.086383   Cmd2 =  -0.000000
 z' mom.  Cn'|   Cnd1 =   0.000000   Cnd2 =  -0.004790
 Trefftz drag| CDffd1 =   0.000474 CDffd2 =   0.000000
 span eff.   |    ed1 =  -0.044178    ed2 =  -0.000000



                  winc         g1     keelmiss     g2 
                  ----------------    ----------------
 z' force CL |   CLg1 =   0.095217   CLg2 =  -0.000000
 y  force CY |   CYg1 =   0.000000   CYg2 =  -0.025915
 x' mom.  Cl'|   Clg1 =   0.000000   Clg2 =  -0.003959
 y  mom.  Cm |   Cmg1 =  -0.170438   Cmg2 =  -0.000000
 z' mom.  Cn'|   Cng1 =   0.000000   Cng2 =   0.005081
 Trefftz drag| CDffg1 =   0.001551 CDffg2 =  -0.000000
 span eff.   |    eg1 =   0.095266    eg2 =   0.000000



 Neutral point  Xnp =  -0.069802

 Clb Cnr / Clr Cnb  = -14.554401    (  > 1 if spirally stable )
