 ---------------------------------------------------------------
 Vortex Lattice Output -- Total Forces

 Configuration: Nemo Human Powered Hydrofoil. Wing (1.80 x 17)              
     # Surfaces =   6
     # Strips   = 102
     # Vortices =1476

  Sref = 0.19100       Cref = 0.11100       Bref =  1.8000    
  Xref =-0.18784       Yref =  0.0000       Zref =  0.0000    

 Standard axis orientation,  X fwd, Z down         

 Run case: V=6.0                                   

  Alpha =  -3.28955     pb/2V =  -0.00000     p'b/2V =  -0.00000
  Beta  =   0.00000     qc/2V =   0.00000
  Mach  =     0.000     rb/2V =  -0.00000     r'b/2V =  -0.00000

  CXtot =  -0.03103     Cltot =  -0.00000     Cl'tot =  -0.00000
  CYtot =   0.00000     Cmtot =   0.00000
  CZtot =  -0.28113     Cntot =   0.00000     Cn'tot =  -0.00000

  CLtot =   0.28245
  CDtot =   0.01485
  CDvis =   0.01247     CDind =   0.00238
  CLff  =   0.28229     CDff  =   0.00238    | Trefftz
  CYff  =   0.00000         e =    0.6272    | Plane  

   elevator        =   6.05774
   rudder          =   0.00000

   winc            =   2.50000
   keelmiss        =   0.00000
 ---------------------------------------------------------------

 Stability-axis derivatives...

                             alpha                beta
                  ----------------    ----------------
 z' force CL |    CLa =   5.807669    CLb =   0.000000
 y  force CY |    CYa =  -0.000000    CYb =  -1.630779
 x' mom.  Cl'|    Cla =   0.000000    Clb =  -0.243164
 y  mom.  Cm |    Cma =  -6.121844    Cmb =   0.000000
 z' mom.  Cn'|    Cna =   0.000000    Cnb =  -0.039418

                     roll rate  p'      pitch rate  q'        yaw rate  r'
                  ----------------    ----------------    ----------------
 z' force CL |    CLp =   0.000000    CLq =  19.233566    CLr =  -0.000000
 y  force CY |    CYp =  -0.451971    CYq =  -0.000000    CYr =   0.561656
 x' mom.  Cl'|    Clp =  -0.712882    Clq =  -0.000000    Clr =   0.186061
 y  mom.  Cm |    Cmp =  -0.000000    Cmq =-175.086527    Cmr =  -0.000000
 z' mom.  Cn'|    Cnp =  -0.064161    Cnq =   0.000000    Cnr =  -0.648755

                  elevator     d1     rudder       d2 
                  ----------------    ----------------
 z' force CL |   CLd1 =   0.005891   CLd2 =  -0.000000
 y  force CY |   CYd1 =   0.000000   CYd2 =  -0.001867
 x' mom.  Cl'|   Cld1 =   0.000000   Cld2 =  -0.000248
 y  mom.  Cm |   Cmd1 =   0.085274   Cmd2 =  -0.000000
 z' mom.  Cn'|   Cnd1 =   0.000000   Cnd2 =  -0.004731
 Trefftz drag| CDffd1 =   0.000344 CDffd2 =   0.000000
 span eff.   |    ed1 =  -0.064239    ed2 =  -0.000000



                  winc         g1     keelmiss     g2 
                  ----------------    ----------------
 z' force CL |   CLg1 =   0.095093   CLg2 =  -0.000000
 y  force CY |   CYg1 =   0.000000   CYg2 =  -0.025769
 x' mom.  Cl'|   Clg1 =   0.000000   Clg2 =  -0.003992
 y  mom.  Cm |   Cmg1 =  -0.191769   Cmg2 =   0.000000
 z' mom.  Cn'|   Cng1 =   0.000000   Cng2 =   0.005406
 Trefftz drag| CDffg1 =   0.000989 CDffg2 =  -0.000000
 span eff.   |    eg1 =   0.163967    eg2 =   0.000000



 Neutral point  Xnp =  -0.070835

 Clb Cnr / Clr Cnb  = -21.509481    (  > 1 if spirally stable )
