 ---------------------------------------------------------------
 Vortex Lattice Output -- Total Forces

 Configuration: Nemo Human Powered Hydrofoil. Wing (1.80 x 17)              
     # Surfaces =   6
     # Strips   = 102
     # Vortices =1476

  Sref = 0.19100       Cref = 0.11100       Bref =  1.8000    
  Xref =-0.18314       Yref =  0.0000       Zref =  0.0000    

 Standard axis orientation,  X fwd, Z down         

 Run case: V=5.7                                   

  Alpha =  -3.00042     pb/2V =  -0.00000     p'b/2V =  -0.00000
  Beta  =   0.00000     qc/2V =   0.00000
  Mach  =     0.000     rb/2V =  -0.00000     r'b/2V =  -0.00000

  CXtot =  -0.03133     Cltot =  -0.00000     Cl'tot =  -0.00000
  CYtot =   0.00000     Cmtot =   0.00000
  CZtot =  -0.31175     Cntot =   0.00000     Cn'tot =  -0.00000

  CLtot =   0.31296
  CDtot =   0.01497
  CDvis =   0.01211     CDind =   0.00286
  CLff  =   0.31279     CDff  =   0.00286    | Trefftz
  CYff  =   0.00000         e =    0.6415    | Plane  

   elevator        =   6.26201
   rudder          =   0.00000

   winc            =   2.50000
   keelmiss        =   0.00000
 ---------------------------------------------------------------

 Stability-axis derivatives...

                             alpha                beta
                  ----------------    ----------------
 z' force CL |    CLa =   5.805681    CLb =   0.000000
 y  force CY |    CYa =  -0.000000    CYb =  -1.632151
 x' mom.  Cl'|    Cla =   0.000000    Clb =  -0.243653
 y  mom.  Cm |    Cma =  -5.883078    Cmb =  -0.000000
 z' mom.  Cn'|    Cna =   0.000000    Cnb =  -0.042561

                     roll rate  p'      pitch rate  q'        yaw rate  r'
                  ----------------    ----------------    ----------------
 z' force CL |    CLp =   0.000000    CLq =  18.723207    CLr =  -0.000000
 y  force CY |    CYp =  -0.447607    CYq =   0.000000    CYr =   0.555549
 x' mom.  Cl'|    Clp =  -0.711991    Clq =  -0.000000    Clr =   0.188332
 y  mom.  Cm |    Cmp =  -0.000000    Cmq =-173.833951    Cmr =  -0.000000
 z' mom.  Cn'|    Cnp =  -0.068632    Cnq =  -0.000000    Cnr =  -0.648836

                  elevator     d1     rudder       d2 
                  ----------------    ----------------
 z' force CL |   CLd1 =   0.005893   CLd2 =  -0.000000
 y  force CY |   CYd1 =   0.000000   CYd2 =  -0.001873
 x' mom.  Cl'|   Cld1 =   0.000000   Cld2 =  -0.000250
 y  mom.  Cm |   Cmd1 =   0.085499   Cmd2 =  -0.000000
 z' mom.  Cn'|   Cnd1 =   0.000000   Cnd2 =  -0.004743
 Trefftz drag| CDffd1 =   0.000372 CDffd2 =  -0.000000
 span eff.   |    ed1 =  -0.059059    ed2 =   0.000000



                  winc         g1     keelmiss     g2 
                  ----------------    ----------------
 z' force CL |   CLg1 =   0.095123   CLg2 =  -0.000000
 y  force CY |   CYg1 =   0.000000   CYg2 =  -0.025800
 x' mom.  Cl'|   Clg1 =   0.000000   Clg2 =  -0.003986
 y  mom.  Cm |   Cmg1 =  -0.187729   Cmg2 =   0.000000
 z' mom.  Cn'|   Cng1 =   0.000000   Cng2 =   0.005344
 Trefftz drag| CDffg1 =   0.001096 CDffg2 =  -0.000000
 span eff.   |    eg1 =   0.145666    eg2 =   0.000000



 Neutral point  Xnp =  -0.070660

 Clb Cnr / Clr Cnb  = -19.722869    (  > 1 if spirally stable )
