 ---------------------------------------------------------------
 Vortex Lattice Output -- Total Forces

 Configuration: Nemo Human Powered Hydrofoil. Wing (1.80 x 17)              
     # Surfaces =   6
     # Strips   = 102
     # Vortices =1476

  Sref = 0.19100       Cref = 0.11100       Bref =  1.8000    
  Xref =-0.14114       Yref =  0.0000       Zref =  0.0000    

 Standard axis orientation,  X fwd, Z down         

 Run case: V=4.2                                   

  Alpha =  -0.42685     pb/2V =  -0.00000     p'b/2V =  -0.00000
  Beta  =   0.00000     qc/2V =   0.00000
  Mach  =     0.000     rb/2V =  -0.00000     r'b/2V =  -0.00000

  CXtot =  -0.02458     Cltot =  -0.00000     Cl'tot =  -0.00000
  CYtot =   0.00000     Cmtot =  -0.00000
  CZtot =  -0.57625     Cntot =   0.00000     Cn'tot =   0.00000

  CLtot =   0.57642
  CDtot =   0.02028
  CDvis =   0.01195     CDind =   0.00833
  CLff  =   0.57633     CDff  =   0.00833    | Trefftz
  CYff  =   0.00000         e =    0.7483    | Plane  

   elevator        =   6.81250
   rudder          =   0.00000

   winc            =   2.50000
   keelmiss        =   0.00000
 ---------------------------------------------------------------

 Stability-axis derivatives...

                             alpha                beta
                  ----------------    ----------------
 z' force CL |    CLa =   5.776755    CLb =  -0.000000
 y  force CY |    CYa =  -0.000000    CYb =  -1.644424
 x' mom.  Cl'|    Cla =   0.000000    Clb =  -0.249057
 y  mom.  Cm |    Cma =  -3.757040    Cmb =  -0.000000
 z' mom.  Cn'|    Cna =   0.000000    Cnb =  -0.068646

                     roll rate  p'      pitch rate  q'        yaw rate  r'
                  ----------------    ----------------    ----------------
 z' force CL |    CLp =   0.000000    CLq =  14.242422    CLr =  -0.000000
 y  force CY |    CYp =  -0.411343    CYq =  -0.000000    CYr =   0.500915
 x' mom.  Cl'|    Clp =  -0.705837    Clq =  -0.000000    Clr =   0.208580
 y  mom.  Cm |    Cmp =  -0.000000    Cmq =-163.859568    Cmr =  -0.000000
 z' mom.  Cn'|    Cnp =  -0.120431    Cnq =  -0.000000    Cnr =  -0.648067

                  elevator     d1     rudder       d2 
                  ----------------    ----------------
 z' force CL |   CLd1 =   0.005899   CLd2 =  -0.000000
 y  force CY |   CYd1 =   0.000000   CYd2 =  -0.001902
 x' mom.  Cl'|   Cld1 =   0.000000   Cld2 =  -0.000264
 y  mom.  Cm |   Cmd1 =   0.087223   Cmd2 =  -0.000000
 z' mom.  Cn'|   Cnd1 =   0.000000   Cnd2 =  -0.004830
 Trefftz drag| CDffd1 =   0.000556 CDffd2 =   0.000000
 span eff.   |    ed1 =  -0.034642    ed2 =  -0.000000



                  winc         g1     keelmiss     g2 
                  ----------------    ----------------
 z' force CL |   CLg1 =   0.095257   CLg2 =  -0.000000
 y  force CY |   CYg1 =   0.000000   CYg2 =  -0.026014
 x' mom.  Cl'|   Clg1 =   0.000000   Clg2 =  -0.003925
 y  mom.  Cm |   Cmg1 =  -0.151544   Cmg2 =   0.000000
 z' mom.  Cn'|   Cng1 =   0.000000   Cng2 =   0.004790
 Trefftz drag| CDffg1 =   0.002032 CDffg2 =  -0.000000
 span eff.   |    eg1 =   0.064873    eg2 =   0.000000



 Neutral point  Xnp =  -0.068949

 Clb Cnr / Clr Cnb  = -11.272823    (  > 1 if spirally stable )
