 ---------------------------------------------------------------
 Vortex Lattice Output -- Total Forces

 Configuration: Nemo Human Powered Hydrofoil. Wing (1.80 x 17)              
     # Surfaces =   6
     # Strips   = 102
     # Vortices =1476

  Sref = 0.19100       Cref = 0.11100       Bref =  1.8000    
  Xref =-0.79350E-01   Yref =  0.0000       Zref =  0.0000    

 Standard axis orientation,  X fwd, Z down         

 Run case: V=3.3                                   

  Alpha =   3.31895     pb/2V =  -0.00000     p'b/2V =  -0.00000
  Beta  =   0.00000     qc/2V =   0.00000
  Mach  =     0.000     rb/2V =  -0.00000     r'b/2V =  -0.00000

  CXtot =   0.02135     Cltot =  -0.00000     Cl'tot =  -0.00000
  CYtot =  -0.00000     Cmtot =  -0.00000
  CZtot =  -0.93404     Cntot =   0.00000     Cn'tot =   0.00000

  CLtot =   0.93371
  CDtot =   0.03276
  CDvis =   0.01411     CDind =   0.01866
  CLff  =   0.93476     CDff  =   0.01868    | Trefftz
  CYff  =  -0.00000         e =    0.8776    | Plane  

   elevator        =   3.70995
   rudder          =   0.00000

   winc            =   2.50000
   keelmiss        =   0.00000
 ---------------------------------------------------------------

 Stability-axis derivatives...

                             alpha                beta
                  ----------------    ----------------
 z' force CL |    CLa =   5.704613    CLb =  -0.000000
 y  force CY |    CYa =  -0.000000    CYb =  -1.655396
 x' mom.  Cl'|    Cla =   0.000000    Clb =  -0.259985
 y  mom.  Cm |    Cma =  -0.584002    Cmb =  -0.000000
 z' mom.  Cn'|    Cna =   0.000000    Cnb =  -0.103543

                     roll rate  p'      pitch rate  q'        yaw rate  r'
                  ----------------    ----------------    ----------------
 z' force CL |    CLp =   0.000000    CLq =   7.859356    CLr =  -0.000000
 y  force CY |    CYp =  -0.366681    CYq =  -0.000000    CYr =   0.419968
 x' mom.  Cl'|    Clp =  -0.700913    Clq =  -0.000000    Clr =   0.238631
 y  mom.  Cm |    Cmp =  -0.000000    Cmq =-152.910904    Cmr =  -0.000000
 z' mom.  Cn'|    Cnp =  -0.199375    Cnq =  -0.000000    Cnr =  -0.640605

                  elevator     d1     rudder       d2 
                  ----------------    ----------------
 z' force CL |   CLd1 =   0.005882   CLd2 =  -0.000000
 y  force CY |   CYd1 =   0.000000   CYd2 =  -0.001879
 x' mom.  Cl'|   Cld1 =   0.000000   Cld2 =  -0.000272
 y  mom.  Cm |   Cmd1 =   0.088869   Cmd2 =   0.000000
 z' mom.  Cn'|   Cnd1 =   0.000000   Cnd2 =  -0.004882
 Trefftz drag| CDffd1 =   0.000636 CDffd2 =   0.000000
 span eff.   |    ed1 =  -0.018873    ed2 =  -0.000000



                  winc         g1     keelmiss     g2 
                  ----------------    ----------------
 z' force CL |   CLg1 =   0.095034   CLg2 =  -0.000000
 y  force CY |   CYg1 =   0.000000   CYg2 =  -0.026146
 x' mom.  Cl'|   Clg1 =   0.000000   Clg2 =  -0.003809
 y  mom.  Cm |   Cmg1 =  -0.097774   Cmg2 =  -0.000000
 z' mom.  Cn'|   Cng1 =  -0.000000   Cng2 =   0.003933
 Trefftz drag| CDffg1 =   0.003314 CDffg2 =  -0.000000
 span eff.   |    eg1 =   0.022297    eg2 =   0.000000



 Neutral point  Xnp =  -0.067987

 Clb Cnr / Clr Cnb  =  -6.740507    (  > 1 if spirally stable )
