 ---------------------------------------------------------------
 Vortex Lattice Output -- Total Forces

 Configuration: Nemo Human Powered Hydrofoil. Wing (1.80 x 17)              
     # Surfaces =   6
     # Strips   = 102
     # Vortices =1476

  Sref = 0.19100       Cref = 0.11100       Bref =  1.8000    
  Xref =-0.10588       Yref =  0.0000       Zref =  0.0000    

 Standard axis orientation,  X fwd, Z down         

 Run case: V=3.6                                   

  Alpha =   1.71562     pb/2V =  -0.00000     p'b/2V =  -0.00000
  Beta  =   0.00000     qc/2V =   0.00000
  Mach  =     0.000     rb/2V =  -0.00000     r'b/2V =  -0.00000

  CXtot =  -0.00342     Cltot =  -0.00000     Cl'tot =  -0.00000
  CYtot =   0.00000     Cmtot =  -0.00000
  CZtot =  -0.78503     Cntot =   0.00000     Cn'tot =   0.00000

  CLtot =   0.78457
  CDtot =   0.02692
  CDvis =   0.01292     CDind =   0.01400
  CLff  =   0.78496     CDff  =   0.01400    | Trefftz
  CYff  =   0.00000         e =    0.8257    | Plane  

   elevator        =   5.59015
   rudder          =   0.00000

   winc            =   2.50000
   keelmiss        =   0.00000
 ---------------------------------------------------------------

 Stability-axis derivatives...

                             alpha                beta
                  ----------------    ----------------
 z' force CL |    CLa =   5.739277    CLb =   0.000000
 y  force CY |    CYa =  -0.000000    CYb =  -1.651768
 x' mom.  Cl'|    Cla =  -0.000000    Clb =  -0.254890
 y  mom.  Cm |    Cma =  -1.953997    Cmb =   0.000000
 z' mom.  Cn'|    Cna =   0.000000    Cnb =  -0.089047

                     roll rate  p'      pitch rate  q'        yaw rate  r'
                  ----------------    ----------------    ----------------
 z' force CL |    CLp =   0.000000    CLq =  10.572805    CLr =  -0.000000
 y  force CY |    CYp =  -0.384625    CYq =   0.000000    CYr =   0.454704
 x' mom.  Cl'|    Clp =  -0.702486    Clq =  -0.000000    Clr =   0.225619
 y  mom.  Cm |    Cmp =  -0.000000    Cmq =-157.069546    Cmr =  -0.000000
 z' mom.  Cn'|    Cnp =  -0.165948    Cnq =  -0.000000    Cnr =  -0.644685

                  elevator     d1     rudder       d2 
                  ----------------    ----------------
 z' force CL |   CLd1 =   0.005892   CLd2 =  -0.000000
 y  force CY |   CYd1 =   0.000000   CYd2 =  -0.001898
 x' mom.  Cl'|   Cld1 =   0.000000   Cld2 =  -0.000270
 y  mom.  Cm |   Cmd1 =   0.088294   Cmd2 =  -0.000000
 z' mom.  Cn'|   Cnd1 =   0.000000   Cnd2 =  -0.004870
 Trefftz drag| CDffd1 =   0.000628 CDffd2 =   0.000000
 span eff.   |    ed1 =  -0.024675    ed2 =  -0.000000



                  winc         g1     keelmiss     g2 
                  ----------------    ----------------
 z' force CL |   CLg1 =   0.095189   CLg2 =  -0.000000
 y  force CY |   CYg1 =   0.000000   CYg2 =  -0.026116
 x' mom.  Cl'|   Clg1 =   0.000000   Clg2 =  -0.003863
 y  mom.  Cm |   Cmg1 =  -0.120888   Cmg2 =   0.000000
 z' mom.  Cn'|   Cng1 =  -0.000000   Cng2 =   0.004306
 Trefftz drag| CDffg1 =   0.002778 CDffg2 =  -0.000000
 span eff.   |    eg1 =   0.036162    eg2 =  -0.000000



 Neutral point  Xnp =  -0.068089

 Clb Cnr / Clr Cnb  =  -8.179112    (  > 1 if spirally stable )
