 ---------------------------------------------------------------
 Vortex Lattice Output -- Total Forces

 Configuration: Nemo Human Powered Hydrofoil. Wing (1.80 x 17)              
     # Surfaces =   6
     # Strips   = 102
     # Vortices =1476

  Sref = 0.19100       Cref = 0.11100       Bref =  1.8000    
  Xref =-0.12578       Yref =  0.0000       Zref =  0.0000    

 Standard axis orientation,  X fwd, Z down         

 Run case: V=3.9                                   

  Alpha =   0.50818     pb/2V =  -0.00000     p'b/2V =  -0.00000
  Beta  =   0.00000     qc/2V =   0.00000
  Mach  =     0.000     rb/2V =  -0.00000     r'b/2V =  -0.00000

  CXtot =  -0.01707     Cltot =  -0.00000     Cl'tot =  -0.00000
  CYtot =   0.00000     Cmtot =  -0.00000
  CZtot =  -0.66869     Cntot =   0.00000     Cn'tot =   0.00000

  CLtot =   0.66851
  CDtot =   0.02300
  CDvis =   0.01228     CDind =   0.01072
  CLff  =   0.66858     CDff  =   0.01071    | Trefftz
  CYff  =   0.00000         e =    0.7830    | Plane  

   elevator        =   6.46286
   rudder          =   0.00000

   winc            =   2.50000
   keelmiss        =   0.00000
 ---------------------------------------------------------------

 Stability-axis derivatives...

                             alpha                beta
                  ----------------    ----------------
 z' force CL |    CLa =   5.761747    CLb =   0.000000
 y  force CY |    CYa =  -0.000000    CYb =  -1.647979
 x' mom.  Cl'|    Cla =   0.000000    Clb =  -0.251460
 y  mom.  Cm |    Cma =  -2.974054    Cmb =  -0.000000
 z' mom.  Cn'|    Cna =  -0.000000    Cnb =  -0.077686

                     roll rate  p'      pitch rate  q'        yaw rate  r'
                  ----------------    ----------------    ----------------
 z' force CL |    CLp =   0.000000    CLq =  12.634368    CLr =  -0.000000
 y  force CY |    CYp =  -0.399296    CYq =  -0.000000    CYr =   0.480798
 x' mom.  Cl'|    Clp =  -0.704190    Clq =   0.000000    Clr =   0.215980
 y  mom.  Cm |    Cmp =  -0.000000    Cmq =-160.725011    Cmr =   0.000000
 z' mom.  Cn'|    Cnp =  -0.140374    Cnq =  -0.000000    Cnr =  -0.646885

                  elevator     d1     rudder       d2 
                  ----------------    ----------------
 z' force CL |   CLd1 =   0.005897   CLd2 =  -0.000000
 y  force CY |   CYd1 =   0.000000   CYd2 =  -0.001903
 x' mom.  Cl'|   Cld1 =   0.000000   Cld2 =  -0.000267
 y  mom.  Cm |   Cmd1 =   0.087732   Cmd2 =  -0.000000
 z' mom.  Cn'|   Cnd1 =   0.000000   Cnd2 =  -0.004851
 Trefftz drag| CDffd1 =   0.000597 CDffd2 =   0.000000
 span eff.   |    ed1 =  -0.029801    ed2 =  -0.000000



                  winc         g1     keelmiss     g2 
                  ----------------    ----------------
 z' force CL |   CLg1 =   0.095247   CLg2 =  -0.000000
 y  force CY |   CYg1 =   0.000000   CYg2 =  -0.026067
 x' mom.  Cl'|   Clg1 =   0.000000   Clg2 =  -0.003899
 y  mom.  Cm |   Cmg1 =  -0.138211   Cmg2 =   0.000000
 z' mom.  Cn'|   Cng1 =   0.000000   Cng2 =   0.004581
 Trefftz drag| CDffg1 =   0.002362 CDffg2 =  -0.000000
 span eff.   |    eg1 =   0.050363    eg2 =   0.000000



 Neutral point  Xnp =  -0.068485

 Clb Cnr / Clr Cnb  =  -9.694850    (  > 1 if spirally stable )
