 ---------------------------------------------------------------
 Vortex Lattice Output -- Total Forces

 Configuration: Nemo Human Powered Hydrofoil. Wing (1.80 x 17)              
     # Surfaces =   6
     # Strips   = 102
     # Vortices =1476

  Sref = 0.19100       Cref = 0.11100       Bref =  1.8000    
  Xref =-0.15327       Yref =  0.0000       Zref =  0.0000    

 Standard axis orientation,  X fwd, Z down         

 Run case: V=4.5                                   

  Alpha =  -1.16725     pb/2V =  -0.00000     p'b/2V =  -0.00000
  Beta  =   0.00000     qc/2V =   0.00000
  Mach  =     0.000     rb/2V =  -0.00000     r'b/2V =  -0.00000

  CXtot =  -0.02858     Cltot =  -0.00000     Cl'tot =  -0.00000
  CYtot =   0.00000     Cmtot =  -0.00000
  CZtot =  -0.50165     Cntot =   0.00000     Cn'tot =   0.00000

  CLtot =   0.50213
  CDtot =   0.01836
  CDvis =   0.01179     CDind =   0.00657
  CLff  =   0.50197     CDff  =   0.00657    | Trefftz
  CYff  =   0.00000         e =    0.7197    | Plane  

   elevator        =   6.88418
   rudder          =   0.00000

   winc            =   2.50000
   keelmiss        =   0.00000
 ---------------------------------------------------------------

 Stability-axis derivatives...

                             alpha                beta
                  ----------------    ----------------
 z' force CL |    CLa =   5.787027    CLb =  -0.000000
 y  force CY |    CYa =  -0.000000    CYb =  -1.641222
 x' mom.  Cl'|    Cla =   0.000000    Clb =  -0.247317
 y  mom.  Cm |    Cma =  -4.372740    Cmb =  -0.000000
 z' mom.  Cn'|    Cna =   0.000000    Cnb =  -0.061349

                     roll rate  p'      pitch rate  q'        yaw rate  r'
                  ----------------    ----------------    ----------------
 z' force CL |    CLp =   0.000000    CLq =  15.523340    CLr =  -0.000000
 y  force CY |    CYp =  -0.421310    CYq =  -0.000000    CYr =   0.516760
 x' mom.  Cl'|    Clp =  -0.707349    Clq =  -0.000000    Clr =   0.202746
 y  mom.  Cm |    Cmp =  -0.000000    Cmq =-166.526344    Cmr =   0.000000
 z' mom.  Cn'|    Cnp =  -0.104598    Cnq =  -0.000000    Cnr =  -0.648679

                  elevator     d1     rudder       d2 
                  ----------------    ----------------
 z' force CL |   CLd1 =   0.005900   CLd2 =   0.000000
 y  force CY |   CYd1 =   0.000000   CYd2 =  -0.001897
 x' mom.  Cl'|   Cld1 =   0.000000   Cld2 =  -0.000261
 y  mom.  Cm |   Cmd1 =   0.086774   Cmd2 =   0.000000
 z' mom.  Cn'|   Cnd1 =   0.000000   Cnd2 =  -0.004809
 Trefftz drag| CDffd1 =   0.000514 CDffd2 =   0.000000
 span eff.   |    ed1 =  -0.039399    ed2 =  -0.000000



                  winc         g1     keelmiss     g2 
                  ----------------    ----------------
 z' force CL |   CLg1 =   0.095243   CLg2 =  -0.000000
 y  force CY |   CYg1 =   0.000000   CYg2 =  -0.025963
 x' mom.  Cl'|   Clg1 =   0.000000   Clg2 =  -0.003944
 y  mom.  Cm |   Cmg1 =  -0.162036   Cmg2 =   0.000000
 z' mom.  Cn'|   Cng1 =   0.000000   Cng2 =   0.004953
 Trefftz drag| CDffg1 =   0.001767 CDffg2 =  -0.000000
 span eff.   |    eg1 =   0.079804    eg2 =   0.000000



 Neutral point  Xnp =  -0.069397

 Clb Cnr / Clr Cnb  = -12.898108    (  > 1 if spirally stable )
