 ---------------------------------------------------------------
 Vortex Lattice Output -- Total Forces

 Configuration: Nemo Human Powered Hydrofoil. Wing (1.80 x 17)              
     # Surfaces =   6
     # Strips   = 102
     # Vortices =1476

  Sref = 0.19100       Cref = 0.11100       Bref =  1.8000    
  Xref =-0.17760       Yref =  0.0000       Zref =  0.0000    

 Standard axis orientation,  X fwd, Z down         

 Run case: V=5.4                                   

  Alpha =  -2.65953     pb/2V =  -0.00000     p'b/2V =  -0.00000
  Beta  =   0.00000     qc/2V =   0.00000
  Mach  =     0.000     rb/2V =  -0.00000     r'b/2V =  -0.00000

  CXtot =  -0.03149     Cltot =  -0.00000     Cl'tot =  -0.00000
  CYtot =   0.00000     Cmtot =   0.00000
  CZtot =  -0.34761     Cntot =   0.00000     Cn'tot =   0.00000

  CLtot =   0.34870
  CDtot =   0.01533
  CDvis =   0.01186     CDind =   0.00347
  CLff  =   0.34852     CDff  =   0.00347    | Trefftz
  CYff  =   0.00000         e =    0.6573    | Plane  

   elevator        =   6.46531
   rudder          =   0.00000

   winc            =   2.50000
   keelmiss        =   0.00000
 ---------------------------------------------------------------

 Stability-axis derivatives...

                             alpha                beta
                  ----------------    ----------------
 z' force CL |    CLa =   5.802991    CLb =  -0.000000
 y  force CY |    CYa =  -0.000000    CYb =  -1.633849
 x' mom.  Cl'|    Cla =  -0.000000    Clb =  -0.244263
 y  mom.  Cm |    Cma =  -5.602246    Cmb =  -0.000000
 z' mom.  Cn'|    Cna =   0.000000    Cnb =  -0.046237

                     roll rate  p'      pitch rate  q'        yaw rate  r'
                  ----------------    ----------------    ----------------
 z' force CL |    CLp =   0.000000    CLq =  18.124306    CLr =   0.000000
 y  force CY |    CYp =  -0.442540    CYq =  -0.000000    CYr =   0.548367
 x' mom.  Cl'|    Clp =  -0.711010    Clq =   0.000000    Clr =   0.191012
 y  mom.  Cm |    Cmp =  -0.000000    Cmq =-172.387939    Cmr =  -0.000000
 z' mom.  Cn'|    Cnp =  -0.073597    Cnq =  -0.000000    Cnr =  -0.649035

                  elevator     d1     rudder       d2 
                  ----------------    ----------------
 z' force CL |   CLd1 =   0.005895   CLd2 =   0.000000
 y  force CY |   CYd1 =   0.000000   CYd2 =  -0.001879
 x' mom.  Cl'|   Cld1 =   0.000000   Cld2 =  -0.000253
 y  mom.  Cm |   Cmd1 =   0.085752   Cmd2 =  -0.000000
 z' mom.  Cn'|   Cnd1 =   0.000000   Cnd2 =  -0.004757
 Trefftz drag| CDffd1 =   0.000402 CDffd2 =  -0.000000
 span eff.   |    ed1 =  -0.053991    ed2 =   0.000000



                  winc         g1     keelmiss     g2 
                  ----------------    ----------------
 z' force CL |   CLg1 =   0.095154   CLg2 =  -0.000000
 y  force CY |   CYg1 =   0.000000   CYg2 =  -0.025834
 x' mom.  Cl'|   Clg1 =   0.000000   Clg2 =  -0.003979
 y  mom.  Cm |   Cmg1 =  -0.182961   Cmg2 =   0.000000
 z' mom.  Cn'|   Cng1 =   0.000000   Cng2 =   0.005272
 Trefftz drag| CDffg1 =   0.001223 CDffg2 =  -0.000000
 span eff.   |    eg1 =   0.128140    eg2 =   0.000000



 Neutral point  Xnp =  -0.070440

 Clb Cnr / Clr Cnb  = -17.950564    (  > 1 if spirally stable )
