 ---------------------------------------------------------------
 Surface Forces (referred to Sref,Cref,Bref about Xref,Yref,Zref)
 Standard axis orientation,  X fwd, Z down         

     Sref =  0.1910       Cref =    0.1110   Bref =    1.8000
     Xref =     -0.1411   Yref =    0.0000   Zref =    0.0000

 n      Area      CL      CD      Cm      CY      Cn      Cl     CDi     CDv
 1     0.095  0.2528  0.0065 -0.4420  0.0006  0.0017 -0.0553  0.0029  0.0035   Wing
 2     0.095  0.2528  0.0065 -0.4420 -0.0006 -0.0017  0.0553  0.0029  0.0035   Wing (YDUP)
 3     0.094  0.0000  0.0034  0.0093  0.0000 -0.0000  0.0000  0.0000  0.0034   Quilha
 4     0.009  0.0354  0.0019  0.4373  0.0000  0.0001 -0.0016  0.0012  0.0007   Canard
 5     0.009  0.0354  0.0019  0.4373 -0.0000 -0.0001  0.0016  0.0012  0.0007   Canard (YDUP)
 6     0.018  0.0000  0.0000  0.0000  0.0000  0.0000  0.0000  0.0000  0.0000   Leme

 Surface Forces (referred to Ssurf, Cave about root LE on hinge axis)

   n     Ssurf      Cave       cl       cd      cdv    cm_LE
   1     0.095     0.106   0.5062   0.0130   0.0071   0.0000  Wing
   2     0.095     0.106   0.5062   0.0130   0.0071   0.0000  Wing (YDUP)
   3     0.094     0.187  -0.0000   0.0070   0.0070   0.0000  Quilha
   4     0.009     0.051   0.7494   0.0411   0.0151   0.0000  Canard
   5     0.009     0.051   0.7494   0.0411   0.0151   0.0000  Canard (YDUP)
   6     0.018     0.060  -0.0000   0.0000   0.0000   0.0000  Leme
 ---------------------------------------------------------------
