 ---------------------------------------------------------------
 Vortex Lattice Output -- Total Forces

 Configuration: Nemo Human Powered Hydrofoil. Wing (1.80 x 17)              
     # Surfaces =   6
     # Strips   = 102
     # Vortices =1476

  Sref = 0.19100       Cref = 0.11100       Bref =  1.8000    
  Xref =-0.17100       Yref =  0.0000       Zref =  0.0000    

 Standard axis orientation,  X fwd, Z down         

 Run case: V=5.1                                   

  Alpha =  -2.25354     pb/2V =  -0.00000     p'b/2V =  -0.00000
  Beta  =   0.00000     qc/2V =   0.00000
  Mach  =     0.000     rb/2V =  -0.00000     r'b/2V =  -0.00000

  CXtot =  -0.03136     Cltot =  -0.00000     Cl'tot =  -0.00000
  CYtot =   0.00000     Cmtot =   0.00000
  CZtot =  -0.39000     Cntot =   0.00000     Cn'tot =   0.00000

  CLtot =   0.39093
  CDtot =   0.01600
  CDvis =   0.01175     CDind =   0.00424
  CLff  =   0.39074     CDff  =   0.00424    | Trefftz
  CYff  =   0.00000         e =    0.6752    | Plane  

   elevator        =   6.65488
   rudder          =   0.00000

   winc            =   2.50000
   keelmiss        =   0.00000
 ---------------------------------------------------------------

 Stability-axis derivatives...

                             alpha                beta
                  ----------------    ----------------
 z' force CL |    CLa =   5.799309    CLb =   0.000000
 y  force CY |    CYa =  -0.000000    CYb =  -1.635943
 x' mom.  Cl'|    Cla =   0.000000    Clb =  -0.245033
 y  mom.  Cm |    Cma =  -5.268834    Cmb =  -0.000000
 z' mom.  Cn'|    Cna =   0.000000    Cnb =  -0.050438

                     roll rate  p'      pitch rate  q'        yaw rate  r'
                  ----------------    ----------------    ----------------
 z' force CL |    CLp =   0.000000    CLq =  17.414267    CLr =  -0.000000
 y  force CY |    CYp =  -0.436613    CYq =  -0.000000    CYr =   0.539816
 x' mom.  Cl'|    Clp =  -0.709928    Clq =  -0.000000    Clr =   0.194205
 y  mom.  Cm |    Cmp =  -0.000000    Cmq =-170.726444    Cmr =  -0.000000
 z' mom.  Cn'|    Cnp =  -0.081505    Cnq =  -0.000000    Cnr =  -0.649086

                  elevator     d1     rudder       d2 
                  ----------------    ----------------
 z' force CL |   CLd1 =   0.005897   CLd2 =  -0.000000
 y  force CY |   CYd1 =   0.000000   CYd2 =  -0.001885
 x' mom.  Cl'|   Cld1 =   0.000000   Cld2 =  -0.000255
 y  mom.  Cm |   Cmd1 =   0.086045   Cmd2 =  -0.000000
 z' mom.  Cn'|   Cnd1 =   0.000000   Cnd2 =  -0.004773
 Trefftz drag| CDffd1 =   0.000436 CDffd2 =   0.000000
 span eff.   |    ed1 =  -0.049033    ed2 =  -0.000000



                  winc         g1     keelmiss     g2 
                  ----------------    ----------------
 z' force CL |   CLg1 =   0.095186   CLg2 =  -0.000000
 y  force CY |   CYg1 =   0.000000   CYg2 =  -0.025872
 x' mom.  Cl'|   Clg1 =   0.000000   Clg2 =  -0.003970
 y  mom.  Cm |   Cmg1 =  -0.177293   Cmg2 =   0.000000
 z' mom.  Cn'|   Cng1 =   0.000000   Cng2 =   0.005186
 Trefftz drag| CDffg1 =   0.001372 CDffg2 =  -0.000000
 span eff.   |    eg1 =   0.111358    eg2 =   0.000000



 Neutral point  Xnp =  -0.070153

 Clb Cnr / Clr Cnb  = -16.236957    (  > 1 if spirally stable )
