 ---------------------------------------------------------------
 Surface Forces (referred to Sref,Cref,Bref about Xref,Yref,Zref)
 Standard axis orientation,  X fwd, Z down         

     Sref =  0.1910       Cref =    0.1110   Bref =    1.8000
     Xref =     -0.1878   Yref =    0.0000   Zref =    0.0000

 n      Area      CL      CD      Cm      CY      Cn      Cl     CDi     CDv
 1     0.095  0.1185  0.0045 -0.2763  0.0006  0.0024 -0.0260  0.0007  0.0038   Wing
 2     0.095  0.1185  0.0045 -0.2763 -0.0006 -0.0024  0.0260  0.0007  0.0038   Wing (YDUP)
 3     0.094  0.0000  0.0034  0.0099  0.0000 -0.0000  0.0000  0.0000  0.0034   Quilha
 4     0.009  0.0227  0.0012  0.2713  0.0000  0.0001 -0.0010  0.0005  0.0007   Canard
 5     0.009  0.0227  0.0012  0.2713 -0.0000 -0.0001  0.0010  0.0005  0.0007   Canard (YDUP)
 6     0.018  0.0000  0.0000  0.0000  0.0000  0.0000  0.0000  0.0000  0.0000   Leme

 Surface Forces (referred to Ssurf, Cave about root LE on hinge axis)

   n     Ssurf      Cave       cl       cd      cdv    cm_LE
   1     0.095     0.106   0.2374   0.0090   0.0076   0.0000  Wing
   2     0.095     0.106   0.2374   0.0090   0.0076   0.0000  Wing (YDUP)
   3     0.094     0.187  -0.0000   0.0070   0.0070   0.0000  Quilha
   4     0.009     0.051   0.4802   0.0257   0.0150   0.0000  Canard
   5     0.009     0.051   0.4802   0.0257   0.0150   0.0000  Canard (YDUP)
   6     0.018     0.060  -0.0000   0.0000   0.0000   0.0000  Leme
 ---------------------------------------------------------------
