 ---------------------------------------------------------------
 Vortex Lattice Output -- Total Forces

 Configuration: Nemo Human Powered Hydrofoil. Wing (1.80 x 17)              
     # Surfaces =   6
     # Strips   = 102
     # Vortices =1476

  Sref = 0.19100       Cref = 0.11100       Bref =  1.8000    
  Xref =-0.13345       Yref =  0.0000       Zref = 0.98500    

 Standard axis orientation,  X fwd, Z down         

 Run case: V=5.10                                  

  Alpha =  -0.20000     pb/2V =  -0.00000     p'b/2V =  -0.00000
  Beta  =   0.00000     qc/2V =   0.00000
  Mach  =     0.000     rb/2V =  -0.00000     r'b/2V =  -0.00000

  CXtot =  -0.02105     Cltot =  -0.00000     Cl'tot =  -0.00000
  CYtot =  -0.00000     Cmtot =  -0.76311
  CZtot =  -0.55900     Cntot =   0.00000     Cn'tot =   0.00000

  CLtot =   0.55907
  CDtot =   0.01910
  CDvis =   0.01295     CDind =   0.00614
  CLff  =   0.55904     CDff  =   0.00614    | Trefftz
  CYff  =  -0.00000         e =    0.9555    | Plane  

   elevator        =   0.00000
   rudder          =   0.00000

   winc            =   2.50000
   keelmiss        =   0.00000
 ---------------------------------------------------------------

 Stability-axis derivatives...

                             alpha                beta
                  ----------------    ----------------
 z' force CL |    CLa =   5.778405    CLb =  -0.000000
 y  force CY |    CYa =  -0.000000    CYb =  -1.640368
 x' mom.  Cl'|    Cla =  -0.000000    Clb =   0.649388
 y  mom.  Cm |    Cma =   0.265175    Cmb =  -0.000000
 z' mom.  Cn'|    Cna =  -0.000000    Cnb =  -0.066987

                     roll rate  p'      pitch rate  q'        yaw rate  r'
                  ----------------    ----------------    ----------------
 z' force CL |    CLp =   0.000000    CLq =  33.947929    CLr =  -0.000000
 y  force CY |    CYp =   1.387844    CYq =   0.000000    CYr =   0.504565
 x' mom.  Cl'|    Clp =  -1.192860    Clq =  -0.000000    Clr =  -0.063420
 y  mom.  Cm |    Cmp =  -0.000000    Cmq =-179.968039    Cmr =   0.000000
 z' mom.  Cn'|    Cnp =  -0.051599    Cnq =  -0.000000    Cnr =  -0.641219

                  elevator     d1     rudder       d2 
                  ----------------    ----------------
 z' force CL |   CLd1 =   0.005899   CLd2 =  -0.000000
 y  force CY |   CYd1 =   0.000000   CYd2 =  -0.001812
 x' mom.  Cl'|   Cld1 =  -0.000000   Cld2 =   0.000744
 y  mom.  Cm |   Cmd1 =   0.091608   Cmd2 =  -0.000000
 z' mom.  Cn'|   Cnd1 =   0.000000   Cnd2 =  -0.004770
 Trefftz drag| CDffd1 =   0.000248 CDffd2 =   0.000000
 span eff.   |    ed1 =  -0.018522    ed2 =  -0.000000



                  winc         g1     keelmiss     g2 
                  ----------------    ----------------
 z' force CL |   CLg1 =   0.095259   CLg2 =  -0.000000
 y  force CY |   CYg1 =   0.000000   CYg2 =  -0.026040
 x' mom.  Cl'|   Clg1 =   0.000000   Clg2 =   0.010329
 y  mom.  Cm |   Cmg1 =  -0.104419   Cmg2 =   0.000000
 z' mom.  Cn'|   Cng1 =   0.000000   Cng2 =   0.004685
 Trefftz drag| CDffg1 =   0.002013 CDffg2 =  -0.000000
 span eff.   |    eg1 =   0.012248    eg2 =   0.000000



 Neutral point  Xnp =  -0.138544

 Clb Cnr / Clr Cnb  = -98.015251    (  > 1 if spirally stable )
