 ---------------------------------------------------------------
 Vortex Lattice Output -- Total Forces

 Configuration: Nemo Human Powered Hydrofoil. Wing (1.80 x 17)              
     # Surfaces =   6
     # Strips   = 102
     # Vortices =1476

  Sref = 0.19100       Cref = 0.11100       Bref =  1.8000    
  Xref =-0.13345       Yref =  0.0000       Zref = 0.98500    

 Standard axis orientation,  X fwd, Z down         

 Run case: V=3.30                                  

  Alpha =  -3.50000     pb/2V =  -0.00000     p'b/2V =  -0.00000
  Beta  =   0.00000     qc/2V =   0.00000
  Mach  =     0.000     rb/2V =  -0.00000     r'b/2V =  -0.00000

  CXtot =  -0.03584     Cltot =  -0.00000     Cl'tot =  -0.00000
  CYtot =   0.00000     Cmtot =  -0.69658
  CZtot =  -0.22346     Cntot =   0.00000     Cn'tot =  -0.00000

  CLtot =   0.22523
  CDtot =   0.02214
  CDvis =   0.02116     CDind =   0.00098
  CLff  =   0.22517     CDff  =   0.00098    | Trefftz
  CYff  =   0.00000         e =    0.9733    | Plane  

   elevator        =   0.00000
   rudder          =   0.00000

   winc            =   2.50000
   keelmiss        =   0.00000
 ---------------------------------------------------------------

 Stability-axis derivatives...

                             alpha                beta
                  ----------------    ----------------
 z' force CL |    CLa =   5.808902    CLb =   0.000000
 y  force CY |    CYa =  -0.000000    CYb =  -1.633010
 x' mom.  Cl'|    Cla =   0.000000    Clb =   0.652579
 y  mom.  Cm |    Cma =  -3.834937    Cmb =  -0.000000
 z' mom.  Cn'|    Cna =   0.000000    Cnb =  -0.036666

                     roll rate  p'      pitch rate  q'        yaw rate  r'
                  ----------------    ----------------    ----------------
 z' force CL |    CLp =   0.000000    CLq =  27.940161    CLr =  -0.000000
 y  force CY |    CYp =   1.334007    CYq =   0.000000    CYr =   0.567349
 x' mom.  Cl'|    Clp =  -1.178946    Clq =  -0.000000    Clr =  -0.125200
 y  mom.  Cm |    Cmp =   0.000000    Cmq =-194.777930    Cmr =   0.000000
 z' mom.  Cn'|    Cnp =  -0.021200    Cnq =  -0.000000    Cnr =  -0.652242

                  elevator     d1     rudder       d2 
                  ----------------    ----------------
 z' force CL |   CLd1 =   0.005881   CLd2 =  -0.000000
 y  force CY |   CYd1 =   0.000000   CYd2 =  -0.001784
 x' mom.  Cl'|   Cld1 =  -0.000000   Cld2 =   0.000744
 y  mom.  Cm |   Cmd1 =   0.093509   Cmd2 =  -0.000000
 z' mom.  Cn'|   Cnd1 =   0.000000   Cnd2 =  -0.004719
 Trefftz drag| CDffd1 =   0.000044 CDffd2 =   0.000000
 span eff.   |    ed1 =   0.007252    ed2 =  -0.000000



                  winc         g1     keelmiss     g2 
                  ----------------    ----------------
 z' force CL |   CLg1 =   0.095065   CLg2 =  -0.000000
 y  force CY |   CYg1 =   0.000000   CYg2 =  -0.025756
 x' mom.  Cl'|   Clg1 =   0.000000   Clg2 =   0.010097
 y  mom.  Cm |   Cmg1 =  -0.133549   Cmg2 =   0.000000
 z' mom.  Cn'|   Cng1 =   0.000000   Cng2 =   0.004625
 Trefftz drag| CDffg1 =   0.000823 CDffg2 =  -0.000000
 span eff.   |    eg1 =   0.005716    eg2 =   0.000000



 Neutral point  Xnp =  -0.060170

 Clb Cnr / Clr Cnb  = -92.720927    (  > 1 if spirally stable )
