 ---------------------------------------------------------------
 Vortex Lattice Output -- Total Forces

 Configuration: Nemo Human Powered Hydrofoil. Wing (1.80 x 17)              
     # Surfaces =   6
     # Strips   = 102
     # Vortices =1476

  Sref = 0.19100       Cref = 0.11100       Bref =  1.8000    
  Xref =-0.13345       Yref =  0.0000       Zref = 0.98500    

 Standard axis orientation,  X fwd, Z down         

 Run case: V=4.80                                  

  Alpha =  -0.75000     pb/2V =  -0.00000     p'b/2V =  -0.00000
  Beta  =   0.00000     qc/2V =   0.00000
  Mach  =     0.000     rb/2V =  -0.00000     r'b/2V =  -0.00000

  CXtot =  -0.02456     Cltot =  -0.00000     Cl'tot =  -0.00000
  CYtot =  -0.00000     Cmtot =  -0.76262
  CZtot =  -0.50329     Cntot =   0.00000     Cn'tot =   0.00000

  CLtot =   0.50357
  CDtot =   0.01797
  CDvis =   0.01300     CDind =   0.00496
  CLff  =   0.50350     CDff  =   0.00496    | Trefftz
  CYff  =  -0.00000         e =    0.9592    | Plane  

   elevator        =   0.00000
   rudder          =   0.00000

   winc            =   2.50000
   keelmiss        =   0.00000
 ---------------------------------------------------------------

 Stability-axis derivatives...

                             alpha                beta
                  ----------------    ----------------
 z' force CL |    CLa =   5.785757    CLb =  -0.000000
 y  force CY |    CYa =  -0.000000    CYb =  -1.638199
 x' mom.  Cl'|    Cla =   0.000000    Clb =   0.649568
 y  mom.  Cm |    Cma =  -0.536938    Cmb =   0.000000
 z' mom.  Cn'|    Cna =   0.000000    Cnb =  -0.061281

                     roll rate  p'      pitch rate  q'        yaw rate  r'
                  ----------------    ----------------    ----------------
 z' force CL |    CLp =   0.000000    CLq =  32.969816    CLr =  -0.000000
 y  force CY |    CYp =   1.378206    CYq =   0.000000    CYr =   0.516987
 x' mom.  Cl'|    Clp =  -1.190139    Clq =  -0.000000    Clr =  -0.074525
 y  mom.  Cm |    Cmp =   0.000000    Cmq =-182.055122    Cmr =   0.000000
 z' mom.  Cn'|    Cnp =  -0.046082    Cnq =  -0.000000    Cnr =  -0.642017

                  elevator     d1     rudder       d2 
                  ----------------    ----------------
 z' force CL |   CLd1 =   0.005897   CLd2 =  -0.000000
 y  force CY |   CYd1 =   0.000000   CYd2 =  -0.001808
 x' mom.  Cl'|   Cld1 =  -0.000000   Cld2 =   0.000744
 y  mom.  Cm |   Cmd1 =   0.091689   Cmd2 =   0.000000
 z' mom.  Cn'|   Cnd1 =   0.000000   Cnd2 =  -0.004764
 Trefftz drag| CDffd1 =   0.000215 CDffd2 =   0.000000
 span eff.   |    ed1 =  -0.019010    ed2 =  -0.000000



                  winc         g1     keelmiss     g2 
                  ----------------    ----------------
 z' force CL |   CLg1 =   0.095254   CLg2 =  -0.000000
 y  force CY |   CYg1 =   0.000000   CYg2 =  -0.026004
 x' mom.  Cl'|   Clg1 =  -0.000000   Clg2 =   0.010295
 y  mom.  Cm |   Cmg1 =  -0.110899   Cmg2 =   0.000000
 z' mom.  Cn'|   Cng1 =   0.000000   Cng2 =   0.004676
 Trefftz drag| CDffg1 =   0.001816 CDffg2 =  -0.000000
 span eff.   |    eg1 =   0.011975    eg2 =   0.000000



 Neutral point  Xnp =  -0.123149

 Clb Cnr / Clr Cnb  = -91.315100    (  > 1 if spirally stable )
