 ---------------------------------------------------------------
 Vortex Lattice Output -- Total Forces

 Configuration: Nemo Human Powered Hydrofoil. Wing (1.80 x 17)              
     # Surfaces =   6
     # Strips   = 102
     # Vortices =1476

  Sref = 0.19100       Cref = 0.11100       Bref =  1.8000    
  Xref =-0.13345       Yref =  0.0000       Zref = 0.98500    

 Standard axis orientation,  X fwd, Z down         

 Run case: V=3.60                                  

  Alpha =  -2.95000     pb/2V =  -0.00000     p'b/2V =  -0.00000
  Beta  =   0.00000     qc/2V =   0.00000
  Mach  =     0.000     rb/2V =  -0.00000     r'b/2V =  -0.00000

  CXtot =  -0.03404     Cltot =  -0.00000     Cl'tot =  -0.00000
  CYtot =   0.00000     Cmtot =  -0.71444
  CZtot =  -0.27960     Cntot =   0.00000     Cn'tot =  -0.00000

  CLtot =   0.28098
  CDtot =   0.01960
  CDvis =   0.01808     CDind =   0.00152
  CLff  =   0.28090     CDff  =   0.00152    | Trefftz
  CYff  =   0.00000         e =    0.9751    | Plane  

   elevator        =   0.00000
   rudder          =   0.00000

   winc            =   2.50000
   keelmiss        =   0.00000
 ---------------------------------------------------------------

 Stability-axis derivatives...

                             alpha                beta
                  ----------------    ----------------
 z' force CL |    CLa =   5.806080    CLb =  -0.000000
 y  force CY |    CYa =  -0.000000    CYb =  -1.632902
 x' mom.  Cl'|    Cla =   0.000000    Clb =   0.651461
 y  mom.  Cm |    Cma =  -3.390756    Cmb =   0.000000
 z' mom.  Cn'|    Cna =   0.000000    Cnb =  -0.041180

                     roll rate  p'      pitch rate  q'        yaw rate  r'
                  ----------------    ----------------    ----------------
 z' force CL |    CLp =  -0.000000    CLq =  28.961885    CLr =  -0.000000
 y  force CY |    CYp =   1.341834    CYq =   0.000000    CYr =   0.558819
 x' mom.  Cl'|    Clp =  -1.180517    Clq =  -0.000000    Clr =  -0.115738
 y  mom.  Cm |    Cmp =  -0.000000    Cmq =-192.146510    Cmr =   0.000000
 z' mom.  Cn'|    Cnp =  -0.024582    Cnq =  -0.000000    Cnr =  -0.649239

                  elevator     d1     rudder       d2 
                  ----------------    ----------------
 z' force CL |   CLd1 =   0.005886   CLd2 =  -0.000000
 y  force CY |   CYd1 =   0.000000   CYd2 =  -0.001789
 x' mom.  Cl'|   Cld1 =  -0.000000   Cld2 =   0.000744
 y  mom.  Cm |   Cmd1 =   0.092732   Cmd2 =  -0.000000
 z' mom.  Cn'|   Cnd1 =   0.000000   Cnd2 =  -0.004730
 Trefftz drag| CDffd1 =   0.000078 CDffd2 =   0.000000
 span eff.   |    ed1 =  -0.009198    ed2 =  -0.000000



                  winc         g1     keelmiss     g2 
                  ----------------    ----------------
 z' force CL |   CLg1 =   0.095124   CLg2 =  -0.000000
 y  force CY |   CYg1 =   0.000000   CYg2 =  -0.025815
 x' mom.  Cl'|   Clg1 =   0.000000   Clg2 =   0.010140
 y  mom.  Cm |   Cmg1 =  -0.132186   Cmg2 =   0.000000
 z' mom.  Cn'|   Cng1 =   0.000000   Cng2 =   0.004635
 Trefftz drag| CDffg1 =   0.001022 CDffg2 =  -0.000000
 span eff.   |    eg1 =   0.006159    eg2 =   0.000000



 Neutral point  Xnp =  -0.068626

 Clb Cnr / Clr Cnb  = -88.742606    (  > 1 if spirally stable )
