 ---------------------------------------------------------------
 Vortex Lattice Output -- Total Forces

 Configuration: Nemo Human Powered Hydrofoil. Wing (1.80 x 17)              
     # Surfaces =   6
     # Strips   = 102
     # Vortices =1476

  Sref = 0.19100       Cref = 0.11100       Bref =  1.8000    
  Xref =-0.13345       Yref =  0.0000       Zref = 0.98500    

 Standard axis orientation,  X fwd, Z down         

 Run case: V=6.90                                  

  Alpha =   3.10000     pb/2V =  -0.00000     p'b/2V =  -0.00000
  Beta  =   0.00000     qc/2V =   0.00000
  Mach  =     0.000     rb/2V =  -0.00000     r'b/2V =  -0.00000

  CXtot =   0.01779     Cltot =  -0.00000     Cl'tot =  -0.00000
  CYtot =  -0.00000     Cmtot =  -0.60703
  CZtot =  -0.89057     Cntot =  -0.00000     Cn'tot =   0.00000

  CLtot =   0.89022
  CDtot =   0.03040
  CDvis =   0.01457     CDind =   0.01582
  CLff  =   0.89106     CDff  =   0.01584    | Trefftz
  CYff  =  -0.00000         e =    0.9405    | Plane  

   elevator        =   0.00000
   rudder          =   0.00000

   winc            =   2.50000
   keelmiss        =   0.00000
 ---------------------------------------------------------------

 Stability-axis derivatives...

                             alpha                beta
                  ----------------    ----------------
 z' force CL |    CLa =   5.715375    CLb =  -0.000000
 y  force CY |    CYa =  -0.000000    CYb =  -1.652154
 x' mom.  Cl'|    Cla =   0.000000    Clb =   0.646939
 y  mom.  Cm |    Cma =   5.139082    Cmb =  -0.000000
 z' mom.  Cn'|    Cna =   0.000000    Cnb =  -0.101707

                     roll rate  p'      pitch rate  q'        yaw rate  r'
                  ----------------    ----------------    ----------------
 z' force CL |    CLp =  -0.000000    CLq =  39.761562    CLr =  -0.000000
 y  force CY |    CYp =   1.442320    CYq =   0.000000    CYr =   0.425080
 x' mom.  Cl'|    Clp =  -1.208005    Clq =  -0.000000    Clr =   0.004767
 y  mom.  Cm |    Cmp =   0.000000    Cmq =-169.414265    Cmr =   0.000000
 z' mom.  Cn'|    Cnp =  -0.083498    Cnq =  -0.000000    Cnr =  -0.636948

                  elevator     d1     rudder       d2 
                  ----------------    ----------------
 z' force CL |   CLd1 =   0.005889   CLd2 =   0.000000
 y  force CY |   CYd1 =   0.000000   CYd2 =  -0.001829
 x' mom.  Cl'|   Cld1 =  -0.000000   Cld2 =   0.000739
 y  mom.  Cm |   Cmd1 =   0.091718   Cmd2 =  -0.000000
 z' mom.  Cn'|   Cnd1 =   0.000000   Cnd2 =  -0.004788
 Trefftz drag| CDffd1 =   0.000450 CDffd2 =   0.000000
 span eff.   |    ed1 =  -0.014323    ed2 =  -0.000000



                  winc         g1     keelmiss     g2 
                  ----------------    ----------------
 z' force CL |   CLg1 =   0.095065   CLg2 =  -0.000000
 y  force CY |   CYg1 =   0.000000   CYg2 =  -0.026151
 x' mom.  Cl'|   Clg1 =  -0.000000   Clg2 =   0.010492
 y  mom.  Cm |   Cmg1 =  -0.065057   Cmg2 =  -0.000000
 z' mom.  Cn'|   Cng1 =  -0.000000   Cng2 =   0.004719
 Trefftz drag| CDffg1 =   0.003183 CDffg2 =  -0.000000
 span eff.   |    eg1 =   0.011171    eg2 =   0.000000



 Neutral point  Xnp =  -0.233258

 Clb Cnr / Clr Cnb  = 849.845471    (  > 1 if spirally stable )
