 ---------------------------------------------------------------
 Vortex Lattice Output -- Total Forces

 Configuration: Nemo Human Powered Hydrofoil. Wing (1.80 x 17)              
     # Surfaces =   6
     # Strips   = 102
     # Vortices =1476

  Sref = 0.19100       Cref = 0.11100       Bref =  1.8000    
  Xref =-0.13345       Yref =  0.0000       Zref = 0.98500    

 Standard axis orientation,  X fwd, Z down         

 Run case: V=4.50                                  

  Alpha =  -1.30000     pb/2V =  -0.00000     p'b/2V =  -0.00000
  Beta  =   0.00000     qc/2V =   0.00000
  Mach  =     0.000     rb/2V =  -0.00000     r'b/2V =  -0.00000

  CXtot =  -0.02737     Cltot =  -0.00000     Cl'tot =  -0.00000
  CYtot =   0.00000     Cmtot =  -0.75561
  CZtot =  -0.44749     Cntot =   0.00000     Cn'tot =   0.00000

  CLtot =   0.44800
  CDtot =   0.01721
  CDvis =   0.01329     CDind =   0.00391
  CLff  =   0.44790     CDff  =   0.00391    | Trefftz
  CYff  =  -0.00000         e =    0.9633    | Plane  

   elevator        =   0.00000
   rudder          =   0.00000

   winc            =   2.50000
   keelmiss        =   0.00000
 ---------------------------------------------------------------

 Stability-axis derivatives...

                             alpha                beta
                  ----------------    ----------------
 z' force CL |    CLa =   5.792200    CLb =   0.000000
 y  force CY |    CYa =  -0.000000    CYb =  -1.636120
 x' mom.  Cl'|    Cla =   0.000000    Clb =   0.649749
 y  mom.  Cm |    Cma =  -1.375804    Cmb =   0.000000
 z' mom.  Cn'|    Cna =   0.000000    Cnb =  -0.055745

                     roll rate  p'      pitch rate  q'        yaw rate  r'
                  ----------------    ----------------    ----------------
 z' force CL |    CLp =   0.000000    CLq =  31.986708    CLr =  -0.000000
 y  force CY |    CYp =   1.368549    CYq =   0.000000    CYr =   0.528945
 x' mom.  Cl'|    Clp =  -1.187424    Clq =  -0.000000    Clr =  -0.085459
 y  mom.  Cm |    Cmp =   0.000000    Cmq =-183.357812    Cmr =  -0.000000
 z' mom.  Cn'|    Cnp =  -0.040372    Cnq =  -0.000000    Cnr =  -0.643056

                  elevator     d1     rudder       d2 
                  ----------------    ----------------
 z' force CL |   CLd1 =   0.005896   CLd2 =  -0.000000
 y  force CY |   CYd1 =   0.000000   CYd2 =  -0.001804
 x' mom.  Cl'|   Cld1 =  -0.000000   Cld2 =   0.000745
 y  mom.  Cm |   Cmd1 =   0.091069   Cmd2 =  -0.000000
 z' mom.  Cn'|   Cnd1 =   0.000000   Cnd2 =  -0.004758
 Trefftz drag| CDffd1 =   0.000181 CDffd2 =   0.000000
 span eff.   |    ed1 =  -0.019105    ed2 =  -0.000000



                  winc         g1     keelmiss     g2 
                  ----------------    ----------------
 z' force CL |   CLg1 =   0.095237   CLg2 =  -0.000000
 y  force CY |   CYg1 =   0.000000   CYg2 =  -0.025964
 x' mom.  Cl'|   Clg1 =   0.000000   Clg2 =   0.010259
 y  mom.  Cm |   Cmg1 =  -0.117355   Cmg2 =   0.000000
 z' mom.  Cn'|   Cng1 =   0.000000   Cng2 =   0.004667
 Trefftz drag| CDffg1 =   0.001618 CDffg2 =  -0.000000
 span eff.   |    eg1 =   0.011354    eg2 =   0.000000



 Neutral point  Xnp =  -0.107084

 Clb Cnr / Clr Cnb  = -87.706000    (  > 1 if spirally stable )
