 ---------------------------------------------------------------
 Surface Forces (referred to Sref,Cref,Bref about Xref,Yref,Zref)
 Standard axis orientation,  X fwd, Z down         

     Sref =  0.1910       Cref =    0.1110   Bref =    1.8000
     Xref =     -0.1335   Yref =    0.0000   Zref =    0.9850

 n      Area      CL      CD      Cm      CY      Cn      Cl     CDi     CDv
 1     0.095  0.2414  0.0059 -0.4873  0.0006  0.0019 -0.0524  0.0024  0.0035   Wing
 2     0.095  0.2414  0.0059 -0.4873 -0.0006 -0.0019  0.0524  0.0024  0.0035   Wing (YDUP)
 3     0.094  0.0000  0.0034 -0.0210 -0.0000  0.0000 -0.0000  0.0000  0.0034   Quilha
 4     0.009  0.0104  0.0011  0.1183  0.0000  0.0001 -0.0005  0.0001  0.0009   Canard
 5     0.009  0.0104  0.0011  0.1183 -0.0000 -0.0001  0.0005  0.0001  0.0009   Canard (YDUP)
 6     0.018  0.0000  0.0006 -0.0035  0.0000  0.0000 -0.0000  0.0000  0.0006   Leme

 Surface Forces (referred to Ssurf, Cave about root LE on hinge axis)

   n     Ssurf      Cave       cl       cd      cdv    cm_LE
   1     0.095     0.106   0.4834   0.0118   0.0070   0.0000  Wing
   2     0.095     0.106   0.4834   0.0118   0.0070   0.0000  Wing (YDUP)
   3     0.094     0.187   0.0000   0.0070   0.0070   0.0000  Quilha
   4     0.009     0.051   0.2197   0.0222   0.0201   0.0000  Canard
   5     0.009     0.051   0.2197   0.0222   0.0201   0.0000  Canard (YDUP)
   6     0.018     0.060  -0.0000   0.0069   0.0069   0.0000  Leme
 ---------------------------------------------------------------
