 ---------------------------------------------------------------
 Surface Forces (referred to Sref,Cref,Bref about Xref,Yref,Zref)
 Standard axis orientation,  X fwd, Z down         

     Sref =  0.1910       Cref =    0.1110   Bref =    1.8000
     Xref =     -0.1235   Yref =    0.0000   Zref =    0.9850

 n      Area      CL      CD      Cm      CY      Cn      Cl     CDi     CDv
 1     0.095  0.4121  0.0121 -0.5471 -0.0002 -0.0022 -0.0898  0.0077  0.0045   Wing
 2     0.095  0.4121  0.0121 -0.5471  0.0002  0.0022  0.0898  0.0077  0.0045   Wing (YDUP)
 3     0.094  0.0000  0.0034 -0.0216 -0.0000  0.0000 -0.0000  0.0000  0.0034   Quilha
 4     0.009  0.0514  0.0036  0.6317 -0.0000  0.0001 -0.0023  0.0026  0.0011   Canard
 5     0.009  0.0514  0.0036  0.6317  0.0000 -0.0001  0.0023  0.0026  0.0011   Canard (YDUP)
 6     0.018  0.0000  0.0006 -0.0030  0.0000  0.0000 -0.0000  0.0000  0.0006   Leme

 Surface Forces (referred to Ssurf, Cave about root LE on hinge axis)

   n     Ssurf      Cave       cl       cd      cdv    cm_LE
   1     0.095     0.106   0.8252   0.0243   0.0089   0.0000  Wing
   2     0.095     0.106   0.8252   0.0243   0.0089   0.0000  Wing (YDUP)
   3     0.094     0.187   0.0000   0.0070   0.0070   0.0000  Quilha
   4     0.009     0.051   1.0872   0.0771   0.0224   0.0000  Canard
   5     0.009     0.051   1.0872   0.0771   0.0224   0.0000  Canard (YDUP)
   6     0.018     0.060  -0.0000   0.0068   0.0068   0.0000  Leme
 ---------------------------------------------------------------
