 ---------------------------------------------------------------
 Vortex Lattice Output -- Total Forces

 Configuration: Nemo Human Powered Hydrofoil. Wing (1.80 x 17)              
     # Surfaces =   6
     # Strips   = 102
     # Vortices =1476

  Sref = 0.19100       Cref = 0.11100       Bref =  1.8000    
  Xref =-0.12345       Yref =  0.0000       Zref = 0.98500    

 Standard axis orientation,  X fwd, Z down         

 Run case: V=2.0                                   

  Alpha =   3.00000     pb/2V =  -0.00000     p'b/2V =  -0.00000
  Beta  =   0.00000     qc/2V =   0.00000
  Mach  =     0.000     rb/2V =  -0.00000     r'b/2V =  -0.00000

  CXtot =   0.01293     Cltot =  -0.00000     Cl'tot =  -0.00000
  CYtot =   0.00000     Cmtot =   0.14451
  CZtot =  -0.92755     Cntot =   0.00000     Cn'tot =   0.00000

  CLtot =   0.92696
  CDtot =   0.03563
  CDvis =   0.01513     CDind =   0.02051
  CLff  =   0.92799     CDff  =   0.02053    | Trefftz
  CYff  =   0.00000         e =    0.7872    | Plane  

   elevator        =   8.00000
   rudder          =   0.00000

   winc            =   2.50000
   keelmiss        =   0.00000
 ---------------------------------------------------------------

 Stability-axis derivatives...

                             alpha                beta
                  ----------------    ----------------
 z' force CL |    CLa =   5.705796    CLb =  -0.000000
 y  force CY |    CYa =  -0.000000    CYb =  -1.659443
 x' mom.  Cl'|    Cla =   0.000000    Clb =   0.648464
 y  mom.  Cm |    Cma =   5.429397    Cmb =  -0.000000
 z' mom.  Cn'|    Cna =   0.000000    Cnb =  -0.116456

                     roll rate  p'      pitch rate  q'        yaw rate  r'
                  ----------------    ----------------    ----------------
 z' force CL |    CLp =   0.000000    CLq =  39.743045    CLr =  -0.000000
 y  force CY |    CYp =   1.445661    CYq =  -0.000000    CYr =   0.394908
 x' mom.  Cl'|    Clp =  -1.208270    Clq =   0.000000    Clr =   0.013772
 y  mom.  Cm |    Cmp =   0.000000    Cmq =-153.068998    Cmr =   0.000000
 z' mom.  Cn'|    Cnp =  -0.069040    Cnq =  -0.000000    Cnr =  -0.646354

                  elevator     d1     rudder       d2 
                  ----------------    ----------------
 z' force CL |   CLd1 =   0.005880   CLd2 =  -0.000000
 y  force CY |   CYd1 =   0.000000   CYd2 =  -0.001935
 x' mom.  Cl'|   Cld1 =  -0.000000   Cld2 =   0.000778
 y  mom.  Cm |   Cmd1 =   0.089783   Cmd2 =  -0.000000
 z' mom.  Cn'|   Cnd1 =   0.000000   Cnd2 =  -0.004880
 Trefftz drag| CDffd1 =   0.000818 CDffd2 =   0.000000
 span eff.   |    ed1 =  -0.021399    ed2 =  -0.000000



                  winc         g1     keelmiss     g2 
                  ----------------    ----------------
 z' force CL |   CLg1 =   0.095067   CLg2 =  -0.000000
 y  force CY |   CYg1 =   0.000000   CYg2 =  -0.026137
 x' mom.  Cl'|   Clg1 =   0.000000   Clg2 =   0.010483
 y  mom.  Cm |   Cmg1 =  -0.058842   Cmg2 =   0.000000
 z' mom.  Cn'|   Cng1 =  -0.000000   Cng2 =   0.004570
 Trefftz drag| CDffg1 =   0.003265 CDffg2 =  -0.000000
 span eff.   |    eg1 =   0.035690    eg2 =   0.000000



 Neutral point  Xnp =  -0.229073

 Clb Cnr / Clr Cnb  = 261.340387    (  > 1 if spirally stable )
