 ---------------------------------------------------------------
 Vortex Lattice Output -- Total Forces

 Configuration: Nemo Human Powered Hydrofoil. Wing (1.80 x 17)              
     # Surfaces =   6
     # Strips   = 102
     # Vortices =1476

  Sref = 0.19100       Cref = 0.11100       Bref =  1.8000    
  Xref =-0.12345       Yref =  0.0000       Zref = 0.98500    

 Standard axis orientation,  X fwd, Z down         

 Run case: V=4.2                                   

  Alpha =  -0.51753     pb/2V =  -0.00000     p'b/2V =  -0.00000
  Beta  =   0.00000     qc/2V =   0.00000
  Mach  =     0.000     rb/2V =  -0.00000     r'b/2V =  -0.00000

  CXtot =  -0.02681     Cltot =  -0.00000     Cl'tot =  -0.00000
  CYtot =   0.00000     Cmtot =   0.00000
  CZtot =  -0.57620     Cntot =   0.00000     Cn'tot =   0.00000

  CLtot =   0.57642
  CDtot =   0.02161
  CDvis =   0.01260     CDind =   0.00901
  CLff  =   0.57631     CDff  =   0.00901    | Trefftz
  CYff  =   0.00000         e =    0.6920    | Plane  

   elevator        =   8.36006
   rudder          =   0.00000

   winc            =   2.50000
   keelmiss        =   0.00000
 ---------------------------------------------------------------

 Stability-axis derivatives...

                             alpha                beta
                  ----------------    ----------------
 z' force CL |    CLa =   5.776745    CLb =   0.000000
 y  force CY |    CYa =  -0.000000    CYb =  -1.646061
 x' mom.  Cl'|    Cla =   0.000000    Clb =   0.651562
 y  mom.  Cm |    Cma =   0.310492    Cmb =   0.000000
 z' mom.  Cn'|    Cna =   0.000000    Cnb =  -0.078804

                     roll rate  p'      pitch rate  q'        yaw rate  r'
                  ----------------    ----------------    ----------------
 z' force CL |    CLp =   0.000000    CLq =  33.699836    CLr =  -0.000000
 y  force CY |    CYp =   1.388664    CYq =  -0.000000    CYr =   0.480573
 x' mom.  Cl'|    Clp =  -1.193264    Clq =  -0.000000    Clr =  -0.058826
 y  mom.  Cm |    Cmp =   0.000000    Cmq =-162.665299    Cmr =  -0.000000
 z' mom.  Cn'|    Cnp =  -0.034979    Cnq =   0.000000    Cnr =  -0.648678

                  elevator     d1     rudder       d2 
                  ----------------    ----------------
 z' force CL |   CLd1 =   0.005900   CLd2 =  -0.000000
 y  force CY |   CYd1 =   0.000000   CYd2 =  -0.001922
 x' mom.  Cl'|   Cld1 =  -0.000000   Cld2 =   0.000784
 y  mom.  Cm |   Cmd1 =   0.089469   Cmd2 =  -0.000000
 z' mom.  Cn'|   Cnd1 =   0.000000   Cnd2 =  -0.004864
 Trefftz drag| CDffd1 =   0.000624 CDffd2 =   0.000000
 span eff.   |    ed1 =  -0.033755    ed2 =  -0.000000



                  winc         g1     keelmiss     g2 
                  ----------------    ----------------
 z' force CL |   CLg1 =   0.095256   CLg2 =  -0.000000
 y  force CY |   CYg1 =   0.000000   CYg2 =  -0.026006
 x' mom.  Cl'|   Clg1 =   0.000000   Clg2 =   0.010304
 y  mom.  Cm |   Cmg1 =  -0.100764   Cmg2 =   0.000000
 z' mom.  Cn'|   Cng1 =   0.000000   Cng2 =   0.004533
 Trefftz drag| CDffg1 =   0.002023 CDffg2 =  -0.000000
 span eff.   |    eg1 =   0.073452    eg2 =   0.000000



 Neutral point  Xnp =  -0.129416

 Clb Cnr / Clr Cnb  = -91.173126    (  > 1 if spirally stable )
