 ---------------------------------------------------------------
 Surface Forces (referred to Sref,Cref,Bref about Xref,Yref,Zref)
 Standard axis orientation,  X fwd, Z down         

     Sref =  0.1910       Cref =    0.1110   Bref =    1.8000
     Xref =     -0.1235   Yref =    0.0000   Zref =    0.9850

 n      Area      CL      CD      Cm      CY      Cn      Cl     CDi     CDv
 1     0.095  0.2477  0.0064 -0.4712  0.0006  0.0018 -0.0547  0.0029  0.0035   Wing
 2     0.095  0.2477  0.0064 -0.4712 -0.0006 -0.0018  0.0547  0.0029  0.0035   Wing (YDUP)
 3     0.094  0.0000  0.0034 -0.0211  0.0000 -0.0000 -0.0000  0.0000  0.0034   Quilha
 4     0.009  0.0405  0.0023  0.4835  0.0000  0.0001 -0.0018  0.0016  0.0007   Canard
 5     0.009  0.0405  0.0023  0.4835 -0.0000 -0.0001  0.0018  0.0016  0.0007   Canard (YDUP)
 6     0.018  0.0000  0.0006 -0.0035  0.0000  0.0000 -0.0000  0.0000  0.0006   Leme

 Surface Forces (referred to Ssurf, Cave about root LE on hinge axis)

   n     Ssurf      Cave       cl       cd      cdv    cm_LE
   1     0.095     0.106   0.4960   0.0129   0.0071   0.0000  Wing
   2     0.095     0.106   0.4960   0.0129   0.0071   0.0000  Wing (YDUP)
   3     0.094     0.187  -0.0000   0.0070   0.0070   0.0000  Quilha
   4     0.009     0.051   0.8576   0.0495   0.0154   0.0000  Canard
   5     0.009     0.051   0.8576   0.0495   0.0154   0.0000  Canard (YDUP)
   6     0.018     0.060  -0.0000   0.0068   0.0068   0.0000  Leme
 ---------------------------------------------------------------
