 ---------------------------------------------------------------
 Vortex Lattice Output -- Total Forces

 Configuration: Nemo Human Powered Hydrofoil. Wing (1.80 x 17)              
     # Surfaces =   6
     # Strips   = 102
     # Vortices =1476

  Sref = 0.19100       Cref = 0.11100       Bref =  1.8000    
  Xref =-0.12345       Yref =  0.0000       Zref = 0.98500    

 Standard axis orientation,  X fwd, Z down         

 Run case: V=5.4                                   

  Alpha =  -2.73633     pb/2V =  -0.00000     p'b/2V =  -0.00000
  Beta  =   0.00000     qc/2V =   0.00000
  Mach  =     0.000     rb/2V =  -0.00000     r'b/2V =  -0.00000

  CXtot =  -0.03310     Cltot =  -0.00000     Cl'tot =  -0.00000
  CYtot =   0.00000     Cmtot =   0.00000
  CZtot =  -0.34752     Cntot =   0.00000     Cn'tot =   0.00000

  CLtot =   0.34870
  CDtot =   0.01647
  CDvis =   0.01257     CDind =   0.00390
  CLff  =   0.34849     CDff  =   0.00391    | Trefftz
  CYff  =   0.00000         e =    0.5834    | Plane  

   elevator        =   7.77675
   rudder          =   0.00000

   winc            =   2.50000
   keelmiss        =   0.00000
 ---------------------------------------------------------------

 Stability-axis derivatives...

                             alpha                beta
                  ----------------    ----------------
 z' force CL |    CLa =   5.803153    CLb =   0.000000
 y  force CY |    CYa =  -0.000000    CYb =  -1.635308
 x' mom.  Cl'|    Cla =   0.000000    Clb =   0.651752
 y  mom.  Cm |    Cma =  -2.776222    Cmb =  -0.000000
 z' mom.  Cn'|    Cna =   0.000000    Cnb =  -0.054435

                     roll rate  p'      pitch rate  q'        yaw rate  r'
                  ----------------    ----------------    ----------------
 z' force CL |    CLp =   0.000000    CLq =  29.718738    CLr =  -0.000000
 y  force CY |    CYp =   1.348443    CYq =  -0.000000    CYr =   0.531776
 x' mom.  Cl'|    Clp =  -1.182346    Clq =   0.000000    Clr =  -0.103955
 y  mom.  Cm |    Cmp =   0.000000    Cmq =-168.648647    Cmr =  -0.000000
 z' mom.  Cn'|    Cnp =  -0.015102    Cnq =   0.000000    Cnr =  -0.649131

                  elevator     d1     rudder       d2 
                  ----------------    ----------------
 z' force CL |   CLd1 =   0.005896   CLd2 =  -0.000000
 y  force CY |   CYd1 =   0.000000   CYd2 =  -0.001896
 x' mom.  Cl'|   Cld1 =  -0.000000   Cld2 =   0.000782
 y  mom.  Cm |   Cmd1 =   0.088430   Cmd2 =  -0.000000
 z' mom.  Cn'|   Cnd1 =   0.000000   Cnd2 =  -0.004826
 Trefftz drag| CDffd1 =   0.000460 CDffd2 =   0.000000
 span eff.   |    ed1 =  -0.048877    ed2 =  -0.000000



                  winc         g1     keelmiss     g2 
                  ----------------    ----------------
 z' force CL |   CLg1 =   0.095148   CLg2 =  -0.000000
 y  force CY |   CYg1 =   0.000000   CYg2 =  -0.025824
 x' mom.  Cl'|   Clg1 =   0.000000   Clg2 =   0.010151
 y  mom.  Cm |   Cmg1 =  -0.123415   Cmg2 =   0.000000
 z' mom.  Cn'|   Cng1 =   0.000000   Cng2 =   0.004493
 Trefftz drag| CDffg1 =   0.001214 CDffg2 =  -0.000000
 span eff.   |    eg1 =   0.138119    eg2 =   0.000000



 Neutral point  Xnp =  -0.070348

 Clb Cnr / Clr Cnb  = -74.763421    (  > 1 if spirally stable )
