 ---------------------------------------------------------------
 Vortex Lattice Output -- Total Forces

 Configuration: Nemo Human Powered Hydrofoil. Wing (1.80 x 17)              
     # Surfaces =   6
     # Strips   = 102
     # Vortices =1476

  Sref = 0.19100       Cref = 0.11100       Bref =  1.8000    
  Xref =-0.12345       Yref =  0.0000       Zref = 0.98500    

 Standard axis orientation,  X fwd, Z down         

 Run case: V=6.0                                   

  Alpha =  -3.36759     pb/2V =  -0.00000     p'b/2V =  -0.00000
  Beta  =   0.00000     qc/2V =   0.00000
  Mach  =     0.000     rb/2V =  -0.00000     r'b/2V =  -0.00000

  CXtot =  -0.03258     Cltot =  -0.00000     Cl'tot =  -0.00000
  CYtot =   0.00000     Cmtot =   0.00000
  CZtot =  -0.28102     Cntot =   0.00000     Cn'tot =  -0.00000

  CLtot =   0.28245
  CDtot =   0.01602
  CDvis =   0.01324     CDind =   0.00277
  CLff  =   0.28226     CDff  =   0.00278    | Trefftz
  CYff  =   0.00000         e =    0.5386    | Plane  

   elevator        =   7.39095
   rudder          =   0.00000

   winc            =   2.50000
   keelmiss        =   0.00000
 ---------------------------------------------------------------

 Stability-axis derivatives...

                             alpha                beta
                  ----------------    ----------------
 z' force CL |    CLa =   5.807897    CLb =   0.000000
 y  force CY |    CYa =  -0.000000    CYb =  -1.632298
 x' mom.  Cl'|    Cla =   0.000000    Clb =   0.651773
 y  mom.  Cm |    Cma =  -3.443322    Cmb =   0.000000
 z' mom.  Cn'|    Cna =   0.000000    Cnb =  -0.047009

                     roll rate  p'      pitch rate  q'        yaw rate  r'
                  ----------------    ----------------    ----------------
 z' force CL |    CLp =   0.000000    CLq =  28.551310    CLr =  -0.000000
 y  force CY |    CYp =   1.336842    CYq =  -0.000000    CYr =   0.546259
 x' mom.  Cl'|    Clp =  -1.179386    Clq =   0.000000    Clr =  -0.116849
 y  mom.  Cm |    Cmp =  -0.000000    Cmq =-169.642828    Cmr =   0.000000
 z' mom.  Cn'|    Cnp =  -0.013642    Cnq =   0.000000    Cnr =  -0.648899

                  elevator     d1     rudder       d2 
                  ----------------    ----------------
 z' force CL |   CLd1 =   0.005893   CLd2 =   0.000000
 y  force CY |   CYd1 =   0.000000   CYd2 =  -0.001884
 x' mom.  Cl'|   Cld1 =  -0.000000   Cld2 =   0.000780
 y  mom.  Cm |   Cmd1 =   0.088153   Cmd2 =  -0.000000
 z' mom.  Cn'|   Cnd1 =   0.000000   Cnd2 =  -0.004809
 Trefftz drag| CDffd1 =   0.000402 CDffd2 =  -0.000000
 span eff.   |    ed1 =  -0.055511    ed2 =   0.000000



                  winc         g1     keelmiss     g2 
                  ----------------    ----------------
 z' force CL |   CLg1 =   0.095085   CLg2 =  -0.000000
 y  force CY |   CYg1 =   0.000000   CYg2 =  -0.025758
 x' mom.  Cl'|   Clg1 =   0.000000   Clg2 =   0.010103
 y  mom.  Cm |   Cmg1 =  -0.126037   Cmg2 =   0.000000
 z' mom.  Cn'|   Cng1 =   0.000000   Cng2 =   0.004482
 Trefftz drag| CDffg1 =   0.000980 CDffg2 =  -0.000000
 span eff.   |    eg1 =   0.174008    eg2 =   0.000000



 Neutral point  Xnp =  -0.057642

 Clb Cnr / Clr Cnb  = -76.995541    (  > 1 if spirally stable )
