 ---------------------------------------------------------------
 Surface Forces (referred to Sref,Cref,Bref about Xref,Yref,Zref)
 Standard axis orientation,  X fwd, Z down         

     Sref =  0.1910       Cref =    0.1110   Bref =    1.8000
     Xref =     -0.1235   Yref =    0.0000   Zref =    0.9850

 n      Area      CL      CD      Cm      CY      Cn      Cl     CDi     CDv
 1     0.095  0.2912  0.0076 -0.5062  0.0005  0.0011 -0.0640  0.0039  0.0037   Wing
 2     0.095  0.2912  0.0076 -0.5062 -0.0005 -0.0011  0.0640  0.0039  0.0037   Wing (YDUP)
 3     0.094 -0.0000  0.0034 -0.0212  0.0000 -0.0000 -0.0000  0.0000  0.0034   Quilha
 4     0.009  0.0431  0.0026  0.5185 -0.0000  0.0001 -0.0019  0.0018  0.0007   Canard
 5     0.009  0.0431  0.0026  0.5185  0.0000 -0.0001  0.0019  0.0018  0.0007   Canard (YDUP)
 6     0.018  0.0000  0.0006 -0.0033  0.0000  0.0000 -0.0000  0.0000  0.0006   Leme

 Surface Forces (referred to Ssurf, Cave about root LE on hinge axis)

   n     Ssurf      Cave       cl       cd      cdv    cm_LE
   1     0.095     0.106   0.5831   0.0152   0.0074   0.0000  Wing
   2     0.095     0.106   0.5831   0.0152   0.0074   0.0000  Wing (YDUP)
   3     0.094     0.187  -0.0000   0.0070   0.0070   0.0000  Quilha
   4     0.009     0.051   0.9113   0.0541   0.0156   0.0000  Canard
   5     0.009     0.051   0.9113   0.0541   0.0156   0.0000  Canard (YDUP)
   6     0.018     0.060  -0.0000   0.0068   0.0069   0.0000  Leme
 ---------------------------------------------------------------
