 ---------------------------------------------------------------
 Vortex Lattice Output -- Total Forces

 Configuration: Nemo Human Powered Hydrofoil. Wing (1.80 x 17)              
     # Surfaces =   6
     # Strips   = 102
     # Vortices =1476

  Sref = 0.19100       Cref = 0.11100       Bref =  1.8000    
  Xref =-0.12345       Yref =  0.0000       Zref = 0.98500    

 Standard axis orientation,  X fwd, Z down         

 Run case: V=3.9                                   

  Alpha =   0.40836     pb/2V =  -0.00000     p'b/2V =  -0.00000
  Beta  =   0.00000     qc/2V =   0.00000
  Mach  =     0.000     rb/2V =  -0.00000     r'b/2V =  -0.00000

  CXtot =  -0.01965     Cltot =  -0.00000     Cl'tot =  -0.00000
  CYtot =   0.00000     Cmtot =   0.00000
  CZtot =  -0.66867     Cntot =   0.00000     Cn'tot =   0.00000

  CLtot =   0.66851
  CDtot =   0.02441
  CDvis =   0.01291     CDind =   0.01150
  CLff  =   0.66856     CDff  =   0.01149    | Trefftz
  CYff  =   0.00000         e =    0.7297    | Plane  

   elevator        =   8.16663
   rudder          =   0.00000

   winc            =   2.50000
   keelmiss        =   0.00000
 ---------------------------------------------------------------

 Stability-axis derivatives...

                             alpha                beta
                  ----------------    ----------------
 z' force CL |    CLa =   5.761673    CLb =  -0.000000
 y  force CY |    CYa =  -0.000000    CYb =  -1.649748
 x' mom.  Cl'|    Cla =   0.000000    Clb =   0.650997
 y  mom.  Cm |    Cma =   1.671236    Cmb =   0.000000
 z' mom.  Cn'|    Cna =   0.000000    Cnb =  -0.088556

                     roll rate  p'      pitch rate  q'        yaw rate  r'
                  ----------------    ----------------    ----------------
 z' force CL |    CLp =  -0.000000    CLq =  35.286616    CLr =  -0.000000
 y  force CY |    CYp =   1.404265    CYq =  -0.000000    CYr =   0.459080
 x' mom.  Cl'|    Clp =  -1.197436    Clq =  -0.000000    Clr =  -0.040018
 y  mom.  Cm |    Cmp =   0.000000    Cmq =-160.428285    Cmr =  -0.000000
 z' mom.  Cn'|    Cnp =  -0.044233    Cnq =   0.000000    Cnr =  -0.647844

                  elevator     d1     rudder       d2 
                  ----------------    ----------------
 z' force CL |   CLd1 =   0.005897   CLd2 =  -0.000000
 y  force CY |   CYd1 =   0.000000   CYd2 =  -0.001926
 x' mom.  Cl'|   Cld1 =  -0.000000   Cld2 =   0.000783
 y  mom.  Cm |   Cmd1 =   0.089885   Cmd2 =  -0.000000
 z' mom.  Cn'|   Cnd1 =   0.000000   Cnd2 =  -0.004870
 Trefftz drag| CDffd1 =   0.000671 CDffd2 =   0.000000
 span eff.   |    ed1 =  -0.029716    ed2 =  -0.000000



                  winc         g1     keelmiss     g2 
                  ----------------    ----------------
 z' force CL |   CLg1 =   0.095249   CLg2 =  -0.000000
 y  force CY |   CYg1 =   0.000000   CYg2 =  -0.026060
 x' mom.  Cl'|   Clg1 =   0.000000   Clg2 =   0.010358
 y  mom.  Cm |   Cmg1 =  -0.089788   Cmg2 =   0.000000
 z' mom.  Cn'|   Cng1 =   0.000000   Cng2 =   0.004546
 Trefftz drag| CDffg1 =   0.002351 CDffg2 =  -0.000000
 span eff.   |    eg1 =   0.058582    eg2 =   0.000000



 Neutral point  Xnp =  -0.155647

 Clb Cnr / Clr Cnb  =-119.007708    (  > 1 if spirally stable )
