 ---------------------------------------------------------------
 Vortex Lattice Output -- Total Forces

 Configuration: Nemo Human Powered Hydrofoil. Wing (1.80 x 17)              
     # Surfaces =   6
     # Strips   = 102
     # Vortices =1476

  Sref = 0.19100       Cref = 0.11100       Bref =  1.8000    
  Xref =-0.12345       Yref =  0.0000       Zref = 0.98500    

 Standard axis orientation,  X fwd, Z down         

 Run case: V=4.8                                   

  Alpha =  -1.84497     pb/2V =  -0.00000     p'b/2V =  -0.00000
  Beta  =   0.00000     qc/2V =   0.00000
  Mach  =     0.000     rb/2V =  -0.00000     r'b/2V =  -0.00000

  CXtot =  -0.03237     Cltot =  -0.00000     Cl'tot =  -0.00000
  CYtot =   0.00000     Cmtot =   0.00000
  CZtot =  -0.44051     Cntot =   0.00000     Cn'tot =   0.00000

  CLtot =   0.44132
  CDtot =   0.01817
  CDvis =   0.01239     CDind =   0.00578
  CLff  =   0.44111     CDff  =   0.00578    | Trefftz
  CYff  =   0.00000         e =    0.6320    | Plane  

   elevator        =   8.18287
   rudder          =   0.00000

   winc            =   2.50000
   keelmiss        =   0.00000
 ---------------------------------------------------------------

 Stability-axis derivatives...

                             alpha                beta
                  ----------------    ----------------
 z' force CL |    CLa =   5.794294    CLb =   0.000000
 y  force CY |    CYa =  -0.000000    CYb =  -1.639885
 x' mom.  Cl'|    Cla =   0.000000    Clb =   0.651844
 y  mom.  Cm |    Cma =  -1.641381    Cmb =  -0.000000
 z' mom.  Cn'|    Cna =   0.000000    Cnb =  -0.064442

                     roll rate  p'      pitch rate  q'        yaw rate  r'
                  ----------------    ----------------    ----------------
 z' force CL |    CLp =   0.000000    CLq =  31.347016    CLr =  -0.000000
 y  force CY |    CYp =   1.365012    CYq =  -0.000000    CYr =   0.511271
 x' mom.  Cl'|    Clp =  -1.186842    Clq =  -0.000000    Clr =  -0.085808
 y  mom.  Cm |    Cmp =   0.000000    Cmq =-166.680141    Cmr =   0.000000
 z' mom.  Cn'|    Cnp =  -0.021954    Cnq =   0.000000    Cnr =  -0.649242

                  elevator     d1     rudder       d2 
                  ----------------    ----------------
 z' force CL |   CLd1 =   0.005899   CLd2 =  -0.000000
 y  force CY |   CYd1 =   0.000000   CYd2 =  -0.001909
 x' mom.  Cl'|   Cld1 =  -0.000000   Cld2 =   0.000784
 y  mom.  Cm |   Cmd1 =   0.088883   Cmd2 =  -0.000000
 z' mom.  Cn'|   Cnd1 =   0.000000   Cnd2 =  -0.004845
 Trefftz drag| CDffd1 =   0.000534 CDffd2 =   0.000000
 span eff.   |    ed1 =  -0.041493    ed2 =  -0.000000



                  winc         g1     keelmiss     g2 
                  ----------------    ----------------
 z' force CL |   CLg1 =   0.095213   CLg2 =  -0.000000
 y  force CY |   CYg1 =   0.000000   CYg2 =  -0.025906
 x' mom.  Cl'|   Clg1 =   0.000000   Clg2 =   0.010216
 y  mom.  Cm |   Cmg1 =  -0.116293   Cmg2 =   0.000000
 z' mom.  Cn'|   Cng1 =   0.000000   Cng2 =   0.004510
 Trefftz drag| CDffg1 =   0.001542 CDffg2 =  -0.000000
 span eff.   |    eg1 =   0.104606    eg2 =   0.000000



 Neutral point  Xnp =  -0.092006

 Clb Cnr / Clr Cnb  = -76.533386    (  > 1 if spirally stable )
