 ---------------------------------------------------------------
 Vortex Lattice Output -- Total Forces

 Configuration: Nemo Human Powered Hydrofoil. Wing (1.80 x 17)              
     # Surfaces =   6
     # Strips   = 102
     # Vortices =1476

  Sref = 0.19100       Cref = 0.11100       Bref =  1.8000    
  Xref =-0.13345       Yref =  0.0000       Zref = 0.98500    

 Standard axis orientation,  X fwd, Z down         

 Run case: V=4.20                                  

  Alpha =  -1.85000     pb/2V =  -0.00000     p'b/2V =  -0.00000
  Beta  =   0.00000     qc/2V =   0.00000
  Mach  =     0.000     rb/2V =  -0.00000     r'b/2V =  -0.00000

  CXtot =  -0.03300     Cltot =  -0.00000     Cl'tot =  -0.00000
  CYtot =   0.00000     Cmtot =   0.02842
  CZtot =  -0.44482     Cntot =   0.00000     Cn'tot =   0.00000

  CLtot =   0.44566
  CDtot =   0.01862
  CDvis =   0.01241     CDind =   0.00622
  CLff  =   0.44542     CDff  =   0.00622    | Trefftz
  CYff  =   0.00000         e =    0.5987    | Plane  

   elevator        =   9.00000
   rudder          =   0.00000

   winc            =   2.50000
   keelmiss        =   0.00000
 ---------------------------------------------------------------

 Stability-axis derivatives...

                             alpha                beta
                  ----------------    ----------------
 z' force CL |    CLa =   5.793838    CLb =   0.000000
 y  force CY |    CYa =  -0.000000    CYb =  -1.640592
 x' mom.  Cl'|    Cla =   0.000000    Clb =   0.651780
 y  mom.  Cm |    Cma =  -2.164134    Cmb =  -0.000000
 z' mom.  Cn'|    Cna =   0.000000    Cnb =  -0.055894

                     roll rate  p'      pitch rate  q'        yaw rate  r'
                  ----------------    ----------------    ----------------
 z' force CL |    CLp =   0.000000    CLq =  32.514061    CLr =  -0.000000
 y  force CY |    CYp =   1.365014    CYq =   0.000000    CYr =   0.528272
 x' mom.  Cl'|    Clp =  -1.186560    Clq =  -0.000000    Clr =  -0.092634
 y  mom.  Cm |    Cmp =   0.000000    Cmq =-168.608109    Cmr =   0.000000
 z' mom.  Cn'|    Cnp =  -0.028904    Cnq =  -0.000000    Cnr =  -0.652372

                  elevator     d1     rudder       d2 
                  ----------------    ----------------
 z' force CL |   CLd1 =   0.005900   CLd2 =  -0.000000
 y  force CY |   CYd1 =   0.000000   CYd2 =  -0.001920
 x' mom.  Cl'|   Cld1 =  -0.000000   Cld2 =   0.000788
 y  mom.  Cm |   Cmd1 =   0.088193   Cmd2 =  -0.000000
 z' mom.  Cn'|   Cnd1 =   0.000000   Cnd2 =  -0.004842
 Trefftz drag| CDffd1 =   0.000572 CDffd2 =  -0.000000
 span eff.   |    ed1 =  -0.039225    ed2 =   0.000000



                  winc         g1     keelmiss     g2 
                  ----------------    ----------------
 z' force CL |   CLg1 =   0.095213   CLg2 =  -0.000000
 y  force CY |   CYg1 =   0.000000   CYg2 =  -0.025904
 x' mom.  Cl'|   Clg1 =   0.000000   Clg2 =   0.010215
 y  mom.  Cm |   Cmg1 =  -0.125055   Cmg2 =   0.000000
 z' mom.  Cn'|   Cng1 =   0.000000   Cng2 =   0.004653
 Trefftz drag| CDffg1 =   0.001553 CDffg2 =  -0.000000
 span eff.   |    eg1 =   0.106942    eg2 =   0.000000



 Neutral point  Xnp =  -0.091989

 Clb Cnr / Clr Cnb  = -82.121694    (  > 1 if spirally stable )
