 ---------------------------------------------------------------
 Vortex Lattice Output -- Total Forces

 Configuration: Nemo Human Powered Hydrofoil. Wing (1.80 x 17)              
     # Surfaces =   6
     # Strips   = 102
     # Vortices =1476

  Sref = 0.19100       Cref = 0.11100       Bref =  1.8000    
  Xref =-0.13345       Yref =  0.0000       Zref = 0.98500    

 Standard axis orientation,  X fwd, Z down         

 Run case: V=6.00                                  

  Alpha =   1.45000     pb/2V =  -0.00000     p'b/2V =  -0.00000
  Beta  =   0.00000     qc/2V =   0.00000
  Mach  =     0.000     rb/2V =  -0.00000     r'b/2V =  -0.00000

  CXtot =  -0.00944     Cltot =  -0.00000     Cl'tot =  -0.00000
  CYtot =   0.00000     Cmtot =   0.04322
  CZtot =  -0.77846     Cntot =   0.00000     Cn'tot =   0.00000

  CLtot =   0.77797
  CDtot =   0.02913
  CDvis =   0.01365     CDind =   0.01548
  CLff  =   0.77832     CDff  =   0.01548    | Trefftz
  CYff  =   0.00000         e =    0.7344    | Plane  

   elevator        =   9.00000
   rudder          =   0.00000

   winc            =   2.50000
   keelmiss        =   0.00000
 ---------------------------------------------------------------

 Stability-axis derivatives...

                             alpha                beta
                  ----------------    ----------------
 z' force CL |    CLa =   5.740334    CLb =   0.000000
 y  force CY |    CYa =  -0.000000    CYb =  -1.654681
 x' mom.  Cl'|    Cla =   0.000000    Clb =   0.650636
 y  mom.  Cm |    Cma =   2.662440    Cmb =   0.000000
 z' mom.  Cn'|    Cna =   0.000000    Cnb =  -0.091272

                     roll rate  p'      pitch rate  q'        yaw rate  r'
                  ----------------    ----------------    ----------------
 z' force CL |    CLp =   0.000000    CLq =  38.272607    CLr =  -0.000000
 y  force CY |    CYp =   1.422551    CYq =   0.000000    CYr =   0.450654
 x' mom.  Cl'|    Clp =  -1.202548    Clq =  -0.000000    Clr =  -0.025394
 y  mom.  Cm |    Cmp =  -0.000000    Cmq =-158.768071    Cmr =   0.000000
 z' mom.  Cn'|    Cnp =  -0.061592    Cnq =  -0.000000    Cnr =  -0.649705

                  elevator     d1     rudder       d2 
                  ----------------    ----------------
 z' force CL |   CLd1 =   0.005892   CLd2 =  -0.000000
 y  force CY |   CYd1 =   0.000000   CYd2 =  -0.001942
 x' mom.  Cl'|   Cld1 =  -0.000000   Cld2 =   0.000785
 y  mom.  Cm |   Cmd1 =   0.089116   Cmd2 =  -0.000000
 z' mom.  Cn'|   Cnd1 =   0.000000   Cnd2 =  -0.004875
 Trefftz drag| CDffd1 =   0.000773 CDffd2 =   0.000000
 span eff.   |    ed1 =  -0.025550    ed2 =  -0.000000



                  winc         g1     keelmiss     g2 
                  ----------------    ----------------
 z' force CL |   CLg1 =   0.095204   CLg2 =  -0.000000
 y  force CY |   CYg1 =   0.000000   CYg2 =  -0.026102
 x' mom.  Cl'|   Clg1 =   0.000000   Clg2 =   0.010413
 y  mom.  Cm |   Cmg1 =  -0.086074   Cmg2 =   0.000000
 z' mom.  Cn'|   Cng1 =   0.000000   Cng2 =   0.004703
 Trefftz drag| CDffg1 =   0.002734 CDffg2 =  -0.000000
 span eff.   |    eg1 =   0.049727    eg2 =   0.000000



 Neutral point  Xnp =  -0.184933

 Clb Cnr / Clr Cnb  =-182.380710    (  > 1 if spirally stable )
