 ---------------------------------------------------------------
 Vortex Lattice Output -- Total Forces

 Configuration: Nemo Human Powered Hydrofoil. Wing (1.80 x 17)              
     # Surfaces =   6
     # Strips   = 102
     # Vortices =1476

  Sref = 0.19100       Cref = 0.11100       Bref =  1.8000    
  Xref =-0.13345       Yref =  0.0000       Zref = 0.98500    

 Standard axis orientation,  X fwd, Z down         

 Run case: V=6.30                                  

  Alpha =   2.00000     pb/2V =  -0.00000     p'b/2V =  -0.00000
  Beta  =   0.00000     qc/2V =   0.00000
  Mach  =     0.000     rb/2V =  -0.00000     r'b/2V =  -0.00000

  CXtot =  -0.00277     Cltot =  -0.00000     Cl'tot =  -0.00000
  CYtot =   0.00000     Cmtot =   0.07044
  CZtot =  -0.83362     Cntot =   0.00000     Cn'tot =   0.00000

  CLtot =   0.83302
  CDtot =   0.03186
  CDvis =   0.01441     CDind =   0.01745
  CLff  =   0.83359     CDff  =   0.01746    | Trefftz
  CYff  =   0.00000         e =    0.7469    | Plane  

   elevator        =   9.00000
   rudder          =   0.00000

   winc            =   2.50000
   keelmiss        =   0.00000
 ---------------------------------------------------------------

 Stability-axis derivatives...

                             alpha                beta
                  ----------------    ----------------
 z' force CL |    CLa =   5.728278    CLb =   0.000000
 y  force CY |    CYa =  -0.000000    CYb =  -1.657051
 x' mom.  Cl'|    Cla =   0.000000    Clb =   0.650294
 y  mom.  Cm |    Cma =   3.443851    Cmb =   0.000000
 z' mom.  Cn'|    Cna =   0.000000    Cnb =  -0.097448

                     roll rate  p'      pitch rate  q'        yaw rate  r'
                  ----------------    ----------------    ----------------
 z' force CL |    CLp =  -0.000000    CLq =  39.216906    CLr =  -0.000000
 y  force CY |    CYp =   1.431737    CYq =   0.000000    CYr =   0.436540
 x' mom.  Cl'|    Clp =  -1.205075    Clq =  -0.000000    Clr =  -0.013815
 y  mom.  Cm |    Cmp =   0.000000    Cmq =-156.871321    Cmr =  -0.000000
 z' mom.  Cn'|    Cnp =  -0.066693    Cnq =  -0.000000    Cnr =  -0.649665

                  elevator     d1     rudder       d2 
                  ----------------    ----------------
 z' force CL |   CLd1 =   0.005888   CLd2 =   0.000000
 y  force CY |   CYd1 =   0.000000   CYd2 =  -0.001945
 x' mom.  Cl'|   Cld1 =  -0.000000   Cld2 =   0.000785
 y  mom.  Cm |   Cmd1 =   0.088733   Cmd2 =  -0.000000
 z' mom.  Cn'|   Cnd1 =   0.000000   Cnd2 =  -0.004877
 Trefftz drag| CDffd1 =   0.000805 CDffd2 =   0.000000
 span eff.   |    ed1 =  -0.023920    ed2 =  -0.000000



                  winc         g1     keelmiss     g2 
                  ----------------    ----------------
 z' force CL |   CLg1 =   0.095165   CLg2 =  -0.000000
 y  force CY |   CYg1 =   0.000000   CYg2 =  -0.026118
 x' mom.  Cl'|   Clg1 =   0.000000   Clg2 =   0.010439
 y  mom.  Cm |   Cmg1 =  -0.079503   Cmg2 =   0.000000
 z' mom.  Cn'|   Cng1 =  -0.000000   Cng2 =   0.004708
 Trefftz drag| CDffg1 =   0.002928 CDffg2 =  -0.000000
 span eff.   |    eg1 =   0.044964    eg2 =   0.000000



 Neutral point  Xnp =  -0.200183

 Clb Cnr / Clr Cnb  =-313.811219    (  > 1 if spirally stable )
