 ---------------------------------------------------------------
 Vortex Lattice Output -- Total Forces

 Configuration: Nemo Human Powered Hydrofoil. Wing (1.80 x 17)              
     # Surfaces =   6
     # Strips   = 102
     # Vortices =1476

  Sref = 0.19100       Cref = 0.11100       Bref =  1.8000    
  Xref =-0.13345       Yref =  0.0000       Zref = 0.98500    

 Standard axis orientation,  X fwd, Z down         

 Run case: V=5.70                                  

  Alpha =   0.90000     pb/2V =  -0.00000     p'b/2V =  -0.00000
  Beta  =   0.00000     qc/2V =   0.00000
  Mach  =     0.000     rb/2V =  -0.00000     r'b/2V =  -0.00000

  CXtot =  -0.01545     Cltot =  -0.00000     Cl'tot =  -0.00000
  CYtot =   0.00000     Cmtot =   0.02229
  CZtot =  -0.72315     Cntot =   0.00000     Cn'tot =   0.00000

  CLtot =   0.72281
  CDtot =   0.02681
  CDvis =   0.01318     CDind =   0.01363
  CLff  =   0.72299     CDff  =   0.01362    | Trefftz
  CYff  =   0.00000         e =    0.7200    | Plane  

   elevator        =   9.00000
   rudder          =   0.00000

   winc            =   2.50000
   keelmiss        =   0.00000
 ---------------------------------------------------------------

 Stability-axis derivatives...

                             alpha                beta
                  ----------------    ----------------
 z' force CL |    CLa =   5.751501    CLb =  -0.000000
 y  force CY |    CYa =  -0.000000    CYb =  -1.652448
 x' mom.  Cl'|    Cla =   0.000000    Clb =   0.650983
 y  mom.  Cm |    Cma =   1.874737    Cmb =  -0.000000
 z' mom.  Cn'|    Cna =   0.000000    Cnb =  -0.085283

                     roll rate  p'      pitch rate  q'        yaw rate  r'
                  ----------------    ----------------    ----------------
 z' force CL |    CLp =  -0.000000    CLq =  37.319743    CLr =  -0.000000
 y  force CY |    CYp =   1.413339    CYq =   0.000000    CYr =   0.464229
 x' mom.  Cl'|    Clp =  -1.200014    Clq =  -0.000000    Clr =  -0.036792
 y  mom.  Cm |    Cmp =  -0.000000    Cmq =-160.657331    Cmr =  -0.000000
 z' mom.  Cn'|    Cnp =  -0.056268    Cnq =  -0.000000    Cnr =  -0.650040

                  elevator     d1     rudder       d2 
                  ----------------    ----------------
 z' force CL |   CLd1 =   0.005895   CLd2 =  -0.000000
 y  force CY |   CYd1 =   0.000000   CYd2 =  -0.001940
 x' mom.  Cl'|   Cld1 =  -0.000000   Cld2 =   0.000786
 y  mom.  Cm |   Cmd1 =   0.089340   Cmd2 =  -0.000000
 z' mom.  Cn'|   Cnd1 =   0.000000   Cnd2 =  -0.004872
 Trefftz drag| CDffd1 =   0.000740 CDffd2 =  -0.000000
 span eff.   |    ed1 =  -0.027359    ed2 =   0.000000



                  winc         g1     keelmiss     g2 
                  ----------------    ----------------
 z' force CL |   CLg1 =   0.095232   CLg2 =  -0.000000
 y  force CY |   CYg1 =   0.000000   CYg2 =  -0.026081
 x' mom.  Cl'|   Clg1 =   0.000000   Clg2 =   0.010385
 y  mom.  Cm |   Cmg1 =  -0.092642   Cmg2 =   0.000000
 z' mom.  Cn'|   Cng1 =   0.000000   Cng2 =   0.004697
 Trefftz drag| CDffg1 =   0.002539 CDffg2 =   0.000000
 span eff.   |    eg1 =   0.055359    eg2 =  -0.000000



 Neutral point  Xnp =  -0.169631

 Clb Cnr / Clr Cnb  =-134.865249    (  > 1 if spirally stable )
