 ---------------------------------------------------------------
 Surface Forces (referred to Sref,Cref,Bref about Xref,Yref,Zref)
 Standard axis orientation,  X fwd, Z down         

     Sref =  0.1910       Cref =    0.1110   Bref =    1.8000
     Xref =     -0.1335   Yref =    0.0000   Zref =    0.9850

 n      Area      CL      CD      Cm      CY      Cn      Cl     CDi     CDv
 1     0.095  0.3137  0.0084 -0.5484  0.0004  0.0006 -0.0689  0.0046  0.0038   Wing
 2     0.095  0.3137  0.0084 -0.5484 -0.0004 -0.0006  0.0689  0.0046  0.0038   Wing (YDUP)
 3     0.094 -0.0000  0.0034 -0.0213  0.0000 -0.0000 -0.0000  0.0000  0.0034   Quilha
 4     0.009  0.0477  0.0030  0.5718 -0.0000  0.0001 -0.0021  0.0022  0.0008   Canard
 5     0.009  0.0477  0.0030  0.5718  0.0000 -0.0001  0.0021  0.0022  0.0008   Canard (YDUP)
 6     0.018  0.0000  0.0006 -0.0033  0.0000  0.0000 -0.0000  0.0000  0.0006   Leme

 Surface Forces (referred to Ssurf, Cave about root LE on hinge axis)

   n     Ssurf      Cave       cl       cd      cdv    cm_LE
   1     0.095     0.106   0.6282   0.0168   0.0076   0.0000  Wing
   2     0.095     0.106   0.6282   0.0168   0.0076   0.0000  Wing (YDUP)
   3     0.094     0.187  -0.0000   0.0070   0.0070   0.0000  Quilha
   4     0.009     0.051   1.0089   0.0634   0.0162   0.0000  Canard
   5     0.009     0.051   1.0089   0.0634   0.0162   0.0000  Canard (YDUP)
   6     0.018     0.060  -0.0000   0.0069   0.0069   0.0000  Leme
 ---------------------------------------------------------------
