 ---------------------------------------------------------------
 Vortex Lattice Output -- Total Forces

 Configuration: Nemo Human Powered Hydrofoil. Wing (1.80 x 17)              
     # Surfaces =   6
     # Strips   = 102
     # Vortices =1476

  Sref = 0.19100       Cref = 0.11100       Bref =  1.8000    
  Xref =-0.12345       Yref =  0.0000       Zref = 0.98500    

 Standard axis orientation,  X fwd, Z down         

 Run case: V=3.60                                  

  Alpha =   1.60171     pb/2V =  -0.00000     p'b/2V =  -0.00000
  Beta  =   0.00000     qc/2V =  -0.00000
  Mach  =     0.000     rb/2V =  -0.00000     r'b/2V =  -0.00000

  CXtot =  -0.00650     Cltot =  -0.00000     Cl'tot =  -0.00000
  CYtot =   0.00000     Cmtot =   0.00000
  CZtot =  -0.78506     Cntot =   0.00000     Cn'tot =   0.00000

  CLtot =   0.78457
  CDtot =   0.02845
  CDvis =   0.01353     CDind =   0.01492
  CLff  =   0.78495     CDff  =   0.01492    | Trefftz
  CYff  =   0.00000         e =    0.7751    | Plane  

   elevator        =   7.53489
   rudder          =   0.00000

   winc            =   2.50000
   keelmiss        =   0.00000
 ---------------------------------------------------------------

 Stability-axis derivatives...

                             alpha                beta
                  ----------------    ----------------
 z' force CL |    CLa =   5.739127    CLb =  -0.000000
 y  force CY |    CYa =  -0.000000    CYb =  -1.653739
 x' mom.  Cl'|    Cla =   0.000000    Clb =   0.649835
 y  mom.  Cm |    Cma =   3.425349    Cmb =  -0.000000
 z' mom.  Cn'|    Cna =   0.000000    Cnb =  -0.100786

                     roll rate  p'      pitch rate  q'        yaw rate  r'
                  ----------------    ----------------    ----------------
 z' force CL |    CLp =  -0.000000    CLq =  37.266067    CLr =  -0.000000
 y  force CY |    CYp =   1.423290    CYq =  -0.000000    CYr =   0.431324
 x' mom.  Cl'|    Clp =  -1.202451    Clq =  -0.000000    Clr =  -0.015774
 y  mom.  Cm |    Cmp =   0.000000    Cmq =-158.225890    Cmr =  -0.000000
 z' mom.  Cn'|    Cnp =  -0.056320    Cnq =   0.000000    Cnr =  -0.646200

                  elevator     d1     rudder       d2 
                  ----------------    ----------------
 z' force CL |   CLd1 =   0.005892   CLd2 =  -0.000000
 y  force CY |   CYd1 =   0.000000   CYd2 =  -0.001924
 x' mom.  Cl'|   Cld1 =  -0.000000   Cld2 =   0.000778
 y  mom.  Cm |   Cmd1 =   0.090426   Cmd2 =  -0.000000
 z' mom.  Cn'|   Cnd1 =   0.000000   Cnd2 =  -0.004871
 Trefftz drag| CDffd1 =   0.000713 CDffd2 =   0.000000
 span eff.   |    ed1 =  -0.025418    ed2 =  -0.000000



                  winc         g1     keelmiss     g2 
                  ----------------    ----------------
 z' force CL |   CLg1 =   0.095195   CLg2 =  -0.000000
 y  force CY |   CYg1 =   0.000000   CYg2 =  -0.026109
 x' mom.  Cl'|   Clg1 =   0.000000   Clg2 =   0.010422
 y  mom.  Cm |   Cmg1 =  -0.075491   Cmg2 =   0.000000
 z' mom.  Cn'|   Cng1 =   0.000000   Cng2 =   0.004560
 Trefftz drag| CDffg1 =   0.002766 CDffg2 =  -0.000000
 span eff.   |    eg1 =   0.044013    eg2 =  -0.000000



 Neutral point  Xnp =  -0.189699

 Clb Cnr / Clr Cnb  =-264.139976    (  > 1 if spirally stable )
