 ---------------------------------------------------------------
 Vortex Lattice Output -- Total Forces

 Configuration: Nemo Human Powered Hydrofoil. Wing (1.80 x 17)              
     # Surfaces =   6
     # Strips   = 102
     # Vortices =1476

  Sref = 0.19100       Cref = 0.11100       Bref =  1.8000    
  Xref =-0.12345       Yref =  0.0000       Zref = 0.98500    

 Standard axis orientation,  X fwd, Z down         

 Run case: V=4.50                                  

  Alpha =  -1.25184     pb/2V =  -0.00000     p'b/2V =  -0.00000
  Beta  =   0.00000     qc/2V =   0.00000
  Mach  =     0.000     rb/2V =  -0.00000     r'b/2V =  -0.00000

  CXtot =  -0.03057     Cltot =  -0.00000     Cl'tot =  -0.00000
  CYtot =   0.00000     Cmtot =   0.00000
  CZtot =  -0.50158     Cntot =   0.00000     Cn'tot =   0.00000

  CLtot =   0.50213
  CDtot =   0.01961
  CDvis =   0.01244     CDind =   0.00717
  CLff  =   0.50194     CDff  =   0.00716    | Trefftz
  CYff  =   0.00000         e =    0.6600    | Plane  

   elevator        =   8.32793
   rudder          =   0.00000

   winc            =   2.50000
   keelmiss        =   0.00000
 ---------------------------------------------------------------

 Stability-axis derivatives...

                             alpha                beta
                  ----------------    ----------------
 z' force CL |    CLa =   5.787071    CLb =  -0.000000
 y  force CY |    CYa =  -0.000000    CYb =  -1.642769
 x' mom.  Cl'|    Cla =   0.000000    Clb =   0.651794
 y  mom.  Cm |    Cma =  -0.768646    Cmb =   0.000000
 z' mom.  Cn'|    Cna =   0.000000    Cnb =  -0.070912

                     roll rate  p'      pitch rate  q'        yaw rate  r'
                  ----------------    ----------------    ----------------
 z' force CL |    CLp =   0.000000    CLq =  32.409550    CLr =   0.000000
 y  force CY |    CYp =   1.375762    CYq =  -0.000000    CYr =   0.497576
 x' mom.  Cl'|    Clp =  -1.189772    Clq =  -0.000000    Clr =  -0.073748
 y  mom.  Cm |    Cmp =   0.000000    Cmq =-164.765105    Cmr =  -0.000000
 z' mom.  Cn'|    Cnp =  -0.027755    Cnq =  -0.000000    Cnr =  -0.649070

                  elevator     d1     rudder       d2 
                  ----------------    ----------------
 z' force CL |   CLd1 =   0.005900   CLd2 =  -0.000000
 y  force CY |   CYd1 =   0.000000   CYd2 =  -0.001916
 x' mom.  Cl'|   Cld1 =  -0.000000   Cld2 =   0.000785
 y  mom.  Cm |   Cmd1 =   0.089143   Cmd2 =  -0.000000
 z' mom.  Cn'|   Cnd1 =   0.000000   Cnd2 =  -0.004854
 Trefftz drag| CDffd1 =   0.000577 CDffd2 =   0.000000
 span eff.   |    ed1 =  -0.037665    ed2 =  -0.000000



                  winc         g1     keelmiss     g2 
                  ----------------    ----------------
 z' force CL |   CLg1 =   0.095240   CLg2 =  -0.000000
 y  force CY |   CYg1 =   0.000000   CYg2 =  -0.025954
 x' mom.  Cl'|   Clg1 =   0.000000   Clg2 =   0.010256
 y  mom.  Cm |   Cmg1 =  -0.109381   Cmg2 =   0.000000
 z' mom.  Cn'|   Cng1 =   0.000000   Cng2 =   0.004521
 Trefftz drag| CDffg1 =   0.001758 CDffg2 =  -0.000000
 span eff.   |    eg1 =   0.088760    eg2 =   0.000000



 Neutral point  Xnp =  -0.108707

 Clb Cnr / Clr Cnb  = -80.896082    (  > 1 if spirally stable )
