 ---------------------------------------------------------------
 Vortex Lattice Output -- Total Forces

 Configuration: Nemo Human Powered Hydrofoil. Wing (1.80 x 17)              
     # Surfaces =   6
     # Strips   = 102
     # Vortices =1476

  Sref = 0.19100       Cref = 0.11100       Bref =  1.8000    
  Xref =-0.12345       Yref =  0.0000       Zref = 0.98500    

 Standard axis orientation,  X fwd, Z down         

 Run case: V=5.10                                  

  Alpha =  -2.33156     pb/2V =  -0.00000     p'b/2V =  -0.00000
  Beta  =   0.00000     qc/2V =   0.00000
  Mach  =     0.000     rb/2V =  -0.00000     r'b/2V =  -0.00000

  CXtot =  -0.03304     Cltot =  -0.00000     Cl'tot =  -0.00000
  CYtot =   0.00000     Cmtot =   0.00000
  CZtot =  -0.38991     Cntot =   0.00000     Cn'tot =   0.00000

  CLtot =   0.39093
  CDtot =   0.01715
  CDvis =   0.01243     CDind =   0.00472
  CLff  =   0.39071     CDff  =   0.00472    | Trefftz
  CYff  =   0.00000         e =    0.6068    | Plane  

   elevator        =   7.98686
   rudder          =   0.00000

   winc            =   2.50000
   keelmiss        =   0.00000
 ---------------------------------------------------------------

 Stability-axis derivatives...

                             alpha                beta
                  ----------------    ----------------
 z' force CL |    CLa =   5.799436    CLb =   0.000000
 y  force CY |    CYa =  -0.000000    CYb =  -1.637398
 x' mom.  Cl'|    Cla =   0.000000    Clb =   0.651806
 y  mom.  Cm |    Cma =  -2.312611    Cmb =  -0.000000
 z' mom.  Cn'|    Cna =   0.000000    Cnb =  -0.059052

                     roll rate  p'      pitch rate  q'        yaw rate  r'
                  ----------------    ----------------    ----------------
 z' force CL |    CLp =  -0.000000    CLq =  30.462322    CLr =  -0.000000
 y  force CY |    CYp =   1.356002    CYq =  -0.000000    CYr =   0.522476
 x' mom.  Cl'|    Clp =  -1.184386    Clq =  -0.000000    Clr =  -0.095710
 y  mom.  Cm |    Cmp =   0.000000    Cmq =-168.048084    Cmr =  -0.000000
 z' mom.  Cn'|    Cnp =  -0.017611    Cnq =  -0.000000    Cnr =  -0.649255

                  elevator     d1     rudder       d2 
                  ----------------    ----------------
 z' force CL |   CLd1 =   0.005898   CLd2 =  -0.000000
 y  force CY |   CYd1 =   0.000000   CYd2 =  -0.001902
 x' mom.  Cl'|   Cld1 =  -0.000000   Cld2 =   0.000783
 y  mom.  Cm |   Cmd1 =   0.088644   Cmd2 =  -0.000000
 z' mom.  Cn'|   Cnd1 =   0.000000   Cnd2 =  -0.004835
 Trefftz drag| CDffd1 =   0.000495 CDffd2 =   0.000000
 span eff.   |    ed1 =  -0.045242    ed2 =  -0.000000



                  winc         g1     keelmiss     g2 
                  ----------------    ----------------
 z' force CL |   CLg1 =   0.095181   CLg2 =  -0.000000
 y  force CY |   CYg1 =   0.000000   CYg2 =  -0.025863
 x' mom.  Cl'|   Clg1 =   0.000000   Clg2 =   0.010181
 y  mom.  Cm |   Cmg1 =  -0.121109   Cmg2 =   0.000000
 z' mom.  Cn'|   Cng1 =   0.000000   Cng2 =   0.004500
 Trefftz drag| CDffg1 =   0.001364 CDffg2 =  -0.000000
 span eff.   |    eg1 =   0.121049    eg2 =   0.000000



 Neutral point  Xnp =  -0.079187

 Clb Cnr / Clr Cnb  = -74.876122    (  > 1 if spirally stable )
