 ---------------------------------------------------------------
 Vortex Lattice Output -- Total Forces

 Configuration: Nemo Human Powered Hydrofoil. Wing (1.80 x 17)              
     # Surfaces =   6
     # Strips   = 102
     # Vortices =1476

  Sref = 0.19100       Cref = 0.11100       Bref =  1.8000    
  Xref =-0.12345       Yref =  0.0000       Zref = 0.98500    

 Standard axis orientation,  X fwd, Z down         

 Run case: V=6.90                                  

  Alpha =  -4.05163     pb/2V =  -0.00000     p'b/2V =  -0.00000
  Beta  =   0.00000     qc/2V =   0.00000
  Mach  =     0.000     rb/2V =  -0.00000     r'b/2V =  -0.00000

  CXtot =  -0.03715     Cltot =  -0.00000     Cl'tot =  -0.00000
  CYtot =   0.00000     Cmtot =  -0.00000
  CZtot =  -0.21147     Cntot =  -0.00000     Cn'tot =  -0.00000

  CLtot =   0.21357
  CDtot =   0.02211
  CDvis =   0.02016     CDind =   0.00195
  CLff  =   0.21341     CDff  =   0.00196    | Trefftz
  CYff  =   0.00000         e =    0.4363    | Plane  

   elevator        =   7.47254
   rudder          =   0.00000

   winc            =   2.50000
   keelmiss        =   0.00000
 ---------------------------------------------------------------

 Stability-axis derivatives...

                             alpha                beta
                  ----------------    ----------------
 z' force CL |    CLa =   5.811577    CLb =   0.000000
 y  force CY |    CYa =  -0.000000    CYb =  -1.635431
 x' mom.  Cl'|    Cla =   0.000000    Clb =   0.655106
 y  mom.  Cm |    Cma =  -4.234589    Cmb =  -0.000000
 z' mom.  Cn'|    Cna =   0.000000    Cnb =  -0.038827

                     roll rate  p'      pitch rate  q'        yaw rate  r'
                  ----------------    ----------------    ----------------
 z' force CL |    CLp =  -0.000000    CLq =  27.404635    CLr =  -0.000000
 y  force CY |    CYp =   1.331024    CYq =  -0.000000    CYr =   0.562433
 x' mom.  Cl'|    Clp =  -1.180386    Clq =   0.000000    Clr =  -0.131291
 y  mom.  Cm |    Cmp =  -0.000000    Cmq =-172.059389    Cmr =   0.000000
 z' mom.  Cn'|    Cnp =  -0.008424    Cnq =   0.000000    Cnr =  -0.651037

                  elevator     d1     rudder       d2 
                  ----------------    ----------------
 z' force CL |   CLd1 =   0.005888   CLd2 =   0.000000
 y  force CY |   CYd1 =   0.000000   CYd2 =  -0.001878
 x' mom.  Cl'|   Cld1 =  -0.000000   Cld2 =   0.000779
 y  mom.  Cm |   Cmd1 =   0.087559   Cmd2 =  -0.000000
 z' mom.  Cn'|   Cnd1 =   0.000000   Cnd2 =  -0.004796
 Trefftz drag| CDffd1 =   0.000364 CDffd2 =  -0.000000
 span eff.   |    ed1 =  -0.056831    ed2 =   0.000000



                  winc         g1     keelmiss     g2 
                  ----------------    ----------------
 z' force CL |   CLg1 =   0.095001   CLg2 =  -0.000000
 y  force CY |   CYg1 =   0.000000   CYg2 =  -0.025680
 x' mom.  Cl'|   Clg1 =   0.000000   Clg2 =   0.010047
 y  mom.  Cm |   Cmg1 =  -0.129791   Cmg2 =   0.000000
 z' mom.  Cn'|   Cng1 =   0.000000   Cng2 =   0.004466
 Trefftz drag| CDffg1 =   0.000733 CDffg2 =  -0.000000
 span eff.   |    eg1 =   0.226810    eg2 =   0.000000



 Neutral point  Xnp =  -0.042570

 Clb Cnr / Clr Cnb  = -83.665212    (  > 1 if spirally stable )
