 ---------------------------------------------------------------
 Vortex Lattice Output -- Total Forces

 Configuration: Nemo Human Powered Hydrofoil. Wing (1.80 x 17)              
     # Surfaces =   6
     # Strips   = 102
     # Vortices =1476

  Sref = 0.19100       Cref = 0.11100       Bref =  1.8000    
  Xref =-0.12345       Yref =  0.0000       Zref = 0.98500    

 Standard axis orientation,  X fwd, Z down         

 Run case: V=6.60                                  

  Alpha =  -3.84478     pb/2V =  -0.00000     p'b/2V =  -0.00000
  Beta  =   0.00000     qc/2V =   0.00000
  Mach  =     0.000     rb/2V =  -0.00000     r'b/2V =  -0.00000

  CXtot =  -0.03407     Cltot =  -0.00000     Cl'tot =  -0.00000
  CYtot =   0.00000     Cmtot =  -0.00000
  CZtot =  -0.23166     Cntot =   0.00000     Cn'tot =  -0.00000

  CLtot =   0.23343
  CDtot =   0.01846
  CDvis =   0.01634     CDind =   0.00212
  CLff  =   0.23326     CDff  =   0.00212    | Trefftz
  CYff  =   0.00000         e =    0.4805    | Plane  

   elevator        =   7.28357
   rudder          =   0.00000

   winc            =   2.50000
   keelmiss        =   0.00000
 ---------------------------------------------------------------

 Stability-axis derivatives...

                             alpha                beta
                  ----------------    ----------------
 z' force CL |    CLa =   5.810610    CLb =  -0.000000
 y  force CY |    CYa =  -0.000000    CYb =  -1.632639
 x' mom.  Cl'|    Cla =   0.000000    Clb =   0.653138
 y  mom.  Cm |    Cma =  -4.127221    Cmb =  -0.000000
 z' mom.  Cn'|    Cna =   0.000000    Cnb =  -0.041496

                     roll rate  p'      pitch rate  q'        yaw rate  r'
                  ----------------    ----------------    ----------------
 z' force CL |    CLp =   0.000000    CLq =  27.713695    CLr =  -0.000000
 y  force CY |    CYp =   1.330818    CYq =  -0.000000    CYr =   0.557381
 x' mom.  Cl'|    Clp =  -1.178821    Clq =   0.000000    Clr =  -0.126793
 y  mom.  Cm |    Cmp =  -0.000000    Cmq =-171.977394    Cmr =   0.000000
 z' mom.  Cn'|    Cnp =  -0.008849    Cnq =   0.000000    Cnr =  -0.649782

                  elevator     d1     rudder       d2 
                  ----------------    ----------------
 z' force CL |   CLd1 =   0.005889   CLd2 =   0.000000
 y  force CY |   CYd1 =   0.000000   CYd2 =  -0.001878
 x' mom.  Cl'|   Cld1 =  -0.000000   Cld2 =   0.000779
 y  mom.  Cm |   Cmd1 =   0.087832   Cmd2 =  -0.000000
 z' mom.  Cn'|   Cnd1 =   0.000000   Cnd2 =  -0.004799
 Trefftz drag| CDffd1 =   0.000368 CDffd2 =  -0.000000
 span eff.   |    ed1 =  -0.058788    ed2 =   0.000000



                  winc         g1     keelmiss     g2 
                  ----------------    ----------------
 z' force CL |   CLg1 =   0.095028   CLg2 =  -0.000000
 y  force CY |   CYg1 =   0.000000   CYg2 =  -0.025704
 x' mom.  Cl'|   Clg1 =   0.000000   Clg2 =   0.010064
 y  mom.  Cm |   Cmg1 =  -0.131019   Cmg2 =   0.000000
 z' mom.  Cn'|   Cng1 =   0.000000   Cng2 =   0.004470
 Trefftz drag| CDffg1 =   0.000805 CDffg2 =  -0.000000
 span eff.   |    eg1 =   0.210976    eg2 =   0.000000



 Neutral point  Xnp =  -0.044608

 Clb Cnr / Clr Cnb  = -80.661547    (  > 1 if spirally stable )
