 ---------------------------------------------------------------
 Vortex Lattice Output -- Total Forces

 Configuration: Nemo Human Powered Hydrofoil. Wing (1.80 x 17)              
     # Surfaces =   6
     # Strips   = 102
     # Vortices =1476

  Sref = 0.19100       Cref = 0.11100       Bref =  1.8000    
  Xref =-0.12345       Yref =  0.0000       Zref = 0.98500    

 Standard axis orientation,  X fwd, Z down         

 Run case: V=6.30                                  

  Alpha =  -3.62022     pb/2V =  -0.00000     p'b/2V =  -0.00000
  Beta  =   0.00000     qc/2V =   0.00000
  Mach  =     0.000     rb/2V =  -0.00000     r'b/2V =  -0.00000

  CXtot =  -0.03283     Cltot =  -0.00000     Cl'tot =  -0.00000
  CYtot =   0.00000     Cmtot =  -0.00000
  CZtot =  -0.25462     Cntot =   0.00000     Cn'tot =  -0.00000

  CLtot =   0.25619
  CDtot =   0.01669
  CDvis =   0.01430     CDind =   0.00239
  CLff  =   0.25601     CDff  =   0.00240    | Trefftz
  CYff  =   0.00000         e =    0.5128    | Plane  

   elevator        =   7.28183
   rudder          =   0.00000

   winc            =   2.50000
   keelmiss        =   0.00000
 ---------------------------------------------------------------

 Stability-axis derivatives...

                             alpha                beta
                  ----------------    ----------------
 z' force CL |    CLa =   5.809424    CLb =   0.000000
 y  force CY |    CYa =  -0.000000    CYb =  -1.631858
 x' mom.  Cl'|    Cla =   0.000000    Clb =   0.652173
 y  mom.  Cm |    Cma =  -3.762623    Cmb =  -0.000000
 z' mom.  Cn'|    Cna =   0.000000    Cnb =  -0.044036

                     roll rate  p'      pitch rate  q'        yaw rate  r'
                  ----------------    ----------------    ----------------
 z' force CL |    CLp =  -0.000000    CLq =  28.095776    CLr =  -0.000000
 y  force CY |    CYp =   1.332994    CYq =  -0.000000    CYr =   0.552099
 x' mom.  Cl'|    Clp =  -1.178687    Clq =   0.000000    Clr =  -0.122069
 y  mom.  Cm |    Cmp =   0.000000    Cmq =-170.560247    Cmr =  -0.000000
 z' mom.  Cn'|    Cnp =  -0.012377    Cnq =   0.000000    Cnr =  -0.649094

                  elevator     d1     rudder       d2 
                  ----------------    ----------------
 z' force CL |   CLd1 =   0.005891   CLd2 =  -0.000000
 y  force CY |   CYd1 =   0.000000   CYd2 =  -0.001880
 x' mom.  Cl'|   Cld1 =  -0.000000   Cld2 =   0.000779
 y  mom.  Cm |   Cmd1 =   0.088021   Cmd2 =  -0.000000
 z' mom.  Cn'|   Cnd1 =   0.000000   Cnd2 =  -0.004803
 Trefftz drag| CDffd1 =   0.000381 CDffd2 =  -0.000000
 span eff.   |    ed1 =  -0.057896    ed2 =   0.000000



                  winc         g1     keelmiss     g2 
                  ----------------    ----------------
 z' force CL |   CLg1 =   0.095056   CLg2 =  -0.000000
 y  force CY |   CYg1 =   0.000000   CYg2 =  -0.025730
 x' mom.  Cl'|   Clg1 =   0.000000   Clg2 =   0.010083
 y  mom.  Cm |   Cmg1 =  -0.127965   Cmg2 =   0.000000
 z' mom.  Cn'|   Cng1 =   0.000000   Cng2 =   0.004476
 Trefftz drag| CDffg1 =   0.000887 CDffg2 =  -0.000000
 span eff.   |    eg1 =   0.192650    eg2 =   0.000000



 Neutral point  Xnp =  -0.051558

 Clb Cnr / Clr Cnb  = -78.751786    (  > 1 if spirally stable )
