 ---------------------------------------------------------------
 Surface Forces (referred to Sref,Cref,Bref about Xref,Yref,Zref)
 Standard axis orientation,  X fwd, Z down         

     Sref =  0.1910       Cref =    0.1110   Bref =    1.8000
     Xref =     -0.1235   Yref =    0.0000   Zref =    0.9850

 n      Area      CL      CD      Cm      CY      Cn      Cl     CDi     CDv
 1     0.095  0.4217  0.0124 -0.5469 -0.0003 -0.0025 -0.0916  0.0079  0.0046   Wing
 2     0.095  0.4217  0.0124 -0.5469  0.0003  0.0025  0.0916  0.0079  0.0046   Wing (YDUP)
 3     0.094 -0.0000  0.0034 -0.0217 -0.0000  0.0000  0.0000  0.0000  0.0034   Quilha
 4     0.009  0.0452  0.0027  0.5592 -0.0000  0.0000 -0.0020  0.0020  0.0007   Canard
 5     0.009  0.0452  0.0027  0.5592  0.0000 -0.0000  0.0020  0.0020  0.0007   Canard (YDUP)
 6     0.018  0.0000  0.0006 -0.0030  0.0000  0.0000 -0.0000  0.0000  0.0006   Leme

 Surface Forces (referred to Ssurf, Cave about root LE on hinge axis)

   n     Ssurf      Cave       cl       cd      cdv    cm_LE
   1     0.095     0.106   0.8444   0.0249   0.0091   0.0000  Wing
   2     0.095     0.106   0.8444   0.0249   0.0091   0.0000  Wing (YDUP)
   3     0.094     0.187   0.0000   0.0070   0.0070   0.0000  Quilha
   4     0.009     0.051   0.9564   0.0580   0.0158   0.0000  Canard
   5     0.009     0.051   0.9564   0.0580   0.0158   0.0000  Canard (YDUP)
   6     0.018     0.060  -0.0000   0.0069   0.0069   0.0000  Leme
 ---------------------------------------------------------------
