 ---------------------------------------------------------------
 Vortex Lattice Output -- Total Forces

 Configuration: Nemo Human Powered Hydrofoil. Wing (1.80 x 17)              
     # Surfaces =   6
     # Strips   = 102
     # Vortices =1476

  Sref = 0.19100       Cref = 0.11100       Bref =  1.8000    
  Xref =-0.13345       Yref =  0.0000       Zref = 0.98500    

 Standard axis orientation,  X fwd, Z down         

 Run case: V=4.80                                  

  Alpha =  -0.75000     pb/2V =  -0.00000     p'b/2V =  -0.00000
  Beta  =   0.00000     qc/2V =   0.00000
  Mach  =     0.000     rb/2V =  -0.00000     r'b/2V =  -0.00000

  CXtot =  -0.02517     Cltot =  -0.00000     Cl'tot =  -0.00000
  CYtot =   0.00000     Cmtot =  -0.50248
  CZtot =  -0.52101     Cntot =   0.00000     Cn'tot =   0.00000

  CLtot =   0.52129
  CDtot =   0.01835
  CDvis =   0.01253     CDind =   0.00582
  CLff  =   0.52120     CDff  =   0.00582    | Trefftz
  CYff  =   0.00000         e =    0.8765    | Plane  

   elevator        =   3.00000
   rudder          =   0.00000

   winc            =   2.50000
   keelmiss        =   0.00000
 ---------------------------------------------------------------

 Stability-axis derivatives...

                             alpha                beta
                  ----------------    ----------------
 z' force CL |    CLa =   5.784136    CLb =  -0.000000
 y  force CY |    CYa =  -0.000000    CYb =  -1.640350
 x' mom.  Cl'|    Cla =   0.000000    Clb =   0.650146
 y  mom.  Cm |    Cma =  -0.590947    Cmb =  -0.000000
 z' mom.  Cn'|    Cna =   0.000000    Cnb =  -0.063195

                     roll rate  p'      pitch rate  q'        yaw rate  r'
                  ----------------    ----------------    ----------------
 z' force CL |    CLp =   0.000000    CLq =  33.467260    CLr =  -0.000000
 y  force CY |    CYp =   1.380167    CYq =   0.000000    CYr =   0.512882
 x' mom.  Cl'|    Clp =  -1.190688    Clq =  -0.000000    Clr =  -0.073368
 y  mom.  Cm |    Cmp =   0.000000    Cmq =-175.215944    Cmr =  -0.000000
 z' mom.  Cn'|    Cnp =  -0.044192    Cnq =  -0.000000    Cnr =  -0.644838

                  elevator     d1     rudder       d2 
                  ----------------    ----------------
 z' force CL |   CLd1 =   0.005898   CLd2 =  -0.000000
 y  force CY |   CYd1 =   0.000000   CYd2 =  -0.001849
 x' mom.  Cl'|   Cld1 =  -0.000000   Cld2 =   0.000759
 y  mom.  Cm |   Cmd1 =   0.089907   Cmd2 =  -0.000000
 z' mom.  Cn'|   Cnd1 =   0.000000   Cnd2 =  -0.004796
 Trefftz drag| CDffd1 =   0.000356 CDffd2 =   0.000000
 span eff.   |    ed1 =  -0.033847    ed2 =  -0.000000



                  winc         g1     keelmiss     g2 
                  ----------------    ----------------
 z' force CL |   CLg1 =   0.095253   CLg2 =  -0.000000
 y  force CY |   CYg1 =   0.000000   CYg2 =  -0.025999
 x' mom.  Cl'|   Clg1 =   0.000000   Clg2 =   0.010293
 y  mom.  Cm |   Cmg1 =  -0.111331   Cmg2 =   0.000000
 z' mom.  Cn'|   Cng1 =   0.000000   Cng2 =   0.004675
 Trefftz drag| CDffg1 =   0.001860 CDffg2 =  -0.000000
 span eff.   |    eg1 =   0.040251    eg2 =   0.000000



 Neutral point  Xnp =  -0.122109

 Clb Cnr / Clr Cnb  = -90.422182    (  > 1 if spirally stable )
