 ---------------------------------------------------------------
 Vortex Lattice Output -- Total Forces

 Configuration: Nemo Human Powered Hydrofoil. Wing (1.80 x 17)              
     # Surfaces =   6
     # Strips   = 102
     # Vortices =1476

  Sref = 0.19100       Cref = 0.11100       Bref =  1.8000    
  Xref =-0.13345       Yref =  0.0000       Zref = 0.98500    

 Standard axis orientation,  X fwd, Z down         

 Run case: V=3.60                                  

  Alpha =  -2.95000     pb/2V =  -0.00000     p'b/2V =  -0.00000
  Beta  =   0.00000     qc/2V =   0.00000
  Mach  =     0.000     rb/2V =  -0.00000     r'b/2V =  -0.00000

  CXtot =  -0.03023     Cltot =  -0.00000     Cl'tot =  -0.00000
  CYtot =   0.00000     Cmtot =  -0.42146
  CZtot =  -0.29757     Cntot =   0.00000     Cn'tot =  -0.00000

  CLtot =   0.29873
  CDtot =   0.01488
  CDvis =   0.01291     CDind =   0.00197
  CLff  =   0.29862     CDff  =   0.00197    | Trefftz
  CYff  =   0.00000         e =    0.8511    | Plane  

   elevator        =   3.00000
   rudder          =   0.00000

   winc            =   2.50000
   keelmiss        =   0.00000
 ---------------------------------------------------------------

 Stability-axis derivatives...

                             alpha                beta
                  ----------------    ----------------
 z' force CL |    CLa =   5.805934    CLb =   0.000000
 y  force CY |    CYa =  -0.000000    CYb =  -1.630361
 x' mom.  Cl'|    Cla =   0.000000    Clb =   0.650016
 y  mom.  Cm |    Cma =  -3.537080    Cmb =  -0.000000
 z' mom.  Cn'|    Cna =   0.000000    Cnb =  -0.039617

                     roll rate  p'      pitch rate  q'        yaw rate  r'
                  ----------------    ----------------    ----------------
 z' force CL |    CLp =  -0.000000    CLq =  29.583189    CLr =  -0.000000
 y  force CY |    CYp =   1.339762    CYq =   0.000000    CYr =   0.561776
 x' mom.  Cl'|    Clp =  -1.179285    Clq =  -0.000000    Clr =  -0.117625
 y  mom.  Cm |    Cmp =   0.000000    Cmq =-181.096168    Cmr =   0.000000
 z' mom.  Cn'|    Cnp =  -0.025592    Cnq =  -0.000000    Cnr =  -0.646795

                  elevator     d1     rudder       d2 
                  ----------------    ----------------
 z' force CL |   CLd1 =   0.005889   CLd2 =   0.000000
 y  force CY |   CYd1 =   0.000000   CYd2 =  -0.001829
 x' mom.  Cl'|   Cld1 =  -0.000000   Cld2 =   0.000759
 y  mom.  Cm |   Cmd1 =   0.089646   Cmd2 =  -0.000000
 z' mom.  Cn'|   Cnd1 =   0.000000   Cnd2 =  -0.004762
 Trefftz drag| CDffd1 =   0.000220 CDffd2 =   0.000000
 span eff.   |    ed1 =  -0.061680    ed2 =  -0.000000



                  winc         g1     keelmiss     g2 
                  ----------------    ----------------
 z' force CL |   CLg1 =   0.095126   CLg2 =  -0.000000
 y  force CY |   CYg1 =   0.000000   CYg2 =  -0.025810
 x' mom.  Cl'|   Clg1 =   0.000000   Clg2 =   0.010138
 y  mom.  Cm |   Cmg1 =  -0.132303   Cmg2 =   0.000000
 z' mom.  Cn'|   Cng1 =   0.000000   Cng2 =   0.004634
 Trefftz drag| CDffg1 =   0.001066 CDffg2 =  -0.000000
 span eff.   |    eg1 =   0.082306    eg2 =   0.000000



 Neutral point  Xnp =  -0.065827

 Clb Cnr / Clr Cnb  = -90.222192    (  > 1 if spirally stable )
