 ---------------------------------------------------------------
 Vortex Lattice Output -- Total Forces

 Configuration: Nemo Human Powered Hydrofoil. Wing (1.80 x 17)              
     # Surfaces =   6
     # Strips   = 102
     # Vortices =1476

  Sref = 0.19100       Cref = 0.11100       Bref =  1.8000    
  Xref =-0.13345       Yref =  0.0000       Zref = 0.98500    

 Standard axis orientation,  X fwd, Z down         

 Run case: V=6.00                                  

  Alpha =   1.45000     pb/2V =  -0.00000     p'b/2V =  -0.00000
  Beta  =   0.00000     qc/2V =   0.00000
  Mach  =     0.000     rb/2V =  -0.00000     r'b/2V =  -0.00000

  CXtot =  -0.00627     Cltot =  -0.00000     Cl'tot =  -0.00000
  CYtot =  -0.00000     Cmtot =  -0.46182
  CZtot =  -0.74313     Cntot =   0.00000     Cn'tot =   0.00000

  CLtot =   0.74274
  CDtot =   0.02507
  CDvis =   0.01338     CDind =   0.01169
  CLff  =   0.74301     CDff  =   0.01169    | Trefftz
  CYff  =  -0.00000         e =    0.8863    | Plane  

   elevator        =   3.00000
   rudder          =   0.00000

   winc            =   2.50000
   keelmiss        =   0.00000
 ---------------------------------------------------------------

 Stability-axis derivatives...

                             alpha                beta
                  ----------------    ----------------
 z' force CL |    CLa =   5.747812    CLb =   0.000000
 y  force CY |    CYa =  -0.000000    CYb =  -1.649171
 x' mom.  Cl'|    Cla =   0.000000    Clb =   0.649157
 y  mom.  Cm |    Cma =   2.678480    Cmb =   0.000000
 z' mom.  Cn'|    Cna =   0.000000    Cnb =  -0.086538

                     roll rate  p'      pitch rate  q'        yaw rate  r'
                  ----------------    ----------------    ----------------
 z' force CL |    CLp =  -0.000000    CLq =  37.339193    CLr =  -0.000000
 y  force CY |    CYp =   1.418014    CYq =   0.000000    CYr =   0.460918
 x' mom.  Cl'|    Clp =  -1.201297    Clq =  -0.000000    Clr =  -0.028278
 y  mom.  Cm |    Cmp =  -0.000000    Cmq =-168.892262    Cmr =   0.000000
 z' mom.  Cn'|    Cnp =  -0.065798    Cnq =  -0.000000    Cnr =  -0.642448

                  elevator     d1     rudder       d2 
                  ----------------    ----------------
 z' force CL |   CLd1 =   0.005895   CLd2 =   0.000000
 y  force CY |   CYd1 =   0.000000   CYd2 =  -0.001862
 x' mom.  Cl'|   Cld1 =  -0.000000   Cld2 =   0.000757
 y  mom.  Cm |   Cmd1 =   0.090699   Cmd2 =  -0.000000
 z' mom.  Cn'|   Cnd1 =   0.000000   Cnd2 =  -0.004814
 Trefftz drag| CDffd1 =   0.000491 CDffd2 =   0.000000
 span eff.   |    ed1 =  -0.023165    ed2 =  -0.000000



                  winc         g1     keelmiss     g2 
                  ----------------    ----------------
 z' force CL |   CLg1 =   0.095208   CLg2 =  -0.000000
 y  force CY |   CYg1 =   0.000000   CYg2 =  -0.026112
 x' mom.  Cl'|   Clg1 =   0.000000   Clg2 =   0.010417
 y  mom.  Cm |   Cmg1 =  -0.085232   Cmg2 =   0.000000
 z' mom.  Cn'|   Cng1 =   0.000000   Cng2 =   0.004705
 Trefftz drag| CDffg1 =   0.002646 CDffg2 =  -0.000000
 span eff.   |    eg1 =   0.026223    eg2 =   0.000000



 Neutral point  Xnp =  -0.185176

 Clb Cnr / Clr Cnb  =-170.422302    (  > 1 if spirally stable )
