 ---------------------------------------------------------------
 Vortex Lattice Output -- Total Forces

 Configuration: Nemo Human Powered Hydrofoil. Wing (1.80 x 17)              
     # Surfaces =   6
     # Strips   = 102
     # Vortices =1476

  Sref = 0.19100       Cref = 0.11100       Bref =  1.8000    
  Xref =-0.13345       Yref =  0.0000       Zref = 0.98500    

 Standard axis orientation,  X fwd, Z down         

 Run case: V=6.30                                  

  Alpha =   2.00000     pb/2V =  -0.00000     p'b/2V =  -0.00000
  Beta  =   0.00000     qc/2V =   0.00000
  Mach  =     0.000     rb/2V =  -0.00000     r'b/2V =  -0.00000

  CXtot =   0.00067     Cltot =  -0.00000     Cl'tot =  -0.00000
  CYtot =  -0.00000     Cmtot =  -0.43218
  CZtot =  -0.79832     Cntot =   0.00000     Cn'tot =   0.00000

  CLtot =   0.79786
  CDtot =   0.02719
  CDvis =   0.01372     CDind =   0.01347
  CLff  =   0.79830     CDff  =   0.01347    | Trefftz
  CYff  =  -0.00000         e =    0.8878    | Plane  

   elevator        =   3.00000
   rudder          =   0.00000

   winc            =   2.50000
   keelmiss        =   0.00000
 ---------------------------------------------------------------

 Stability-axis derivatives...

                             alpha                beta
                  ----------------    ----------------
 z' force CL |    CLa =   5.736485    CLb =   0.000000
 y  force CY |    CYa =  -0.000000    CYb =  -1.651135
 x' mom.  Cl'|    Cla =   0.000000    Clb =   0.648706
 y  mom.  Cm |    Cma =   3.495482    Cmb =   0.000000
 z' mom.  Cn'|    Cna =   0.000000    Cnb =  -0.092359

                     roll rate  p'      pitch rate  q'        yaw rate  r'
                  ----------------    ----------------    ----------------
 z' force CL |    CLp =  -0.000000    CLq =  38.302422    CLr =  -0.000000
 y  force CY |    CYp =   1.426991    CYq =   0.000000    CYr =   0.447486
 x' mom.  Cl'|    Clp =  -1.203773    Clq =  -0.000000    Clr =  -0.016886
 y  mom.  Cm |    Cmp =   0.000000    Cmq =-167.362735    Cmr =  -0.000000
 z' mom.  Cn'|    Cnp =  -0.071105    Cnq =  -0.000000    Cnr =  -0.641807

                  elevator     d1     rudder       d2 
                  ----------------    ----------------
 z' force CL |   CLd1 =   0.005893   CLd2 =   0.000000
 y  force CY |   CYd1 =   0.000000   CYd2 =  -0.001865
 x' mom.  Cl'|   Cld1 =  -0.000000   Cld2 =   0.000756
 y  mom.  Cm |   Cmd1 =   0.090865   Cmd2 =  -0.000000
 z' mom.  Cn'|   Cnd1 =   0.000000   Cnd2 =  -0.004816
 Trefftz drag| CDffd1 =   0.000524 CDffd2 =   0.000000
 span eff.   |    ed1 =  -0.021458    ed2 =  -0.000000



                  winc         g1     keelmiss     g2 
                  ----------------    ----------------
 z' force CL |   CLg1 =   0.095170   CLg2 =  -0.000000
 y  force CY |   CYg1 =   0.000000   CYg2 =  -0.026128
 x' mom.  Cl'|   Clg1 =   0.000000   Clg2 =   0.010443
 y  mom.  Cm |   Cmg1 =  -0.078658   Cmg2 =   0.000000
 z' mom.  Cn'|   Cng1 =  -0.000000   Cng2 =   0.004710
 Trefftz drag| CDffg1 =   0.002840 CDffg2 =  -0.000000
 span eff.   |    eg1 =   0.024092    eg2 =   0.000000



 Neutral point  Xnp =  -0.201087

 Clb Cnr / Clr Cnb  =-266.953059    (  > 1 if spirally stable )
