 ---------------------------------------------------------------
 Vortex Lattice Output -- Total Forces

 Configuration: Nemo Human Powered Hydrofoil. Wing (1.80 x 17)              
     # Surfaces =   6
     # Strips   = 102
     # Vortices =1476

  Sref = 0.19100       Cref = 0.11100       Bref =  1.8000    
  Xref =-0.13345       Yref =  0.0000       Zref = 0.98500    

 Standard axis orientation,  X fwd, Z down         

 Run case: V=6.60                                  

  Alpha =   2.55000     pb/2V =  -0.00000     p'b/2V =  -0.00000
  Beta  =   0.00000     qc/2V =   0.00000
  Mach  =     0.000     rb/2V =  -0.00000     r'b/2V =  -0.00000

  CXtot =   0.00849     Cltot =  -0.00000     Cl'tot =  -0.00000
  CYtot =  -0.00000     Cmtot =  -0.39471
  CZtot =  -0.85333     Cntot =   0.00000     Cn'tot =   0.00000

  CLtot =   0.85287
  CDtot =   0.02948
  CDvis =   0.01412     CDind =   0.01536
  CLff  =   0.85352     CDff  =   0.01537    | Trefftz
  CYff  =  -0.00000         e =    0.8892    | Plane  

   elevator        =   3.00000
   rudder          =   0.00000

   winc            =   2.50000
   keelmiss        =   0.00000
 ---------------------------------------------------------------

 Stability-axis derivatives...

                             alpha                beta
                  ----------------    ----------------
 z' force CL |    CLa =   5.724268    CLb =  -0.000000
 y  force CY |    CYa =  -0.000000    CYb =  -1.652994
 x' mom.  Cl'|    Cla =   0.000000    Clb =   0.648171
 y  mom.  Cm |    Cma =   4.311430    Cmb =  -0.000000
 z' mom.  Cn'|    Cna =  -0.000000    Cnb =  -0.098170

                     roll rate  p'      pitch rate  q'        yaw rate  r'
                  ----------------    ----------------    ----------------
 z' force CL |    CLp =   0.000000    CLq =  39.262988    CLr =  -0.000000
 y  force CY |    CYp =   1.435760    CYq =   0.000000    CYr =   0.433888
 x' mom.  Cl'|    Clp =  -1.206170    Clq =  -0.000000    Clr =  -0.005449
 y  mom.  Cm |    Cmp =   0.000000    Cmq =-165.849443    Cmr =  -0.000000
 z' mom.  Cn'|    Cnp =  -0.076364    Cnq =  -0.000000    Cnr =  -0.641146

                  elevator     d1     rudder       d2 
                  ----------------    ----------------
 z' force CL |   CLd1 =   0.005889   CLd2 =  -0.000000
 y  force CY |   CYd1 =   0.000000   CYd2 =  -0.001867
 x' mom.  Cl'|   Cld1 =  -0.000000   Cld2 =   0.000755
 y  mom.  Cm |   Cmd1 =   0.091016   Cmd2 =  -0.000000
 z' mom.  Cn'|   Cnd1 =   0.000000   Cnd2 =  -0.004818
 Trefftz drag| CDffd1 =   0.000557 CDffd2 =   0.000000
 span eff.   |    ed1 =  -0.019980    ed2 =  -0.000000



                  winc         g1     keelmiss     g2 
                  ----------------    ----------------
 z' force CL |   CLg1 =   0.095121   CLg2 =  -0.000000
 y  force CY |   CYg1 =   0.000000   CYg2 =  -0.026139
 x' mom.  Cl'|   Clg1 =   0.000000   Clg2 =   0.010468
 y  mom.  Cm |   Cmg1 =  -0.072071   Cmg2 =   0.000000
 z' mom.  Cn'|   Cng1 =   0.000000   Cng2 =   0.004714
 Trefftz drag| CDffg1 =   0.003034 CDffg2 =  -0.000000
 span eff.   |    eg1 =   0.022272    eg2 =   0.000000



 Neutral point  Xnp =  -0.217053

 Clb Cnr / Clr Cnb  =-776.904890    (  > 1 if spirally stable )
