 ---------------------------------------------------------------
 Surface Forces (referred to Sref,Cref,Bref about Xref,Yref,Zref)
 Standard axis orientation,  X fwd, Z down         

     Sref =  0.1910       Cref =    0.1110   Bref =    1.8000
     Xref =     -0.1335   Yref =    0.0000   Zref =    0.9850

 n      Area      CL      CD      Cm      CY      Cn      Cl     CDi     CDv
 1     0.095  0.3427  0.0090 -0.5651  0.0003  0.0000 -0.0745  0.0051  0.0040   Wing
 2     0.095  0.3427  0.0090 -0.5651 -0.0003 -0.0000  0.0745  0.0051  0.0040   Wing (YDUP)
 3     0.094  0.0000  0.0034 -0.0214 -0.0000  0.0000  0.0000  0.0000  0.0034   Quilha
 4     0.009  0.0286  0.0015  0.3465 -0.0000  0.0000 -0.0013  0.0008  0.0007   Canard
 5     0.009  0.0286  0.0015  0.3465  0.0000 -0.0000  0.0013  0.0008  0.0007   Canard (YDUP)
 6     0.018  0.0000  0.0006 -0.0032  0.0000  0.0000 -0.0000  0.0000  0.0006   Leme

 Surface Forces (referred to Ssurf, Cave about root LE on hinge axis)

   n     Ssurf      Cave       cl       cd      cdv    cm_LE
   1     0.095     0.106   0.6863   0.0180   0.0079   0.0000  Wing
   2     0.095     0.106   0.6863   0.0180   0.0079   0.0000  Wing (YDUP)
   3     0.094     0.187   0.0000   0.0070   0.0070   0.0000  Quilha
   4     0.009     0.051   0.6057   0.0316   0.0149   0.0000  Canard
   5     0.009     0.051   0.6057   0.0316   0.0149   0.0000  Canard (YDUP)
   6     0.018     0.060  -0.0000   0.0068   0.0069   0.0000  Leme
 ---------------------------------------------------------------
