 ---------------------------------------------------------------
 Vortex Lattice Output -- Total Forces

 Configuration: Nemo Human Powered Hydrofoil. Wing (1.80 x 17)              
     # Surfaces =   6
     # Strips   = 102
     # Vortices =1476

  Sref = 0.19100       Cref = 0.11100       Bref =  1.8000    
  Xref =-0.13345       Yref =  0.0000       Zref = 0.98500    

 Standard axis orientation,  X fwd, Z down         

 Run case: V=6.90                                  

  Alpha =   3.10000     pb/2V =  -0.00000     p'b/2V =  -0.00000
  Beta  =   0.00000     qc/2V =   0.00000
  Mach  =     0.000     rb/2V =  -0.00000     r'b/2V =  -0.00000

  CXtot =   0.01720     Cltot =  -0.00000     Cl'tot =  -0.00000
  CYtot =  -0.00000     Cmtot =  -0.34942
  CZtot =  -0.90815     Cntot =   0.00000     Cn'tot =   0.00000

  CLtot =   0.90775
  CDtot =   0.03194
  CDvis =   0.01456     CDind =   0.01738
  CLff  =   0.90867     CDff  =   0.01740    | Trefftz
  CYff  =  -0.00000         e =    0.8904    | Plane  

   elevator        =   3.00000
   rudder          =   0.00000

   winc            =   2.50000
   keelmiss        =   0.00000
 ---------------------------------------------------------------

 Stability-axis derivatives...

                             alpha                beta
                  ----------------    ----------------
 z' force CL |    CLa =   5.711168    CLb =   0.000000
 y  force CY |    CYa =  -0.000000    CYb =  -1.654748
 x' mom.  Cl'|    Cla =   0.000000    Clb =   0.647551
 y  mom.  Cm |    Cma =   5.126132    Cmb =   0.000000
 z' mom.  Cn'|    Cna =  -0.000000    Cnb =  -0.103970

                     roll rate  p'      pitch rate  q'        yaw rate  r'
                  ----------------    ----------------    ----------------
 z' force CL |    CLp =   0.000000    CLq =  40.220491    CLr =  -0.000000
 y  force CY |    CYp =   1.444319    CYq =   0.000000    CYr =   0.420127
 x' mom.  Cl'|    Clp =  -1.208486    Clq =  -0.000000    Clr =   0.006034
 y  mom.  Cm |    Cmp =  -0.000000    Cmq =-164.353563    Cmr =  -0.000000
 z' mom.  Cn'|    Cnp =  -0.081573    Cnq =  -0.000000    Cnr =  -0.640467

                  elevator     d1     rudder       d2 
                  ----------------    ----------------
 z' force CL |   CLd1 =   0.005885   CLd2 =  -0.000000
 y  force CY |   CYd1 =   0.000000   CYd2 =  -0.001869
 x' mom.  Cl'|   Cld1 =  -0.000000   Cld2 =   0.000754
 y  mom.  Cm |   Cmd1 =   0.091152   Cmd2 =  -0.000000
 z' mom.  Cn'|   Cnd1 =   0.000000   Cnd2 =  -0.004818
 Trefftz drag| CDffd1 =   0.000590 CDffd2 =   0.000000
 span eff.   |    ed1 =  -0.018689    ed2 =  -0.000000



                  winc         g1     keelmiss     g2 
                  ----------------    ----------------
 z' force CL |   CLg1 =   0.095062   CLg2 =  -0.000000
 y  force CY |   CYg1 =   0.000000   CYg2 =  -0.026146
 x' mom.  Cl'|   Clg1 =  -0.000000   Clg2 =   0.010490
 y  mom.  Cm |   Cmg1 =  -0.065474   Cmg2 =   0.000000
 z' mom.  Cn'|   Cng1 =   0.000000   Cng2 =   0.004718
 Trefftz drag| CDffg1 =   0.003227 CDffg2 =  -0.000000
 span eff.   |    eg1 =   0.020702    eg2 =   0.000000



 Neutral point  Xnp =  -0.233079

 Clb Cnr / Clr Cnb  = 661.068461    (  > 1 if spirally stable )
