 ---------------------------------------------------------------
 Vortex Lattice Output -- Total Forces

 Configuration: Nemo Human Powered Hydrofoil. Wing (1.80 x 17)              
     # Surfaces =   6
     # Strips   = 102
     # Vortices =1476

  Sref = 0.19100       Cref = 0.11100       Bref =  1.8000    
  Xref =-0.13345       Yref =  0.0000       Zref = 0.98500    

 Standard axis orientation,  X fwd, Z down         

 Run case: V=3.90                                  

  Alpha =  -2.40000     pb/2V =  -0.00000     p'b/2V =  -0.00000
  Beta  =   0.00000     qc/2V =   0.00000
  Mach  =     0.000     rb/2V =  -0.00000     r'b/2V =  -0.00000

  CXtot =  -0.03012     Cltot =  -0.00000     Cl'tot =  -0.00000
  CYtot =   0.00000     Cmtot =  -0.45183
  CZtot =  -0.35350     Cntot =   0.00000     Cn'tot =  -0.00000

  CLtot =   0.35445
  CDtot =   0.01529
  CDvis =   0.01255     CDind =   0.00274
  CLff  =   0.35432     CDff  =   0.00274    | Trefftz
  CYff  =   0.00000         e =    0.8606    | Plane  

   elevator        =   3.00000
   rudder          =   0.00000

   winc            =   2.50000
   keelmiss        =   0.00000
 ---------------------------------------------------------------

 Stability-axis derivatives...

                             alpha                beta
                  ----------------    ----------------
 z' force CL |    CLa =   5.801853    CLb =   0.000000
 y  force CY |    CYa =  -0.000000    CYb =  -1.632815
 x' mom.  Cl'|    Cla =   0.000000    Clb =   0.650074
 y  mom.  Cm |    Cma =  -2.982947    Cmb =   0.000000
 z' mom.  Cn'|    Cna =   0.000000    Cnb =  -0.045652

                     roll rate  p'      pitch rate  q'        yaw rate  r'
                  ----------------    ----------------    ----------------
 z' force CL |    CLp =   0.000000    CLq =  30.554064    CLr =  -0.000000
 y  force CY |    CYp =   1.349932    CYq =   0.000000    CYr =   0.549869
 x' mom.  Cl'|    Clp =  -1.182098    Clq =  -0.000000    Clr =  -0.106648
 y  mom.  Cm |    Cmp =   0.000000    Cmq =-180.489794    Cmr =   0.000000
 z' mom.  Cn'|    Cnp =  -0.028170    Cnq =  -0.000000    Cnr =  -0.646428

                  elevator     d1     rudder       d2 
                  ----------------    ----------------
 z' force CL |   CLd1 =   0.005893   CLd2 =  -0.000000
 y  force CY |   CYd1 =   0.000000   CYd2 =  -0.001835
 x' mom.  Cl'|   Cld1 =  -0.000000   Cld2 =   0.000759
 y  mom.  Cm |   Cmd1 =   0.089577   Cmd2 =  -0.000000
 z' mom.  Cn'|   Cnd1 =   0.000000   Cnd2 =  -0.004772
 Trefftz drag| CDffd1 =   0.000254 CDffd2 =   0.000000
 span eff.   |    ed1 =  -0.051280    ed2 =  -0.000000



                  winc         g1     keelmiss     g2 
                  ----------------    ----------------
 z' force CL |   CLg1 =   0.095174   CLg2 =  -0.000000
 y  force CY |   CYg1 =   0.000000   CYg2 =  -0.025865
 x' mom.  Cl'|   Clg1 =   0.000000   Clg2 =   0.010180
 y  mom.  Cm |   Cmg1 =  -0.130092   Cmg2 =   0.000000
 z' mom.  Cn'|   Cng1 =   0.000000   Cng2 =   0.004644
 Trefftz drag| CDffg1 =   0.001265 CDffg2 =  -0.000000
 span eff.   |    eg1 =   0.065667    eg2 =   0.000000



 Neutral point  Xnp =  -0.076381

 Clb Cnr / Clr Cnb  = -86.312843    (  > 1 if spirally stable )
