 ---------------------------------------------------------------
 Vortex Lattice Output -- Total Forces

 Configuration: Nemo Human Powered Hydrofoil. Wing (1.80 x 17)              
     # Surfaces =   6
     # Strips   = 102
     # Vortices =1476

  Sref = 0.19100       Cref = 0.11100       Bref =  1.8000    
  Xref =-0.13345       Yref =  0.0000       Zref = 0.98500    

 Standard axis orientation,  X fwd, Z down         

 Run case: V=3.30                                  

  Alpha =  -3.50000     pb/2V =  -0.00000     p'b/2V =  -0.00000
  Beta  =   0.00000     qc/2V =   0.00000
  Mach  =     0.000     rb/2V =  -0.00000     r'b/2V =  -0.00000

  CXtot =  -0.02994     Cltot =  -0.00000     Cl'tot =  -0.00000
  CYtot =   0.00000     Cmtot =  -0.38743
  CZtot =  -0.24161     Cntot =   0.00000     Cn'tot =  -0.00000

  CLtot =   0.24299
  CDtot =   0.01513
  CDvis =   0.01381     CDind =   0.00132
  CLff  =   0.24290     CDff  =   0.00132    | Trefftz
  CYff  =   0.00000         e =    0.8370    | Plane  

   elevator        =   3.00000
   rudder          =   0.00000

   winc            =   2.50000
   keelmiss        =   0.00000
 ---------------------------------------------------------------

 Stability-axis derivatives...

                             alpha                beta
                  ----------------    ----------------
 z' force CL |    CLa =   5.809104    CLb =   0.000000
 y  force CY |    CYa =  -0.000000    CYb =  -1.628288
 x' mom.  Cl'|    Cla =   0.000000    Clb =   0.650128
 y  mom.  Cm |    Cma =  -4.047192    Cmb =  -0.000000
 z' mom.  Cn'|    Cna =   0.000000    Cnb =  -0.033528

                     roll rate  p'      pitch rate  q'        yaw rate  r'
                  ----------------    ----------------    ----------------
 z' force CL |    CLp =   0.000000    CLq =  28.614384    CLr =  -0.000000
 y  force CY |    CYp =   1.329929    CYq =   0.000000    CYr =   0.573518
 x' mom.  Cl'|    Clp =  -1.176773    Clq =  -0.000000    Clr =  -0.128568
 y  mom.  Cm |    Cmp =   0.000000    Cmq =-181.590485    Cmr =   0.000000
 z' mom.  Cn'|    Cnp =  -0.023623    Cnq =  -0.000000    Cnr =  -0.647465

                  elevator     d1     rudder       d2 
                  ----------------    ----------------
 z' force CL |   CLd1 =   0.005885   CLd2 =  -0.000000
 y  force CY |   CYd1 =   0.000000   CYd2 =  -0.001824
 x' mom.  Cl'|   Cld1 =  -0.000000   Cld2 =   0.000758
 y  mom.  Cm |   Cmd1 =   0.089639   Cmd2 =   0.000000
 z' mom.  Cn'|   Cnd1 =   0.000000   Cnd2 =  -0.004751
 Trefftz drag| CDffd1 =   0.000186 CDffd2 =   0.000000
 span eff.   |    ed1 =  -0.077055    ed2 =  -0.000000



                  winc         g1     keelmiss     g2 
                  ----------------    ----------------
 z' force CL |   CLg1 =   0.095067   CLg2 =  -0.000000
 y  force CY |   CYg1 =   0.000000   CYg2 =  -0.025751
 x' mom.  Cl'|   Clg1 =   0.000000   Clg2 =   0.010095
 y  mom.  Cm |   Cmg1 =  -0.133681   Cmg2 =   0.000000
 z' mom.  Cn'|   Cng1 =   0.000000   Cng2 =   0.004624
 Trefftz drag| CDffg1 =   0.000867 CDffg2 =  -0.000000
 span eff.   |    eg1 =   0.108938    eg2 =   0.000000



 Neutral point  Xnp =  -0.056117

 Clb Cnr / Clr Cnb  = -97.651837    (  > 1 if spirally stable )
