 ---------------------------------------------------------------
 Surface Forces (referred to Sref,Cref,Bref about Xref,Yref,Zref)
 Standard axis orientation,  X fwd, Z down         

     Sref =  0.1910       Cref =    0.1110   Bref =    1.8000
     Xref =     -0.1335   Yref =    0.0000   Zref =    0.9850

 n      Area      CL      CD      Cm      CY      Cn      Cl     CDi     CDv
 1     0.095  0.3411  0.0091 -0.5641  0.0002  0.0000 -0.0745  0.0052  0.0039   Wing
 2     0.095  0.3411  0.0091 -0.5641 -0.0002 -0.0000  0.0745  0.0052  0.0039   Wing (YDUP)
 3     0.094  0.0000  0.0034 -0.0214 -0.0000  0.0000 -0.0000  0.0000  0.0034   Quilha
 4     0.009  0.0391  0.0022  0.4728 -0.0000  0.0001 -0.0017  0.0015  0.0007   Canard
 5     0.009  0.0391  0.0022  0.4728  0.0000 -0.0001  0.0017  0.0015  0.0007   Canard (YDUP)
 6     0.018  0.0000  0.0006 -0.0032  0.0000  0.0000 -0.0000  0.0000  0.0006   Leme

 Surface Forces (referred to Ssurf, Cave about root LE on hinge axis)

   n     Ssurf      Cave       cl       cd      cdv    cm_LE
   1     0.095     0.106   0.6830   0.0183   0.0079   0.0000  Wing
   2     0.095     0.106   0.6830   0.0183   0.0079   0.0000  Wing (YDUP)
   3     0.094     0.187   0.0000   0.0070   0.0070   0.0000  Quilha
   4     0.009     0.051   0.8274   0.0469   0.0153   0.0000  Canard
   5     0.009     0.051   0.8274   0.0469   0.0153   0.0000  Canard (YDUP)
   6     0.018     0.060  -0.0000   0.0068   0.0069   0.0000  Leme
 ---------------------------------------------------------------
