 ---------------------------------------------------------------
 Vortex Lattice Output -- Total Forces

 Configuration: Nemo Human Powered Hydrofoil. Wing (1.80 x 17)              
     # Surfaces =   6
     # Strips   = 102
     # Vortices =1476

  Sref = 0.19100       Cref = 0.11100       Bref =  1.8000    
  Xref =-0.13345       Yref =  0.0000       Zref = 0.98500    

 Standard axis orientation,  X fwd, Z down         

 Run case: V=4.20                                  

  Alpha =  -1.85000     pb/2V =  -0.00000     p'b/2V =  -0.00000
  Beta  =   0.00000     qc/2V =   0.00000
  Mach  =     0.000     rb/2V =  -0.00000     r'b/2V =  -0.00000

  CXtot =  -0.03089     Cltot =  -0.00000     Cl'tot =  -0.00000
  CYtot =   0.00000     Cmtot =  -0.22208
  CZtot =  -0.42711     Cntot =   0.00000     Cn'tot =   0.00000

  CLtot =   0.42788
  CDtot =   0.01709
  CDvis =   0.01237     CDind =   0.00472
  CLff  =   0.42771     CDff  =   0.00471    | Trefftz
  CYff  =   0.00000         e =    0.7281    | Plane  

   elevator        =   6.00000
   rudder          =   0.00000

   winc            =   2.50000
   keelmiss        =   0.00000
 ---------------------------------------------------------------

 Stability-axis derivatives...

                             alpha                beta
                  ----------------    ----------------
 z' force CL |    CLa =   5.795562    CLb =   0.000000
 y  force CY |    CYa =  -0.000000    CYb =  -1.637929
 x' mom.  Cl'|    Cla =   0.000000    Clb =   0.650945
 y  mom.  Cm |    Cma =  -2.195510    Cmb =  -0.000000
 z' mom.  Cn'|    Cna =   0.000000    Cnb =  -0.053661

                     roll rate  p'      pitch rate  q'        yaw rate  r'
                  ----------------    ----------------    ----------------
 z' force CL |    CLp =   0.000000    CLq =  32.020929    CLr =  -0.000000
 y  force CY |    CYp =   1.362530    CYq =   0.000000    CYr =   0.533101
 x' mom.  Cl'|    Clp =  -1.185755    Clq =  -0.000000    Clr =  -0.094163
 y  mom.  Cm |    Cmp =   0.000000    Cmq =-173.434258    Cmr =  -0.000000
 z' mom.  Cn'|    Cnp =  -0.031103    Cnq =  -0.000000    Cnr =  -0.649084

                  elevator     d1     rudder       d2 
                  ----------------    ----------------
 z' force CL |   CLd1 =   0.005898   CLd2 =   0.000000
 y  force CY |   CYd1 =   0.000000   CYd2 =  -0.001880
 x' mom.  Cl'|   Cld1 =  -0.000000   Cld2 =   0.000773
 y  mom.  Cm |   Cmd1 =   0.088780   Cmd2 =   0.000000
 z' mom.  Cn'|   Cnd1 =   0.000000   Cnd2 =  -0.004812
 Trefftz drag| CDffd1 =   0.000430 CDffd2 =   0.000000
 span eff.   |    ed1 =  -0.046360    ed2 =  -0.000000



                  winc         g1     keelmiss     g2 
                  ----------------    ----------------
 z' force CL |   CLg1 =   0.095212   CLg2 =  -0.000000
 y  force CY |   CYg1 =   0.000000   CYg2 =  -0.025909
 x' mom.  Cl'|   Clg1 =   0.000000   Clg2 =   0.010217
 y  mom.  Cm |   Cmg1 =  -0.124630   Cmg2 =   0.000000
 z' mom.  Cn'|   Cng1 =   0.000000   Cng2 =   0.004654
 Trefftz drag| CDffg1 =   0.001508 CDffg2 =  -0.000000
 span eff.   |    eg1 =   0.091826    eg2 =   0.000000



 Neutral point  Xnp =  -0.091400

 Clb Cnr / Clr Cnb  = -83.619995    (  > 1 if spirally stable )
