 ---------------------------------------------------------------
 Vortex Lattice Output -- Total Forces

 Configuration: Nemo Human Powered Hydrofoil. Wing (1.80 x 17)              
     # Surfaces =   6
     # Strips   = 102
     # Vortices =1476

  Sref = 0.19100       Cref = 0.11100       Bref =  1.8000    
  Xref =-0.13345       Yref =  0.0000       Zref = 0.98500    

 Standard axis orientation,  X fwd, Z down         

 Run case: V=6.60                                  

  Alpha =   2.55000     pb/2V =  -0.00000     p'b/2V =  -0.00000
  Beta  =   0.00000     qc/2V =   0.00000
  Mach  =     0.000     rb/2V =  -0.00000     r'b/2V =  -0.00000

  CXtot =   0.00736     Cltot =  -0.00000     Cl'tot =  -0.00000
  CYtot =   0.00000     Cmtot =  -0.14013
  CZtot =  -0.87095     Cntot =   0.00000     Cn'tot =   0.00000

  CLtot =   0.87041
  CDtot =   0.03140
  CDvis =   0.01415     CDind =   0.01724
  CLff  =   0.87115     CDff  =   0.01726    | Trefftz
  CYff  =   0.00000         e =    0.8253    | Plane  

   elevator        =   6.00000
   rudder          =   0.00000

   winc            =   2.50000
   keelmiss        =   0.00000
 ---------------------------------------------------------------

 Stability-axis derivatives...

                             alpha                beta
                  ----------------    ----------------
 z' force CL |    CLa =   5.720009    CLb =   0.000000
 y  force CY |    CYa =  -0.000000    CYb =  -1.655644
 x' mom.  Cl'|    Cla =   0.000000    Clb =   0.648825
 y  mom.  Cm |    Cma =   4.305530    Cmb =   0.000000
 z' mom.  Cn'|    Cna =   0.000000    Cnb =  -0.100468

                     roll rate  p'      pitch rate  q'        yaw rate  r'
                  ----------------    ----------------    ----------------
 z' force CL |    CLp =   0.000000    CLq =  39.724087    CLr =  -0.000000
 y  force CY |    CYp =   1.437850    CYq =   0.000000    CYr =   0.428869
 x' mom.  Cl'|    Clp =  -1.206698    Clq =  -0.000000    Clr =  -0.004122
 y  mom.  Cm |    Cmp =  -0.000000    Cmq =-160.929145    Cmr =   0.000000
 z' mom.  Cn'|    Cnp =  -0.074383    Cnq =  -0.000000    Cnr =  -0.644707

                  elevator     d1     rudder       d2 
                  ----------------    ----------------
 z' force CL |   CLd1 =   0.005886   CLd2 =   0.000000
 y  force CY |   CYd1 =   0.000000   CYd2 =  -0.001907
 x' mom.  Cl'|   Cld1 =  -0.000000   Cld2 =   0.000769
 y  mom.  Cm |   Cmd1 =   0.090462   Cmd2 =  -0.000000
 z' mom.  Cn'|   Cnd1 =   0.000000   Cnd2 =  -0.004848
 Trefftz drag| CDffd1 =   0.000697 CDffd2 =   0.000000
 span eff.   |    ed1 =  -0.022229    ed2 =  -0.000000



                  winc         g1     keelmiss     g2 
                  ----------------    ----------------
 z' force CL |   CLg1 =   0.095118   CLg2 =  -0.000000
 y  force CY |   CYg1 =   0.000000   CYg2 =  -0.026134
 x' mom.  Cl'|   Clg1 =   0.000000   Clg2 =   0.010466
 y  mom.  Cm |   Cmg1 =  -0.072488   Cmg2 =   0.000000
 z' mom.  Cn'|   Cng1 =   0.000000   Cng2 =   0.004713
 Trefftz drag| CDffg1 =   0.003078 CDffg2 =  -0.000000
 span eff.   |    eg1 =   0.032623    eg2 =   0.000000



 Neutral point  Xnp =  -0.217001

 Clb Cnr / Clr Cnb  =***********    (  > 1 if spirally stable )
