 ---------------------------------------------------------------
 Vortex Lattice Output -- Total Forces

 Configuration: Nemo Human Powered Hydrofoil. Wing (1.80 x 17)              
     # Surfaces =   6
     # Strips   = 102
     # Vortices =1476

  Sref = 0.19100       Cref = 0.11100       Bref =  1.8000    
  Xref =-0.13345       Yref =  0.0000       Zref = 0.98500    

 Standard axis orientation,  X fwd, Z down         

 Run case: V=5.10                                  

  Alpha =  -0.20000     pb/2V =  -0.00000     p'b/2V =  -0.00000
  Beta  =   0.00000     qc/2V =   0.00000
  Mach  =     0.000     rb/2V =  -0.00000     r'b/2V =  -0.00000

  CXtot =  -0.02321     Cltot =  -0.00000     Cl'tot =  -0.00000
  CYtot =   0.00000     Cmtot =  -0.24958
  CZtot =  -0.59441     Cntot =   0.00000     Cn'tot =   0.00000

  CLtot =   0.59449
  CDtot =   0.02113
  CDvis =   0.01265     CDind =   0.00848
  CLff  =   0.59443     CDff  =   0.00848    | Trefftz
  CYff  =   0.00000         e =    0.7821    | Plane  

   elevator        =   6.00000
   rudder          =   0.00000

   winc            =   2.50000
   keelmiss        =   0.00000
 ---------------------------------------------------------------

 Stability-axis derivatives...

                             alpha                beta
                  ----------------    ----------------
 z' force CL |    CLa =   5.773992    CLb =   0.000000
 y  force CY |    CYa =  -0.000000    CYb =  -1.645313
 x' mom.  Cl'|    Cla =   0.000000    Clb =   0.650771
 y  mom.  Cm |    Cma =   0.240776    Cmb =  -0.000000
 z' mom.  Cn'|    Cna =   0.000000    Cnb =  -0.071264

                     roll rate  p'      pitch rate  q'        yaw rate  r'
                  ----------------    ----------------    ----------------
 z' force CL |    CLp =  -0.000000    CLq =  34.919796    CLr =  -0.000000
 y  force CY |    CYp =   1.392213    CYq =   0.000000    CYr =   0.495329
 x' mom.  Cl'|    Clp =  -1.194126    Clq =  -0.000000    Clr =  -0.060740
 y  mom.  Cm |    Cmp =   0.000000    Cmq =-168.618612    Cmr =  -0.000000
 z' mom.  Cn'|    Cnp =  -0.047535    Cnq =  -0.000000    Cnr =  -0.647609

                  elevator     d1     rudder       d2 
                  ----------------    ----------------
 z' force CL |   CLd1 =   0.005899   CLd2 =  -0.000000
 y  force CY |   CYd1 =   0.000000   CYd2 =  -0.001893
 x' mom.  Cl'|   Cld1 =  -0.000000   Cld2 =   0.000773
 y  mom.  Cm |   Cmd1 =   0.089518   Cmd2 =  -0.000000
 z' mom.  Cn'|   Cnd1 =   0.000000   Cnd2 =  -0.004832
 Trefftz drag| CDffd1 =   0.000532 CDffd2 =   0.000000
 span eff.   |    ed1 =  -0.033523    ed2 =  -0.000000



                  winc         g1     keelmiss     g2 
                  ----------------    ----------------
 z' force CL |   CLg1 =   0.095258   CLg2 =  -0.000000
 y  force CY |   CYg1 =   0.000000   CYg2 =  -0.026030
 x' mom.  Cl'|   Clg1 =   0.000000   Clg2 =   0.010325
 y  mom.  Cm |   Cmg1 =  -0.105269   Cmg2 =   0.000000
 z' mom.  Cn'|   Cng1 =   0.000000   Cng2 =   0.004683
 Trefftz drag| CDffg1 =   0.002102 CDffg2 =  -0.000000
 span eff.   |    eg1 =   0.056821    eg2 =   0.000000



 Neutral point  Xnp =  -0.138079

 Clb Cnr / Clr Cnb  = -97.363630    (  > 1 if spirally stable )
