 ---------------------------------------------------------------
 Vortex Lattice Output -- Total Forces

 Configuration: Nemo Human Powered Hydrofoil. Wing (1.80 x 17)              
     # Surfaces =   6
     # Strips   = 102
     # Vortices =1476

  Sref = 0.19100       Cref = 0.11100       Bref =  1.8000    
  Xref =-0.13345       Yref =  0.0000       Zref = 0.98500    

 Standard axis orientation,  X fwd, Z down         

 Run case: V=3.90                                  

  Alpha =  -2.40000     pb/2V =  -0.00000     p'b/2V =  -0.00000
  Beta  =   0.00000     qc/2V =   0.00000
  Mach  =     0.000     rb/2V =  -0.00000     r'b/2V =  -0.00000

  CXtot =  -0.03171     Cltot =  -0.00000     Cl'tot =  -0.00000
  CYtot =   0.00000     Cmtot =  -0.19775
  CZtot =  -0.37122     Cntot =   0.00000     Cn'tot =  -0.00000

  CLtot =   0.37222
  CDtot =   0.01614
  CDvis =   0.01242     CDind =   0.00371
  CLff  =   0.37204     CDff  =   0.00371    | Trefftz
  CYff  =   0.00000         e =    0.6994    | Plane  

   elevator        =   6.00000
   rudder          =   0.00000

   winc            =   2.50000
   keelmiss        =   0.00000
 ---------------------------------------------------------------

 Stability-axis derivatives...

                             alpha                beta
                  ----------------    ----------------
 z' force CL |    CLa =   5.800931    CLb =   0.000000
 y  force CY |    CYa =  -0.000000    CYb =  -1.635314
 x' mom.  Cl'|    Cla =   0.000000    Clb =   0.650860
 y  mom.  Cm |    Cma =  -2.960969    Cmb =  -0.000000
 z' mom.  Cn'|    Cna =   0.000000    Cnb =  -0.047765

                     roll rate  p'      pitch rate  q'        yaw rate  r'
                  ----------------    ----------------    ----------------
 z' force CL |    CLp =   0.000000    CLq =  31.054503    CLr =  -0.000000
 y  force CY |    CYp =   1.352319    CYq =   0.000000    CYr =   0.545329
 x' mom.  Cl'|    Clp =  -1.182874    Clq =  -0.000000    Clr =  -0.105213
 y  mom.  Cm |    Cmp =  -0.000000    Cmq =-174.702758    Cmr =   0.000000
 z' mom.  Cn'|    Cnp =  -0.026026    Cnq =  -0.000000    Cnr =  -0.649511

                  elevator     d1     rudder       d2 
                  ----------------    ----------------
 z' force CL |   CLd1 =   0.005896   CLd2 =   0.000000
 y  force CY |   CYd1 =   0.000000   CYd2 =  -0.001875
 x' mom.  Cl'|   Cld1 =  -0.000000   Cld2 =   0.000773
 y  mom.  Cm |   Cmd1 =   0.088460   Cmd2 =  -0.000000
 z' mom.  Cn'|   Cnd1 =   0.000000   Cnd2 =  -0.004803
 Trefftz drag| CDffd1 =   0.000396 CDffd2 =   0.000000
 span eff.   |    ed1 =  -0.052451    ed2 =  -0.000000



                  winc         g1     keelmiss     g2 
                  ----------------    ----------------
 z' force CL |   CLg1 =   0.095175   CLg2 =  -0.000000
 y  force CY |   CYg1 =   0.000000   CYg2 =  -0.025860
 x' mom.  Cl'|   Clg1 =   0.000000   Clg2 =   0.010177
 y  mom.  Cm |   Cmg1 =  -0.130196   Cmg2 =   0.000000
 z' mom.  Cn'|   Cng1 =   0.000000   Cng2 =   0.004643
 Trefftz drag| CDffg1 =   0.001310 CDffg2 =  -0.000000
 span eff.   |    eg1 =   0.112063    eg2 =   0.000000



 Neutral point  Xnp =  -0.076792

 Clb Cnr / Clr Cnb  = -84.119575    (  > 1 if spirally stable )
