 ---------------------------------------------------------------
 Vortex Lattice Output -- Total Forces

 Configuration: Nemo Human Powered Hydrofoil. Wing (1.80 x 17)              
     # Surfaces =   6
     # Strips   = 102
     # Vortices =1476

  Sref = 0.19100       Cref = 0.11100       Bref =  1.8000    
  Xref =-0.13345       Yref =  0.0000       Zref = 0.98500    

 Standard axis orientation,  X fwd, Z down         

 Run case: V=6.30                                  

  Alpha =   2.00000     pb/2V =  -0.00000     p'b/2V =  -0.00000
  Beta  =   0.00000     qc/2V =   0.00000
  Mach  =     0.000     rb/2V =  -0.00000     r'b/2V =  -0.00000

  CXtot =  -0.00053     Cltot =  -0.00000     Cl'tot =  -0.00000
  CYtot =   0.00000     Cmtot =  -0.17756
  CZtot =  -0.81596     Cntot =   0.00000     Cn'tot =   0.00000

  CLtot =   0.81545
  CDtot =   0.02900
  CDvis =   0.01376     CDind =   0.01525
  CLff  =   0.81594     CDff  =   0.01525    | Trefftz
  CYff  =   0.00000         e =    0.8191    | Plane  

   elevator        =   6.00000
   rudder          =   0.00000

   winc            =   2.50000
   keelmiss        =   0.00000
 ---------------------------------------------------------------

 Stability-axis derivatives...

                             alpha                beta
                  ----------------    ----------------
 z' force CL |    CLa =   5.732590    CLb =   0.000000
 y  force CY |    CYa =  -0.000000    CYb =  -1.653782
 x' mom.  Cl'|    Cla =   0.000000    Clb =   0.649381
 y  mom.  Cm |    Cma =   3.494023    Cmb =  -0.000000
 z' mom.  Cn'|    Cna =   0.000000    Cnb =  -0.094646

                     roll rate  p'      pitch rate  q'        yaw rate  r'
                  ----------------    ----------------    ----------------
 z' force CL |    CLp =  -0.000000    CLq =  38.767842    CLr =  -0.000000
 y  force CY |    CYp =   1.429127    CYq =   0.000000    CYr =   0.442497
 x' mom.  Cl'|    Clp =  -1.204333    Clq =  -0.000000    Clr =  -0.015535
 y  mom.  Cm |    Cmp =   0.000000    Cmq =-162.434124    Cmr =   0.000000
 z' mom.  Cn'|    Cnp =  -0.069098    Cnq =  -0.000000    Cnr =  -0.645328

                  elevator     d1     rudder       d2 
                  ----------------    ----------------
 z' force CL |   CLd1 =   0.005890   CLd2 =  -0.000000
 y  force CY |   CYd1 =   0.000000   CYd2 =  -0.001905
 x' mom.  Cl'|   Cld1 =  -0.000000   Cld2 =   0.000770
 y  mom.  Cm |   Cmd1 =   0.090304   Cmd2 =  -0.000000
 z' mom.  Cn'|   Cnd1 =   0.000000   Cnd2 =  -0.004847
 Trefftz drag| CDffd1 =   0.000665 CDffd2 =   0.000000
 span eff.   |    ed1 =  -0.023888    ed2 =  -0.000000



                  winc         g1     keelmiss     g2 
                  ----------------    ----------------
 z' force CL |   CLg1 =   0.095167   CLg2 =  -0.000000
 y  force CY |   CYg1 =   0.000000   CYg2 =  -0.026123
 x' mom.  Cl'|   Clg1 =   0.000000   Clg2 =   0.010441
 y  mom.  Cm |   Cmg1 =  -0.079076   Cmg2 =   0.000000
 z' mom.  Cn'|   Cng1 =  -0.000000   Cng2 =   0.004709
 Trefftz drag| CDffg1 =   0.002884 CDffg2 =  -0.000000
 span eff.   |    eg1 =   0.035843    eg2 =   0.000000



 Neutral point  Xnp =  -0.201105

 Clb Cnr / Clr Cnb  =-285.011171    (  > 1 if spirally stable )
