 ---------------------------------------------------------------
 Surface Forces (referred to Sref,Cref,Bref about Xref,Yref,Zref)
 Standard axis orientation,  X fwd, Z down         

     Sref =  0.1910       Cref =    0.1110   Bref =    1.8000
     Xref =     -0.1335   Yref =    0.0000   Zref =    0.9850

 n      Area      CL      CD      Cm      CY      Cn      Cl     CDi     CDv
 1     0.095  0.3923  0.0111 -0.5817 -0.0001 -0.0015 -0.0854  0.0068  0.0043   Wing
 2     0.095  0.3923  0.0111 -0.5817  0.0001  0.0015  0.0854  0.0068  0.0043   Wing (YDUP)
 3     0.094  0.0000  0.0034 -0.0216 -0.0000  0.0000  0.0000  0.0000  0.0034   Quilha
 4     0.009  0.0429  0.0025  0.5240 -0.0000  0.0000 -0.0019  0.0018  0.0007   Canard
 5     0.009  0.0429  0.0025  0.5240  0.0000 -0.0000  0.0019  0.0018  0.0007   Canard (YDUP)
 6     0.018  0.0000  0.0006 -0.0030  0.0000  0.0000 -0.0000  0.0000  0.0006   Leme

 Surface Forces (referred to Ssurf, Cave about root LE on hinge axis)

   n     Ssurf      Cave       cl       cd      cdv    cm_LE
   1     0.095     0.106   0.7856   0.0223   0.0086   0.0000  Wing
   2     0.095     0.106   0.7856   0.0223   0.0086   0.0000  Wing (YDUP)
   3     0.094     0.187   0.0000   0.0070   0.0070   0.0000  Quilha
   4     0.009     0.051   0.9077   0.0536   0.0156   0.0000  Canard
   5     0.009     0.051   0.9077   0.0536   0.0156   0.0000  Canard (YDUP)
   6     0.018     0.060  -0.0000   0.0069   0.0069   0.0000  Leme
 ---------------------------------------------------------------
