 ---------------------------------------------------------------
 Vortex Lattice Output -- Total Forces

 Configuration: Nemo Human Powered Hydrofoil. Wing (1.80 x 17)              
     # Surfaces =   6
     # Strips   = 102
     # Vortices =1476

  Sref = 0.19100       Cref = 0.11100       Bref =  1.8000    
  Xref =-0.13345       Yref =  0.0000       Zref = 0.98500    

 Standard axis orientation,  X fwd, Z down         

 Run case: V=5.70                                  

  Alpha =   0.90000     pb/2V =  -0.00000     p'b/2V =  -0.00000
  Beta  =   0.00000     qc/2V =   0.00000
  Mach  =     0.000     rb/2V =  -0.00000     r'b/2V =  -0.00000

  CXtot =  -0.01364     Cltot =  -0.00000     Cl'tot =  -0.00000
  CYtot =   0.00000     Cmtot =  -0.22909
  CZtot =  -0.70547     Cntot =   0.00000     Cn'tot =   0.00000

  CLtot =   0.70517
  CDtot =   0.02472
  CDvis =   0.01310     CDind =   0.01162
  CLff  =   0.70532     CDff  =   0.01162    | Trefftz
  CYff  =   0.00000         e =    0.8036    | Plane  

   elevator        =   6.00000
   rudder          =   0.00000

   winc            =   2.50000
   keelmiss        =   0.00000
 ---------------------------------------------------------------

 Stability-axis derivatives...

                             alpha                beta
                  ----------------    ----------------
 z' force CL |    CLa =   5.755084    CLb =   0.000000
 y  force CY |    CYa =  -0.000000    CYb =  -1.649746
 x' mom.  Cl'|    Cla =   0.000000    Clb =   0.650241
 y  mom.  Cm |    Cma =   1.867534    Cmb =  -0.000000
 z' mom.  Cn'|    Cna =   0.000000    Cnb =  -0.082972

                     roll rate  p'      pitch rate  q'        yaw rate  r'
                  ----------------    ----------------    ----------------
 z' force CL |    CLp =   0.000000    CLq =  36.847614    CLr =  -0.000000
 y  force CY |    CYp =   1.411063    CYq =   0.000000    CYr =   0.469255
 x' mom.  Cl'|    Clp =  -1.199371    Clq =  -0.000000    Clr =  -0.038228
 y  mom.  Cm |    Cmp =  -0.000000    Cmq =-165.497538    Cmr =  -0.000000
 z' mom.  Cn'|    Cnp =  -0.058360    Cnq =  -0.000000    Cnr =  -0.646517

                  elevator     d1     rudder       d2 
                  ----------------    ----------------
 z' force CL |   CLd1 =   0.005896   CLd2 =   0.000000
 y  force CY |   CYd1 =   0.000000   CYd2 =  -0.001899
 x' mom.  Cl'|   Cld1 =  -0.000000   Cld2 =   0.000772
 y  mom.  Cm |   Cmd1 =   0.089942   Cmd2 =  -0.000000
 z' mom.  Cn'|   Cnd1 =   0.000000   Cnd2 =  -0.004841
 Trefftz drag| CDffd1 =   0.000598 CDffd2 =   0.000000
 span eff.   |    ed1 =  -0.027981    ed2 =  -0.000000



                  winc         g1     keelmiss     g2 
                  ----------------    ----------------
 z' force CL |   CLg1 =   0.095234   CLg2 =  -0.000000
 y  force CY |   CYg1 =   0.000000   CYg2 =  -0.026086
 x' mom.  Cl'|   Clg1 =   0.000000   Clg2 =   0.010387
 y  mom.  Cm |   Cmg1 =  -0.092222   Cmg2 =   0.000000
 z' mom.  Cn'|   Cng1 =   0.000000   Cng2 =   0.004698
 Trefftz drag| CDffg1 =   0.002495 CDffg2 =  -0.000000
 span eff.   |    eg1 =   0.044264    eg2 =   0.000000



 Neutral point  Xnp =  -0.169470

 Clb Cnr / Clr Cnb  =-132.538285    (  > 1 if spirally stable )
