 ---------------------------------------------------------------
 Vortex Lattice Output -- Total Forces

 Configuration: Nemo Human Powered Hydrofoil. Wing (1.80 x 17)              
     # Surfaces =   6
     # Strips   = 102
     # Vortices =1476

  Sref = 0.19100       Cref = 0.11100       Bref =  1.8000    
  Xref =-0.13345       Yref =  0.0000       Zref = 0.98500    

 Standard axis orientation,  X fwd, Z down         

 Run case: V=4.50                                  

  Alpha =  -1.30000     pb/2V =  -0.00000     p'b/2V =  -0.00000
  Beta  =   0.00000     qc/2V =   0.00000
  Mach  =     0.000     rb/2V =  -0.00000     r'b/2V =  -0.00000

  CXtot =  -0.02921     Cltot =  -0.00000     Cl'tot =  -0.00000
  CYtot =   0.00000     Cmtot =  -0.23895
  CZtot =  -0.48295     Cntot =   0.00000     Cn'tot =   0.00000

  CLtot =   0.48348
  CDtot =   0.01825
  CDvis =   0.01240     CDind =   0.00584
  CLff  =   0.48333     CDff  =   0.00584    | Trefftz
  CYff  =   0.00000         e =    0.7503    | Plane  

   elevator        =   6.00000
   rudder          =   0.00000

   winc            =   2.50000
   keelmiss        =   0.00000
 ---------------------------------------------------------------

 Stability-axis derivatives...

                             alpha                beta
                  ----------------    ----------------
 z' force CL |    CLa =   5.789281    CLb =   0.000000
 y  force CY |    CYa =  -0.000000    CYb =  -1.640481
 x' mom.  Cl'|    Cla =   0.000000    Clb =   0.650966
 y  mom.  Cm |    Cma =  -1.384091    Cmb =  -0.000000
 z' mom.  Cn'|    Cna =   0.000000    Cnb =  -0.059532

                     roll rate  p'      pitch rate  q'        yaw rate  r'
                  ----------------    ----------------    ----------------
 z' force CL |    CLp =   0.000000    CLq =  32.987603    CLr =  -0.000000
 y  force CY |    CYp =   1.372601    CYq =   0.000000    CYr =   0.520692
 x' mom.  Cl'|    Clp =  -1.188604    Clq =  -0.000000    Clr =  -0.083068
 y  mom.  Cm |    Cmp =   0.000000    Cmq =-171.809954    Cmr =   0.000000
 z' mom.  Cn'|    Cnp =  -0.036611    Cnq =  -0.000000    Cnr =  -0.648606

                  elevator     d1     rudder       d2 
                  ----------------    ----------------
 z' force CL |   CLd1 =   0.005899   CLd2 =  -0.000000
 y  force CY |   CYd1 =   0.000000   CYd2 =  -0.001885
 x' mom.  Cl'|   Cld1 =  -0.000000   Cld2 =   0.000773
 y  mom.  Cm |   Cmd1 =   0.089041   Cmd2 =   0.000000
 z' mom.  Cn'|   Cnd1 =   0.000000   Cnd2 =  -0.004819
 Trefftz drag| CDffd1 =   0.000464 CDffd2 =   0.000000
 span eff.   |    ed1 =  -0.041289    ed2 =  -0.000000



                  winc         g1     keelmiss     g2 
                  ----------------    ----------------
 z' force CL |   CLg1 =   0.095238   CLg2 =  -0.000000
 y  force CY |   CYg1 =   0.000000   CYg2 =  -0.025954
 x' mom.  Cl'|   Clg1 =  -0.000000   Clg2 =   0.010255
 y  mom.  Cm |   Cmg1 =  -0.118206   Cmg2 =   0.000000
 z' mom.  Cn'|   Cng1 =   0.000000   Cng2 =   0.004665
 Trefftz drag| CDffg1 =   0.001707 CDffg2 =  -0.000000
 span eff.   |    eg1 =   0.076900    eg2 =   0.000000



 Neutral point  Xnp =  -0.106912

 Clb Cnr / Clr Cnb  = -85.379632    (  > 1 if spirally stable )
