 ---------------------------------------------------------------
 Surface Forces (referred to Sref,Cref,Bref about Xref,Yref,Zref)
 Standard axis orientation,  X fwd, Z down         

     Sref =  0.1910       Cref =    0.1110   Bref =    1.8000
     Xref =     -0.1335   Yref =    0.0000   Zref =    0.9850

 n      Area      CL      CD      Cm      CY      Cn      Cl     CDi     CDv
 1     0.095  0.3154  0.0083 -0.5496  0.0004  0.0006 -0.0690  0.0045  0.0038   Wing
 2     0.095  0.3154  0.0083 -0.5496 -0.0004 -0.0006  0.0690  0.0045  0.0038   Wing (YDUP)
 3     0.094 -0.0000  0.0034 -0.0213  0.0000  0.0000 -0.0000  0.0000  0.0034   Quilha
 4     0.009  0.0372  0.0021  0.4474 -0.0000  0.0001 -0.0016  0.0013  0.0007   Canard
 5     0.009  0.0372  0.0021  0.4474  0.0000 -0.0001  0.0016  0.0013  0.0007   Canard (YDUP)
 6     0.018  0.0000  0.0006 -0.0033  0.0000  0.0000 -0.0000  0.0000  0.0006   Leme

 Surface Forces (referred to Ssurf, Cave about root LE on hinge axis)

   n     Ssurf      Cave       cl       cd      cdv    cm_LE
   1     0.095     0.106   0.6316   0.0165   0.0076   0.0000  Wing
   2     0.095     0.106   0.6316   0.0165   0.0076   0.0000  Wing (YDUP)
   3     0.094     0.187  -0.0000   0.0070   0.0070   0.0000  Quilha
   4     0.009     0.051   0.7870   0.0438   0.0152   0.0000  Canard
   5     0.009     0.051   0.7870   0.0438   0.0152   0.0000  Canard (YDUP)
   6     0.018     0.060  -0.0000   0.0069   0.0069   0.0000  Leme
 ---------------------------------------------------------------
