 ---------------------------------------------------------------
 Vortex Lattice Output -- Total Forces

 Configuration: Nemo Human Powered Hydrofoil. Wing (1.80 x 17)              
     # Surfaces =   6
     # Strips   = 102
     # Vortices =1476

  Sref = 0.19100       Cref = 0.11100       Bref =  1.8000    
  Xref =-0.13345       Yref =  0.0000       Zref = 0.98500    

 Standard axis orientation,  X fwd, Z down         

 Run case: V=6.00                                  

  Alpha =  -3.26791     pb/2V =  -0.00000     p'b/2V =  -0.00000
  Beta  =   0.00000     qc/2V =   0.00000
  Mach  =     0.000     rb/2V =  -0.00000     r'b/2V =  -0.00000

  CXtot =  -0.03145     Cltot =  -0.00000     Cl'tot =  -0.00000
  CYtot =   0.00000     Cmtot =  -0.17385
  CZtot =  -0.28111     Cntot =   0.00000     Cn'tot =  -0.00000

  CLtot =   0.28245
  CDtot =   0.01537
  CDvis =   0.01309     CDind =   0.00229
  CLff  =   0.28230     CDff  =   0.00229    | Trefftz
  CYff  =   0.00000         e =    0.6534    | Plane  

   elevator        =   5.68790
   rudder          =   0.00000

   winc            =   2.50000
   keelmiss        =   0.00000
 ---------------------------------------------------------------

 Stability-axis derivatives...

                             alpha                beta
                  ----------------    ----------------
 z' force CL |    CLa =   5.807601    CLb =   0.000000
 y  force CY |    CYa =  -0.000000    CYb =  -1.631191
 x' mom.  Cl'|    Cla =   0.000000    Clb =   0.650719
 y  mom.  Cm |    Cma =  -3.843829    Cmb =  -0.000000
 z' mom.  Cn'|    Cna =   0.000000    Cnb =  -0.037867

                     roll rate  p'      pitch rate  q'        yaw rate  r'
                  ----------------    ----------------    ----------------
 z' force CL |    CLp =  -0.000000    CLq =  29.480367    CLr =  -0.000000
 y  force CY |    CYp =   1.336091    CYq =   0.000000    CYr =   0.564817
 x' mom.  Cl'|    Clp =  -1.178466    Clq =  -0.000000    Clr =  -0.122762
 y  mom.  Cm |    Cmp =   0.000000    Cmq =-175.278900    Cmr =   0.000000
 z' mom.  Cn'|    Cnp =  -0.022571    Cnq =  -0.000000    Cnr =  -0.649669

                  elevator     d1     rudder       d2 
                  ----------------    ----------------
 z' force CL |   CLd1 =   0.005891   CLd2 =   0.000000
 y  force CY |   CYd1 =   0.000000   CYd2 =  -0.001862
 x' mom.  Cl'|   Cld1 =  -0.000000   Cld2 =   0.000771
 y  mom.  Cm |   Cmd1 =   0.088001   Cmd2 =   0.000000
 z' mom.  Cn'|   Cnd1 =   0.000000   Cnd2 =  -0.004784
 Trefftz drag| CDffd1 =   0.000328 CDffd2 =   0.000000
 span eff.   |    ed1 =  -0.066245    ed2 =  -0.000000



                  winc         g1     keelmiss     g2 
                  ----------------    ----------------
 z' force CL |   CLg1 =   0.095095   CLg2 =  -0.000000
 y  force CY |   CYg1 =   0.000000   CYg2 =  -0.025772
 x' mom.  Cl'|   Clg1 =   0.000000   Clg2 =   0.010112
 y  mom.  Cm |   Cmg1 =  -0.133183   Cmg2 =   0.000000
 z' mom.  Cn'|   Cng1 =   0.000000   Cng2 =   0.004627
 Trefftz drag| CDffg1 =   0.000991 CDffg2 =  -0.000000
 span eff.   |    eg1 =   0.158822    eg2 =   0.000000



 Neutral point  Xnp =  -0.059983

 Clb Cnr / Clr Cnb  = -90.940972    (  > 1 if spirally stable )
