 ---------------------------------------------------------------
 Vortex Lattice Output -- Total Forces

 Configuration: Nemo Human Powered Hydrofoil. Wing (1.80 x 17)              
     # Surfaces =   6
     # Strips   = 102
     # Vortices =1476

  Sref = 0.19100       Cref = 0.11100       Bref =  1.8000    
  Xref =-0.13345       Yref =  0.0000       Zref = 0.98500    

 Standard axis orientation,  X fwd, Z down         

 Run case: V=4.50                                  

  Alpha =  -1.12851     pb/2V =  -0.00000     p'b/2V =  -0.00000
  Beta  =   0.00000     qc/2V =   0.00000
  Mach  =     0.000     rb/2V =  -0.00000     r'b/2V =  -0.00000

  CXtot =  -0.02865     Cltot =  -0.00000     Cl'tot =  -0.00000
  CYtot =   0.00000     Cmtot =  -0.22392
  CZtot =  -0.50166     Cntot =   0.00000     Cn'tot =   0.00000

  CLtot =   0.50213
  CDtot =   0.01876
  CDvis =   0.01243     CDind =   0.00633
  CLff  =   0.50198     CDff  =   0.00633    | Trefftz
  CYff  =   0.00000         e =    0.7473    | Plane  

   elevator        =   6.22274
   rudder          =   0.00000

   winc            =   2.50000
   keelmiss        =   0.00000
 ---------------------------------------------------------------

 Stability-axis derivatives...

                             alpha                beta
                  ----------------    ----------------
 z' force CL |    CLa =   5.786987    CLb =   0.000000
 y  force CY |    CYa =  -0.000000    CYb =  -1.641457
 x' mom.  Cl'|    Cla =   0.000000    Clb =   0.651017
 y  mom.  Cm |    Cma =  -1.129096    Cmb =   0.000000
 z' mom.  Cn'|    Cna =   0.000000    Cnb =  -0.061528

                     roll rate  p'      pitch rate  q'        yaw rate  r'
                  ----------------    ----------------    ----------------
 z' force CL |    CLp =   0.000000    CLq =  33.325254    CLr =  -0.000000
 y  force CY |    CYp =   1.375886    CYq =   0.000000    CYr =   0.516426
 x' mom.  Cl'|    Clp =  -1.189539    Clq =  -0.000000    Clr =  -0.079489
 y  mom.  Cm |    Cmp =  -0.000000    Cmq =-170.944448    Cmr =   0.000000
 z' mom.  Cn'|    Cnp =  -0.038162    Cnq =  -0.000000    Cnr =  -0.648702

                  elevator     d1     rudder       d2 
                  ----------------    ----------------
 z' force CL |   CLd1 =   0.005899   CLd2 =  -0.000000
 y  force CY |   CYd1 =   0.000000   CYd2 =  -0.001889
 x' mom.  Cl'|   Cld1 =  -0.000000   Cld2 =   0.000774
 y  mom.  Cm |   Cmd1 =   0.089075   Cmd2 =  -0.000000
 z' mom.  Cn'|   Cnd1 =   0.000000   Cnd2 =  -0.004824
 Trefftz drag| CDffd1 =   0.000485 CDffd2 =  -0.000000
 span eff.   |    ed1 =  -0.039746    ed2 =   0.000000



                  winc         g1     keelmiss     g2 
                  ----------------    ----------------
 z' force CL |   CLg1 =   0.095244   CLg2 =  -0.000000
 y  force CY |   CYg1 =   0.000000   CYg2 =  -0.025967
 x' mom.  Cl'|   Clg1 =   0.000000   Clg2 =   0.010266
 y  mom.  Cm |   Cmg1 =  -0.116227   Cmg2 =   0.000000
 z' mom.  Cn'|   Cng1 =   0.000000   Cng2 =   0.004668
 Trefftz drag| CDffg1 =   0.001772 CDffg2 =  -0.000000
 span eff.   |    eg1 =   0.074646    eg2 =   0.000000



 Neutral point  Xnp =  -0.111793

 Clb Cnr / Clr Cnb  = -86.349409    (  > 1 if spirally stable )
