 ---------------------------------------------------------------
 Vortex Lattice Output -- Total Forces

 Configuration: Nemo Human Powered Hydrofoil. Wing (1.80 x 17)              
     # Surfaces =   6
     # Strips   = 102
     # Vortices =1476

  Sref = 0.19100       Cref = 0.11100       Bref =  1.8000    
  Xref =-0.13345       Yref =  0.0000       Zref = 0.98500    

 Standard axis orientation,  X fwd, Z down         

 Run case: V=3.60                                  

  Alpha =   1.80594     pb/2V =  -0.00000     p'b/2V =  -0.00000
  Beta  =   0.00000     qc/2V =  -0.00000
  Mach  =     0.000     rb/2V =  -0.00000     r'b/2V =  -0.00000

  CXtot =  -0.00225     Cltot =   0.00000     Cl'tot =   0.00000
  CYtot =  -0.00000     Cmtot =  -0.35421
  CZtot =  -0.78503     Cntot =   0.00000     Cn'tot =   0.00000

  CLtot =   0.78457
  CDtot =   0.02699
  CDvis =   0.01360     CDind =   0.01339
  CLff  =   0.78497     CDff  =   0.01339    | Trefftz
  CYff  =  -0.00000         e =    0.8635    | Plane  

   elevator        =   4.04823
   rudder          =   0.00000

   winc            =   2.50000
   keelmiss        =   0.00000
 ---------------------------------------------------------------

 Stability-axis derivatives...

                             alpha                beta
                  ----------------    ----------------
 z' force CL |    CLa =   5.739315    CLb =  -0.000000
 y  force CY |    CYa =  -0.000000    CYb =  -1.651372
 x' mom.  Cl'|    Cla =   0.000000    Clb =   0.649111
 y  mom.  Cm |    Cma =   3.206910    Cmb =  -0.000000
 z' mom.  Cn'|    Cna =  -0.000000    Cnb =  -0.091100

                     roll rate  p'      pitch rate  q'        yaw rate  r'
                  ----------------    ----------------    ----------------
 z' force CL |    CLp =   0.000000    CLq =  38.126175    CLr =  -0.000000
 y  force CY |    CYp =   1.424595    CYq =   0.000000    CYr =   0.450514
 x' mom.  Cl'|    Clp =  -1.203106    Clq =  -0.000000    Clr =  -0.020440
 y  mom.  Cm |    Cmp =   0.000000    Cmq =-166.157395    Cmr =   0.000000
 z' mom.  Cn'|    Cnp =  -0.068536    Cnq =  -0.000000    Cnr =  -0.643253

                  elevator     d1     rudder       d2 
                  ----------------    ----------------
 z' force CL |   CLd1 =   0.005893   CLd2 =  -0.000000
 y  force CY |   CYd1 =   0.000000   CYd2 =  -0.001878
 x' mom.  Cl'|   Cld1 =  -0.000000   Cld2 =   0.000761
 y  mom.  Cm |   Cmd1 =   0.090606   Cmd2 =  -0.000000
 z' mom.  Cn'|   Cnd1 =   0.000000   Cnd2 =  -0.004826
 Trefftz drag| CDffd1 =   0.000561 CDffd2 =   0.000000
 span eff.   |    ed1 =  -0.023267    ed2 =  -0.000000



                  winc         g1     keelmiss     g2 
                  ----------------    ----------------
 z' force CL |   CLg1 =   0.095184   CLg2 =  -0.000000
 y  force CY |   CYg1 =   0.000000   CYg2 =  -0.026121
 x' mom.  Cl'|   Clg1 =   0.000000   Clg2 =   0.010434
 y  mom.  Cm |   Cmg1 =  -0.081125   Cmg2 =   0.000000
 z' mom.  Cn'|   Cng1 =  -0.000000   Cng2 =   0.004708
 Trefftz drag| CDffg1 =   0.002787 CDffg2 =  -0.000000
 span eff.   |    eg1 =   0.029336    eg2 =   0.000000



 Neutral point  Xnp =  -0.195473

 Clb Cnr / Clr Cnb  =-224.237495    (  > 1 if spirally stable )
