 ---------------------------------------------------------------
 Vortex Lattice Output -- Total Forces

 Configuration: Nemo Human Powered Hydrofoil. Wing (1.80 x 17)              
     # Surfaces =   6
     # Strips   = 102
     # Vortices =1476

  Sref = 0.19100       Cref = 0.11100       Bref =  1.8000    
  Xref =-0.13345       Yref =  0.0000       Zref = 0.98500    

 Standard axis orientation,  X fwd, Z down         

 Run case: V=6.60                                  

  Alpha =  -3.72325     pb/2V =  -0.00000     p'b/2V =  -0.00000
  Beta  =   0.00000     qc/2V =   0.00000
  Mach  =     0.000     rb/2V =  -0.00000     r'b/2V =  -0.00000

  CXtot =  -0.03139     Cltot =  -0.00000     Cl'tot =  -0.00000
  CYtot =   0.00000     Cmtot =  -0.19054
  CZtot =  -0.23188     Cntot =   0.00000     Cn'tot =  -0.00000

  CLtot =   0.23343
  CDtot =   0.01627
  CDvis =   0.01468     CDind =   0.00159
  CLff  =   0.23331     CDff  =   0.00159    | Trefftz
  CYff  =   0.00000         e =    0.6410    | Plane  

   elevator        =   5.20651
   rudder          =   0.00000

   winc            =   2.50000
   keelmiss        =   0.00000
 ---------------------------------------------------------------

 Stability-axis derivatives...

                             alpha                beta
                  ----------------    ----------------
 z' force CL |    CLa =   5.810164    CLb =  -0.000000
 y  force CY |    CYa =  -0.000000    CYb =  -1.629842
 x' mom.  Cl'|    Cla =   0.000000    Clb =   0.651106
 y  mom.  Cm |    Cma =  -4.479572    Cmb =  -0.000000
 z' mom.  Cn'|    Cna =   0.000000    Cnb =  -0.032383

                     roll rate  p'      pitch rate  q'        yaw rate  r'
                  ----------------    ----------------    ----------------
 z' force CL |    CLp =   0.000000    CLq =  28.607600    CLr =  -0.000000
 y  force CY |    CYp =   1.328406    CYq =   0.000000    CYr =   0.575621
 x' mom.  Cl'|    Clp =  -1.176816    Clq =  -0.000000    Clr =  -0.132233
 y  mom.  Cm |    Cmp =  -0.000000    Cmq =-177.986245    Cmr =   0.000000
 z' mom.  Cn'|    Cnp =  -0.020612    Cnq =  -0.000000    Cnr =  -0.649875

                  elevator     d1     rudder       d2 
                  ----------------    ----------------
 z' force CL |   CLd1 =   0.005887   CLd2 =   0.000000
 y  force CY |   CYd1 =   0.000000   CYd2 =  -0.001851
 x' mom.  Cl'|   Cld1 =  -0.000000   Cld2 =   0.000769
 y  mom.  Cm |   Cmd1 =   0.087998   Cmd2 =  -0.000000
 z' mom.  Cn'|   Cnd1 =   0.000000   Cnd2 =  -0.004769
 Trefftz drag| CDffd1 =   0.000277 CDffd2 =  -0.000000
 span eff.   |    ed1 =  -0.078863    ed2 =  -0.000000



                  winc         g1     keelmiss     g2 
                  ----------------    ----------------
 z' force CL |   CLg1 =   0.095042   CLg2 =  -0.000000
 y  force CY |   CYg1 =   0.000000   CYg2 =  -0.025722
 x' mom.  Cl'|   Clg1 =   0.000000   Clg2 =   0.010076
 y  mom.  Cm |   Cmg1 =  -0.137743   Cmg2 =   0.000000
 z' mom.  Cn'|   Cng1 =   0.000000   Cng2 =   0.004617
 Trefftz drag| CDffg1 =   0.000819 CDffg2 =  -0.000000
 span eff.   |    eg1 =   0.194950    eg2 =   0.000000



 Neutral point  Xnp =  -0.047870

 Clb Cnr / Clr Cnb  = -98.815582    (  > 1 if spirally stable )
