 ---------------------------------------------------------------
 Vortex Lattice Output -- Total Forces

 Configuration: Nemo Human Powered Hydrofoil. Wing (1.80 x 17)              
     # Surfaces =   6
     # Strips   = 102
     # Vortices =1476

  Sref = 0.19100       Cref = 0.11100       Bref =  1.8000    
  Xref =-0.13345       Yref =  0.0000       Zref = 0.98500    

 Standard axis orientation,  X fwd, Z down         

 Run case: V=3.30                                  

  Alpha =   3.45466     pb/2V =  -0.00000     p'b/2V =  -0.00000
  Beta  =   0.00000     qc/2V =   0.00000
  Mach  =     0.000     rb/2V =  -0.00000     r'b/2V =  -0.00000

  CXtot =   0.02364     Cltot =  -0.00000     Cl'tot =  -0.00000
  CYtot =  -0.00000     Cmtot =  -0.45359
  CZtot =  -0.93398     Cntot =   0.00000     Cn'tot =   0.00000

  CLtot =   0.93371
  CDtot =   0.03268
  CDvis =   0.01486     CDind =   0.01782
  CLff  =   0.93476     CDff  =   0.01785    | Trefftz
  CYff  =  -0.00000         e =    0.9185    | Plane  

   elevator        =   1.39325
   rudder          =   0.00000

   winc            =   2.50000
   keelmiss        =   0.00000
 ---------------------------------------------------------------

 Stability-axis derivatives...

                             alpha                beta
                  ----------------    ----------------
 z' force CL |    CLa =   5.704683    CLb =   0.000000
 y  force CY |    CYa =  -0.000000    CYb =  -1.654422
 x' mom.  Cl'|    Cla =   0.000000    Clb =   0.646782
 y  mom.  Cm |    Cma =   5.659012    Cmb =   0.000000
 z' mom.  Cn'|    Cna =   0.000000    Cnb =  -0.106479

                     roll rate  p'      pitch rate  q'        yaw rate  r'
                  ----------------    ----------------    ----------------
 z' force CL |    CLp =  -0.000000    CLq =  40.592218    CLr =  -0.000000
 y  force CY |    CYp =   1.448661    CYq =   0.000000    CYr =   0.413851
 x' mom.  Cl'|    Clp =  -1.209686    Clq =  -0.000000    Clr =   0.012786
 y  mom.  Cm |    Cmp =   0.000000    Cmq =-166.088445    Cmr =   0.000000
 z' mom.  Cn'|    Cnp =  -0.085934    Cnq =  -0.000000    Cnr =  -0.638105

                  elevator     d1     rudder       d2 
                  ----------------    ----------------
 z' force CL |   CLd1 =   0.005884   CLd2 =  -0.000000
 y  force CY |   CYd1 =   0.000000   CYd2 =  -0.001849
 x' mom.  Cl'|   Cld1 =  -0.000000   Cld2 =   0.000745
 y  mom.  Cm |   Cmd1 =   0.091533   Cmd2 =  -0.000000
 z' mom.  Cn'|   Cnd1 =   0.000000   Cnd2 =  -0.004802
 Trefftz drag| CDffd1 =   0.000536 CDffd2 =   0.000000
 span eff.   |    ed1 =  -0.016065    ed2 =  -0.000000



                  winc         g1     keelmiss     g2 
                  ----------------    ----------------
 z' force CL |   CLg1 =   0.095020   CLg2 =  -0.000000
 y  force CY |   CYg1 =   0.000000   CYg2 =  -0.026150
 x' mom.  Cl'|   Clg1 =  -0.000000   Clg2 =   0.010505
 y  mom.  Cm |   Cmg1 =  -0.060993   Cmg2 =   0.000000
 z' mom.  Cn'|   Cng1 =  -0.000000   Cng2 =   0.004720
 Trefftz drag| CDffg1 =   0.003327 CDffg2 =  -0.000000
 span eff.   |    eg1 =   0.015005    eg2 =   0.000000



 Neutral point  Xnp =  -0.243561

 Clb Cnr / Clr Cnb  = 303.150585    (  > 1 if spirally stable )
