 ---------------------------------------------------------------
 Vortex Lattice Output -- Total Forces

 Configuration: Nemo Human Powered Hydrofoil. Wing (1.80 x 17)              
     # Surfaces =   6
     # Strips   = 102
     # Vortices =1476

  Sref = 0.19100       Cref = 0.11100       Bref =  1.8000    
  Xref =-0.13345       Yref =  0.0000       Zref = 0.98500    

 Standard axis orientation,  X fwd, Z down         

 Run case: V=3.90                                  

  Alpha =   0.57248     pb/2V =  -0.00000     p'b/2V =  -0.00000
  Beta  =   0.00000     qc/2V =  -0.00000
  Mach  =     0.000     rb/2V =  -0.00000     r'b/2V =  -0.00000

  CXtot =  -0.01653     Cltot =  -0.00000     Cl'tot =  -0.00000
  CYtot =   0.00000     Cmtot =  -0.29205
  CZtot =  -0.66871     Cntot =   0.00000     Cn'tot =   0.00000

  CLtot =   0.66851
  CDtot =   0.02321
  CDvis =   0.01294     CDind =   0.01028
  CLff  =   0.66859     CDff  =   0.01027    | Trefftz
  CYff  =   0.00000         e =    0.8166    | Plane  

   elevator        =   5.36515
   rudder          =   0.00000

   winc            =   2.50000
   keelmiss        =   0.00000
 ---------------------------------------------------------------

 Stability-axis derivatives...

                             alpha                beta
                  ----------------    ----------------
 z' force CL |    CLa =   5.761748    CLb =  -0.000000
 y  force CY |    CYa =  -0.000000    CYb =  -1.647906
 x' mom.  Cl'|    Cla =   0.000000    Clb =   0.650278
 y  mom.  Cm |    Cma =   1.380856    Cmb =  -0.000000
 z' mom.  Cn'|    Cna =   0.000000    Cnb =  -0.079008

                     roll rate  p'      pitch rate  q'        yaw rate  r'
                  ----------------    ----------------    ----------------
 z' force CL |    CLp =   0.000000    CLq =  36.173575    CLr =  -0.000000
 y  force CY |    CYp =   1.405052    CYq =   0.000000    CYr =   0.478136
 x' mom.  Cl'|    Clp =  -1.197702    Clq =  -0.000000    Clr =  -0.045251
 y  mom.  Cm |    Cmp =  -0.000000    Cmq =-167.451462    Cmr =  -0.000000
 z' mom.  Cn'|    Cnp =  -0.055596    Cnq =  -0.000000    Cnr =  -0.646122

                  elevator     d1     rudder       d2 
                  ----------------    ----------------
 z' force CL |   CLd1 =   0.005897   CLd2 =  -0.000000
 y  force CY |   CYd1 =   0.000000   CYd2 =  -0.001889
 x' mom.  Cl'|   Cld1 =  -0.000000   Cld2 =   0.000769
 y  mom.  Cm |   Cmd1 =   0.089940   Cmd2 =  -0.000000
 z' mom.  Cn'|   Cnd1 =   0.000000   Cnd2 =  -0.004832
 Trefftz drag| CDffd1 =   0.000549 CDffd2 =   0.000000
 span eff.   |    ed1 =  -0.029230    ed2 =  -0.000000



                  winc         g1     keelmiss     g2 
                  ----------------    ----------------
 z' force CL |   CLg1 =   0.095246   CLg2 =  -0.000000
 y  force CY |   CYg1 =   0.000000   CYg2 =  -0.026072
 x' mom.  Cl'|   Clg1 =   0.000000   Clg2 =   0.010370
 y  mom.  Cm |   Cmg1 =  -0.096025   Cmg2 =   0.000000
 z' mom.  Cn'|   Cng1 =   0.000000   Cng2 =   0.004694
 Trefftz drag| CDffg1 =   0.002369 CDffg2 =  -0.000000
 span eff.   |    eg1 =   0.044243    eg2 =   0.000000



 Neutral point  Xnp =  -0.160052

 Clb Cnr / Clr Cnb  =-117.520139    (  > 1 if spirally stable )
