 ---------------------------------------------------------------
 Vortex Lattice Output -- Total Forces

 Configuration: Nemo Human Powered Hydrofoil. Wing (1.80 x 17)              
     # Surfaces =   6
     # Strips   = 102
     # Vortices =1476

  Sref = 0.19100       Cref = 0.11100       Bref =  1.8000    
  Xref =-0.13345       Yref =  0.0000       Zref = 0.98500    

 Standard axis orientation,  X fwd, Z down         

 Run case: V=5.70                                  

  Alpha =  -2.97739     pb/2V =  -0.00000     p'b/2V =  -0.00000
  Beta  =   0.00000     qc/2V =   0.00000
  Mach  =     0.000     rb/2V =  -0.00000     r'b/2V =  -0.00000

  CXtot =  -0.03173     Cltot =  -0.00000     Cl'tot =  -0.00000
  CYtot =   0.00000     Cmtot =  -0.17666
  CZtot =  -0.31173     Cntot =   0.00000     Cn'tot =  -0.00000

  CLtot =   0.31296
  CDtot =   0.01549
  CDvis =   0.01274     CDind =   0.00275
  CLff  =   0.31280     CDff  =   0.00275    | Trefftz
  CYff  =   0.00000         e =    0.6669    | Plane  

   elevator        =   5.86865
   rudder          =   0.00000

   winc            =   2.50000
   keelmiss        =   0.00000
 ---------------------------------------------------------------

 Stability-axis derivatives...

                             alpha                beta
                  ----------------    ----------------
 z' force CL |    CLa =   5.805617    CLb =   0.000000
 y  force CY |    CYa =  -0.000000    CYb =  -1.632555
 x' mom.  Cl'|    Cla =   0.000000    Clb =   0.650753
 y  mom.  Cm |    Cma =  -3.562706    Cmb =   0.000000
 z' mom.  Cn'|    Cna =   0.000000    Cnb =  -0.041263

                     roll rate  p'      pitch rate  q'        yaw rate  r'
                  ----------------    ----------------    ----------------
 z' force CL |    CLp =   0.000000    CLq =  30.019389    CLr =  -0.000000
 y  force CY |    CYp =   1.341519    CYq =   0.000000    CYr =   0.558205
 x' mom.  Cl'|    Clp =  -1.179896    Clq =  -0.000000    Clr =  -0.116849
 y  mom.  Cm |    Cmp =  -0.000000    Cmq =-174.989756    Cmr =   0.000000
 z' mom.  Cn'|    Cnp =  -0.023438    Cnq =  -0.000000    Cnr =  -0.649640

                  elevator     d1     rudder       d2 
                  ----------------    ----------------
 z' force CL |   CLd1 =   0.005893   CLd2 =  -0.000000
 y  force CY |   CYd1 =   0.000000   CYd2 =  -0.001868
 x' mom.  Cl'|   Cld1 =  -0.000000   Cld2 =   0.000772
 y  mom.  Cm |   Cmd1 =   0.088137   Cmd2 =  -0.000000
 z' mom.  Cn'|   Cnd1 =   0.000000   Cnd2 =  -0.004791
 Trefftz drag| CDffd1 =   0.000354 CDffd2 =   0.000000
 span eff.   |    ed1 =  -0.060674    ed2 =  -0.000000



                  winc         g1     keelmiss     g2 
                  ----------------    ----------------
 z' force CL |   CLg1 =   0.095125   CLg2 =  -0.000000
 y  force CY |   CYg1 =   0.000000   CYg2 =  -0.025803
 x' mom.  Cl'|   Clg1 =   0.000000   Clg2 =   0.010134
 y  mom.  Cm |   Cmg1 =  -0.132463   Cmg2 =   0.000000
 z' mom.  Cn'|   Cng1 =   0.000000   Cng2 =   0.004633
 Trefftz drag| CDffg1 =   0.001099 CDffg2 =  -0.000000
 span eff.   |    eg1 =   0.140696    eg2 =   0.000000



 Neutral point  Xnp =  -0.065333

 Clb Cnr / Clr Cnb  = -87.679775    (  > 1 if spirally stable )
