 ---------------------------------------------------------------
 Vortex Lattice Output -- Total Forces

 Configuration: Nemo Human Powered Hydrofoil. Wing (1.80 x 17)              
     # Surfaces =   6
     # Strips   = 102
     # Vortices =1476

  Sref = 0.19100       Cref = 0.11100       Bref =  1.8000    
  Xref =-0.13345       Yref =  0.0000       Zref = 0.98500    

 Standard axis orientation,  X fwd, Z down         

 Run case: V=6.30                                  

  Alpha =  -3.51355     pb/2V =  -0.00000     p'b/2V =  -0.00000
  Beta  =   0.00000     qc/2V =   0.00000
  Mach  =     0.000     rb/2V =  -0.00000     r'b/2V =  -0.00000

  CXtot =  -0.03114     Cltot =  -0.00000     Cl'tot =  -0.00000
  CYtot =   0.00000     Cmtot =  -0.17766
  CZtot =  -0.25476     Cntot =   0.00000     Cn'tot =   0.00000

  CLtot =   0.25619
  CDtot =   0.01547
  CDvis =   0.01356     CDind =   0.00191
  CLff  =   0.25605     CDff  =   0.00191    | Trefftz
  CYff  =   0.00000         e =    0.6451    | Plane  

   elevator        =   5.45899
   rudder          =   0.00000

   winc            =   2.50000
   keelmiss        =   0.00000
 ---------------------------------------------------------------

 Stability-axis derivatives...

                             alpha                beta
                  ----------------    ----------------
 z' force CL |    CLa =   5.809069    CLb =   0.000000
 y  force CY |    CYa =  -0.000000    CYb =  -1.630123
 x' mom.  Cl'|    Cla =   0.000000    Clb =   0.650742
 y  mom.  Cm |    Cma =  -4.142195    Cmb =   0.000000
 z' mom.  Cn'|    Cna =   0.000000    Cnb =  -0.034928

                     roll rate  p'      pitch rate  q'        yaw rate  r'
                  ----------------    ----------------    ----------------
 z' force CL |    CLp =   0.000000    CLq =  29.012738    CLr =  -0.000000
 y  force CY |    CYp =   1.331582    CYq =   0.000000    CYr =   0.570521
 x' mom.  Cl'|    Clp =  -1.177348    Clq =  -0.000000    Clr =  -0.127810
 y  mom.  Cm |    Cmp =  -0.000000    Cmq =-176.235844    Cmr =   0.000000
 z' mom.  Cn'|    Cnp =  -0.021885    Cnq =  -0.000000    Cnr =  -0.649711

                  elevator     d1     rudder       d2 
                  ----------------    ----------------
 z' force CL |   CLd1 =   0.005889   CLd2 =  -0.000000
 y  force CY |   CYd1 =   0.000000   CYd2 =  -0.001857
 x' mom.  Cl'|   Cld1 =  -0.000000   Cld2 =   0.000770
 y  mom.  Cm |   Cmd1 =   0.087966   Cmd2 =  -0.000000
 z' mom.  Cn'|   Cnd1 =   0.000000   Cnd2 =  -0.004776
 Trefftz drag| CDffd1 =   0.000302 CDffd2 =  -0.000000
 span eff.   |    ed1 =  -0.072284    ed2 =   0.000000



                  winc         g1     keelmiss     g2 
                  ----------------    ----------------
 z' force CL |   CLg1 =   0.095067   CLg2 =  -0.000000
 y  force CY |   CYg1 =   0.000000   CYg2 =  -0.025745
 x' mom.  Cl'|   Clg1 =   0.000000   Clg2 =   0.010092
 y  mom.  Cm |   Cmg1 =  -0.134872   Cmg2 =   0.000000
 z' mom.  Cn'|   Cng1 =   0.000000   Cng2 =   0.004623
 Trefftz drag| CDffg1 =   0.000899 CDffg2 =  -0.000000
 span eff.   |    eg1 =   0.176884    eg2 =   0.000000



 Neutral point  Xnp =  -0.054301

 Clb Cnr / Clr Cnb  = -94.709720    (  > 1 if spirally stable )
