 ---------------------------------------------------------------
 Vortex Lattice Output -- Total Forces

 Configuration: Nemo Human Powered Hydrofoil. Wing (1.80 x 17)              
     # Surfaces =   6
     # Strips   = 102
     # Vortices =1476

  Sref = 0.19100       Cref = 0.11100       Bref =  1.8000    
  Xref =-0.13345       Yref =  0.0000       Zref = 0.98500    

 Standard axis orientation,  X fwd, Z down         

 Run case: V=5.40                                  

  Alpha =  -2.63450     pb/2V =  -0.00000     p'b/2V =  -0.00000
  Beta  =   0.00000     qc/2V =   0.00000
  Mach  =     0.000     rb/2V =  -0.00000     r'b/2V =  -0.00000

  CXtot =  -0.03184     Cltot =  -0.00000     Cl'tot =  -0.00000
  CYtot =   0.00000     Cmtot =  -0.18215
  CZtot =  -0.34760     Cntot =   0.00000     Cn'tot =   0.00000

  CLtot =   0.34870
  CDtot =   0.01583
  CDvis =   0.01249     CDind =   0.00334
  CLff  =   0.34852     CDff  =   0.00334    | Trefftz
  CYff  =   0.00000         e =    0.6825    | Plane  

   elevator        =   6.03771
   rudder          =   0.00000

   winc            =   2.50000
   keelmiss        =   0.00000
 ---------------------------------------------------------------

 Stability-axis derivatives...

                             alpha                beta
                  ----------------    ----------------
 z' force CL |    CLa =   5.802930    CLb =   0.000000
 y  force CY |    CYa =  -0.000000    CYb =  -1.634237
 x' mom.  Cl'|    Cla =  -0.000000    Clb =   0.650827
 y  mom.  Cm |    Cma =  -3.238649    Cmb =  -0.000000
 z' mom.  Cn'|    Cna =   0.000000    Cnb =  -0.045237

                     roll rate  p'      pitch rate  q'        yaw rate  r'
                  ----------------    ----------------    ----------------
 z' force CL |    CLp =   0.000000    CLq =  30.649000    CLr =  -0.000000
 y  force CY |    CYp =   1.347980    CYq =   0.000000    CYr =   0.550431
 x' mom.  Cl'|    Clp =  -1.181660    Clq =  -0.000000    Clr =  -0.109893
 y  mom.  Cm |    Cmp =  -0.000000    Cmq =-174.866695    Cmr =  -0.000000
 z' mom.  Cn'|    Cnp =  -0.024176    Cnq =  -0.000000    Cnr =  -0.649708

                  elevator     d1     rudder       d2 
                  ----------------    ----------------
 z' force CL |   CLd1 =   0.005895   CLd2 =  -0.000000
 y  force CY |   CYd1 =   0.000000   CYd2 =  -0.001873
 x' mom.  Cl'|   Cld1 =  -0.000000   Cld2 =   0.000773
 y  mom.  Cm |   Cmd1 =   0.088308   Cmd2 =  -0.000000
 z' mom.  Cn'|   Cnd1 =   0.000000   Cnd2 =  -0.004800
 Trefftz drag| CDffd1 =   0.000384 CDffd2 =   0.000000
 span eff.   |    ed1 =  -0.055262    ed2 =  -0.000000



                  winc         g1     keelmiss     g2 
                  ----------------    ----------------
 z' force CL |   CLg1 =   0.095156   CLg2 =  -0.000000
 y  force CY |   CYg1 =   0.000000   CYg2 =  -0.025837
 x' mom.  Cl'|   Clg1 =   0.000000   Clg2 =   0.010160
 y  mom.  Cm |   Cmg1 =  -0.131727   Cmg2 =   0.000000
 z' mom.  Cn'|   Cng1 =   0.000000   Cng2 =   0.004639
 Trefftz drag| CDffg1 =   0.001225 CDffg2 =  -0.000000
 span eff.   |    eg1 =   0.123278    eg2 =   0.000000



 Neutral point  Xnp =  -0.071500

 Clb Cnr / Clr Cnb  = -85.059238    (  > 1 if spirally stable )
