 ---------------------------------------------------------------
 Vortex Lattice Output -- Total Forces

 Configuration: Nemo Human Powered Hydrofoil. Wing (1.80 x 17)              
     # Surfaces =   6
     # Strips   = 102
     # Vortices =1476

  Sref = 0.19100       Cref = 0.11100       Bref =  1.8000    
  Xref =-0.13345       Yref =  0.0000       Zref = 0.98500    

 Standard axis orientation,  X fwd, Z down         

 Run case: V=5.10                                  

  Alpha =  -2.22563     pb/2V =  -0.00000     p'b/2V =  -0.00000
  Beta  =   0.00000     qc/2V =   0.00000
  Mach  =     0.000     rb/2V =  -0.00000     r'b/2V =  -0.00000

  CXtot =  -0.03165     Cltot =  -0.00000     Cl'tot =  -0.00000
  CYtot =   0.00000     Cmtot =  -0.19128
  CZtot =  -0.38999     Cntot =   0.00000     Cn'tot =   0.00000

  CLtot =   0.39093
  CDtot =   0.01648
  CDvis =   0.01239     CDind =   0.00409
  CLff  =   0.39075     CDff  =   0.00409    | Trefftz
  CYff  =   0.00000         e =    0.7004    | Plane  

   elevator        =   6.17822
   rudder          =   0.00000

   winc            =   2.50000
   keelmiss        =   0.00000
 ---------------------------------------------------------------

 Stability-axis derivatives...

                             alpha                beta
                  ----------------    ----------------
 z' force CL |    CLa =   5.799252    CLb =   0.000000
 y  force CY |    CYa =  -0.000000    CYb =  -1.636302
 x' mom.  Cl'|    Cla =   0.000000    Clb =   0.650941
 y  mom.  Cm |    Cma =  -2.728549    Cmb =  -0.000000
 z' mom.  Cn'|    Cna =   0.000000    Cnb =  -0.049771

                     roll rate  p'      pitch rate  q'        yaw rate  r'
                  ----------------    ----------------    ----------------
 z' force CL |    CLp =   0.000000    CLq =  31.390335    CLr =   0.000000
 y  force CY |    CYp =   1.355715    CYq =   0.000000    CYr =   0.541190
 x' mom.  Cl'|    Clp =  -1.183837    Clq =  -0.000000    Clr =  -0.101624
 y  mom.  Cm |    Cmp =   0.000000    Cmq =-174.118583    Cmr =   0.000000
 z' mom.  Cn'|    Cnp =  -0.027434    Cnq =  -0.000000    Cnr =  -0.649571

                  elevator     d1     rudder       d2 
                  ----------------    ----------------
 z' force CL |   CLd1 =   0.005897   CLd2 =  -0.000000
 y  force CY |   CYd1 =   0.000000   CYd2 =  -0.001879
 x' mom.  Cl'|   Cld1 =  -0.000000   Cld2 =   0.000774
 y  mom.  Cm |   Cmd1 =   0.088546   Cmd2 =  -0.000000
 z' mom.  Cn'|   Cnd1 =   0.000000   Cnd2 =  -0.004808
 Trefftz drag| CDffd1 =   0.000416 CDffd2 =  -0.000000
 span eff.   |    ed1 =  -0.049994    ed2 =   0.000000



                  winc         g1     keelmiss     g2 
                  ----------------    ----------------
 z' force CL |   CLg1 =   0.095188   CLg2 =  -0.000000
 y  force CY |   CYg1 =   0.000000   CYg2 =  -0.025876
 x' mom.  Cl'|   Clg1 =   0.000000   Clg2 =   0.010190
 y  mom.  Cm |   Cmg1 =  -0.128690   Cmg2 =   0.000000
 z' mom.  Cn'|   Cng1 =   0.000000   Cng2 =   0.004647
 Trefftz drag| CDffg1 =   0.001375 CDffg2 =  -0.000000
 span eff.   |    eg1 =   0.106526    eg2 =   0.000000



 Neutral point  Xnp =  -0.081224

 Clb Cnr / Clr Cnb  = -83.598050    (  > 1 if spirally stable )
