 ---------------------------------------------------------------
 Vortex Lattice Output -- Total Forces

 Configuration: Nemo Human Powered Hydrofoil. Wing (1.80 x 17)              
     # Surfaces =   6
     # Strips   = 102
     # Vortices =1476

  Sref = 0.19100       Cref = 0.11100       Bref =  1.8000    
  Xref =-0.13345       Yref =  0.0000       Zref = 0.98500    

 Standard axis orientation,  X fwd, Z down         

 Run case: V=6.90                                  

  Alpha =  -3.90057     pb/2V =  -0.00000     p'b/2V =  -0.00000
  Beta  =   0.00000     qc/2V =   0.00000
  Mach  =     0.000     rb/2V =  -0.00000     r'b/2V =  -0.00000

  CXtot =  -0.03251     Cltot =  -0.00000     Cl'tot =  -0.00000
  CYtot =   0.00000     Cmtot =  -0.21858
  CZtot =  -0.21185     Cntot =  -0.00000     Cn'tot =  -0.00000

  CLtot =   0.21357
  CDtot =   0.01802
  CDvis =   0.01670     CDind =   0.00132
  CLff  =   0.21347     CDff  =   0.00132    | Trefftz
  CYff  =   0.00000         e =    0.6457    | Plane  

   elevator        =   4.89029
   rudder          =   0.00000

   winc            =   2.50000
   keelmiss        =   0.00000
 ---------------------------------------------------------------

 Stability-axis derivatives...

                             alpha                beta
                  ----------------    ----------------
 z' force CL |    CLa =   5.810976    CLb =   0.000000
 y  force CY |    CYa =  -0.000000    CYb =  -1.630584
 x' mom.  Cl'|    Cla =   0.000000    Clb =   0.651952
 y  mom.  Cm |    Cma =  -4.944838    Cmb =  -0.000000
 z' mom.  Cn'|    Cna =   0.000000    Cnb =  -0.030334

                     roll rate  p'      pitch rate  q'        yaw rate  r'
                  ----------------    ----------------    ----------------
 z' force CL |    CLp =   0.000000    CLq =  28.253439    CLr =  -0.000000
 y  force CY |    CYp =   1.326770    CYq =   0.000000    CYr =   0.580336
 x' mom.  Cl'|    Clp =  -1.177087    Clq =  -0.000000    Clr =  -0.136160
 y  mom.  Cm |    Cmp =  -0.000000    Cmq =-181.057480    Cmr =   0.000000
 z' mom.  Cn'|    Cnp =  -0.014487    Cnq =  -0.000000    Cnr =  -0.650594

                  elevator     d1     rudder       d2 
                  ----------------    ----------------
 z' force CL |   CLd1 =   0.005885   CLd2 =  -0.000000
 y  force CY |   CYd1 =   0.000000   CYd2 =  -0.001845
 x' mom.  Cl'|   Cld1 =  -0.000000   Cld2 =   0.000767
 y  mom.  Cm |   Cmd1 =   0.088040   Cmd2 =  -0.000000
 z' mom.  Cn'|   Cnd1 =   0.000000   Cnd2 =  -0.004764
 Trefftz drag| CDffd1 =   0.000251 CDffd2 =  -0.000000
 span eff.   |    ed1 =  -0.086535    ed2 =   0.000000



                  winc         g1     keelmiss     g2 
                  ----------------    ----------------
 z' force CL |   CLg1 =   0.095019   CLg2 =  -0.000000
 y  force CY |   CYg1 =   0.000000   CYg2 =  -0.025702
 x' mom.  Cl'|   Clg1 =   0.000000   Clg2 =   0.010061
 y  mom.  Cm |   Cmg1 =  -0.143193   Cmg2 =   0.000000
 z' mom.  Cn'|   Cng1 =   0.000000   Cng2 =   0.004610
 Trefftz drag| CDffg1 =   0.000750 CDffg2 =  -0.000000
 span eff.   |    eg1 =   0.211620    eg2 =   0.000000



 Neutral point  Xnp =  -0.038995

 Clb Cnr / Clr Cnb  =-102.695386    (  > 1 if spirally stable )
