 ---------------------------------------------------------------
 Surface Forces (referred to Sref,Cref,Bref about Xref,Yref,Zref)
 Standard axis orientation,  X fwd, Z down         

     Sref =  0.1910       Cref =    0.1110   Bref =    1.8000
     Xref =     -0.1335   Yref =    0.0000   Zref =    0.9850

 n      Area      CL      CD      Cm      CY      Cn      Cl     CDi     CDv
 1     0.095  0.0904  0.0060 -0.2824  0.0005  0.0026 -0.0200  0.0004  0.0056   Wing
 2     0.095  0.0904  0.0060 -0.2824 -0.0005 -0.0026  0.0200  0.0004  0.0056   Wing (YDUP)
 3     0.094  0.0000  0.0034 -0.0204  0.0000 -0.0000 -0.0000  0.0000  0.0034   Quilha
 4     0.009  0.0164  0.0010  0.1853  0.0000  0.0001 -0.0007  0.0003  0.0007   Canard
 5     0.009  0.0164  0.0010  0.1853 -0.0000 -0.0001  0.0007  0.0003  0.0007   Canard (YDUP)
 6     0.018  0.0000  0.0006 -0.0039  0.0000  0.0000 -0.0000  0.0000  0.0006   Leme

 Surface Forces (referred to Ssurf, Cave about root LE on hinge axis)

   n     Ssurf      Cave       cl       cd      cdv    cm_LE
   1     0.095     0.106   0.1810   0.0119   0.0112   0.0000  Wing
   2     0.095     0.106   0.1810   0.0119   0.0112   0.0000  Wing (YDUP)
   3     0.094     0.187  -0.0000   0.0070   0.0070   0.0000  Quilha
   4     0.009     0.051   0.3474   0.0214   0.0158   0.0000  Canard
   5     0.009     0.051   0.3474   0.0214   0.0158   0.0000  Canard (YDUP)
   6     0.018     0.060  -0.0000   0.0068   0.0069   0.0000  Leme
 ---------------------------------------------------------------
