 ---------------------------------------------------------------
 Surface Forces (referred to Sref,Cref,Bref about Xref,Yref,Zref)
 Standard axis orientation,  X fwd, Z down         

     Sref =  0.1910       Cref =    0.1110   Bref =    1.8000
     Xref =     -0.1335   Yref =    0.0000   Zref =    0.9850

 n      Area      CL      CD      Cm      CY      Cn      Cl     CDi     CDv
 1     0.095  0.2555  0.0065 -0.5014  0.0006  0.0017 -0.0561  0.0030  0.0036   Wing
 2     0.095  0.2555  0.0065 -0.5014 -0.0006 -0.0017  0.0561  0.0030  0.0036   Wing (YDUP)
 3     0.094 -0.0000  0.0034 -0.0211  0.0000 -0.0000 -0.0000  0.0000  0.0034   Quilha
 4     0.009  0.0327  0.0018  0.3880  0.0000  0.0001 -0.0014  0.0010  0.0007   Canard
 5     0.009  0.0327  0.0018  0.3880 -0.0000 -0.0001  0.0014  0.0010  0.0007   Canard (YDUP)
 6     0.018  0.0000  0.0006 -0.0035  0.0000  0.0000 -0.0000  0.0000  0.0006   Leme

 Surface Forces (referred to Ssurf, Cave about root LE on hinge axis)

   n     Ssurf      Cave       cl       cd      cdv    cm_LE
   1     0.095     0.106   0.5117   0.0131   0.0071   0.0000  Wing
   2     0.095     0.106   0.5117   0.0131   0.0071   0.0000  Wing (YDUP)
   3     0.094     0.187  -0.0000   0.0070   0.0070   0.0000  Quilha
   4     0.009     0.051   0.6914   0.0370   0.0150   0.0000  Canard
   5     0.009     0.051   0.6914   0.0370   0.0150   0.0000  Canard (YDUP)
   6     0.018     0.060  -0.0000   0.0068   0.0069   0.0000  Leme
 ---------------------------------------------------------------
